[ 2016-07-03T17:37:27+08:00 ] 172.17.0.1 /User/dashborad
INFO: [ app_init ] --START--
INFO: Run Behavior\BuildLiteBehavior [ RunTime:0.000019s ]
INFO: [ app_init ] --END-- [ RunTime:0.009029s ]
INFO: [ app_begin ] --START--
INFO: Run Behavior\ReadHtmlCacheBehavior [ RunTime:0.007811s ]
INFO: Run Behavior\CheckLangBehavior [ RunTime:0.051698s ]
INFO: [ app_begin ] --END-- [ RunTime:0.059639s ]
INFO: [ action_begin ] --START--
INFO: Run Home\Behaviors\UserTokenBehavior [ RunTime:0.783081s ]
INFO: [ action_begin ] --END-- [ RunTime:0.783230s ]
SQL: SHOW COLUMNS FROM `booking` [ RunTime:0.0931s ]
SQL: SELECT * FROM `booking` WHERE `user` = 1248613  [ RunTime:0.0656s ]
INFO: [ view_parse ] --START--
INFO: [ template_filter ] --START--
INFO: Run Behavior\ContentReplaceBehavior [ RunTime:0.000047s ]
INFO: [ template_filter ] --END-- [ RunTime:0.000098s ]
INFO: Run Behavior\ParseTemplateBehavior [ RunTime:0.099944s ]
INFO: [ view_parse ] --END-- [ RunTime:0.100010s ]
INFO: [ view_filter ] --START--
INFO: Run Behavior\WriteHtmlCacheBehavior [ RunTime:0.005352s ]
INFO: [ view_filter ] --END-- [ RunTime:0.005411s ]
INFO: [ app_end ] --START--
INFO: Run Behavior\ShowPageTraceBehavior [ RunTime:0.011192s ]
INFO: [ app_end ] --END-- [ RunTime:0.011249s ]

[ 2016-07-03T17:37:29+08:00 ] 172.17.0.1 /favicon.ico
INFO: [ app_init ] --START--
INFO: Run Behavior\BuildLiteBehavior [ RunTime:0.000020s ]
INFO: [ app_init ] --END-- [ RunTime:0.000177s ]

[ 2016-07-03T17:37:34+08:00 ] 172.17.0.1 /Admin/event
INFO: [ app_init ] --START--
INFO: Run Behavior\BuildLiteBehavior [ RunTime:0.000011s ]
INFO: [ app_init ] --END-- [ RunTime:0.000083s ]
INFO: [ app_begin ] --START--
INFO: Run Behavior\ReadHtmlCacheBehavior [ RunTime:0.000045s ]
INFO: Run Behavior\CheckLangBehavior [ RunTime:0.007169s ]
INFO: [ app_begin ] --END-- [ RunTime:0.007294s ]
INFO: [ action_begin ] --START--
INFO: Run Home\Behaviors\UserTokenBehavior [ RunTime:0.797644s ]
INFO: [ action_begin ] --END-- [ RunTime:0.797742s ]
SQL: SHOW COLUMNS FROM `event` [ RunTime:0.0021s ]
SQL: SELECT `id`,`title`,`type`,`status`,`author` FROM `event` ORDER BY endtime desc  [ RunTime:0.0006s ]
INFO: [ view_parse ] --START--
INFO: [ template_filter ] --START--
INFO: Run Behavior\ContentReplaceBehavior [ RunTime:0.000048s ]
INFO: [ template_filter ] --END-- [ RunTime:0.000097s ]
INFO: Run Behavior\ParseTemplateBehavior [ RunTime:0.034880s ]
INFO: [ view_parse ] --END-- [ RunTime:0.034976s ]
INFO: [ view_filter ] --START--
INFO: Run Behavior\WriteHtmlCacheBehavior [ RunTime:0.000058s ]
INFO: [ view_filter ] --END-- [ RunTime:0.000091s ]
INFO: [ app_end ] --START--
INFO: Run Behavior\ShowPageTraceBehavior [ RunTime:0.000059s ]
INFO: [ app_end ] --END-- [ RunTime:0.000094s ]

[ 2016-07-03T17:37:39+08:00 ] 172.17.0.1 /Event/view/2
INFO: [ app_init ] --START--
INFO: Run Behavior\BuildLiteBehavior [ RunTime:0.000011s ]
INFO: [ app_init ] --END-- [ RunTime:0.000077s ]
INFO: [ app_begin ] --START--
INFO: Run Behavior\ReadHtmlCacheBehavior [ RunTime:0.000036s ]
INFO: Run Behavior\CheckLangBehavior [ RunTime:0.014986s ]
INFO: [ app_begin ] --END-- [ RunTime:0.015128s ]
INFO: [ action_begin ] --START--
INFO: Run Home\Behaviors\UserTokenBehavior [ RunTime:1.185367s ]
INFO: [ action_begin ] --END-- [ RunTime:1.185470s ]
SQL: SHOW COLUMNS FROM `event` [ RunTime:0.0012s ]
SQL: SELECT * FROM `event` WHERE `id` = 2 LIMIT 1   [ RunTime:0.0093s ]
SQL: UPDATE `event` SET `status`='2' WHERE `id` = 2 [ RunTime:0.0202s ]
NOTIC: [8] Undefined index: zh-cn /home/Application/Home/Model/EventModel.class.php 第 21 行.
INFO: [ view_parse ] --START--
INFO: [ template_filter ] --START--
INFO: Run Behavior\ContentReplaceBehavior [ RunTime:0.000048s ]
INFO: [ template_filter ] --END-- [ RunTime:0.000101s ]
INFO: Run Behavior\ParseTemplateBehavior [ RunTime:0.648142s ]
INFO: [ view_parse ] --END-- [ RunTime:0.648216s ]
INFO: [ view_filter ] --START--
INFO: Run Behavior\WriteHtmlCacheBehavior [ RunTime:0.000078s ]
INFO: [ view_filter ] --END-- [ RunTime:0.000125s ]
INFO: [ app_end ] --START--
INFO: Run Behavior\ShowPageTraceBehavior [ RunTime:0.000053s ]
INFO: [ app_end ] --END-- [ RunTime:0.000086s ]

[ 2016-07-03T17:37:45+08:00 ] 172.17.0.1 /Admin/event
INFO: [ app_init ] --START--
INFO: Run Behavior\BuildLiteBehavior [ RunTime:0.000015s ]
INFO: [ app_init ] --END-- [ RunTime:0.000110s ]
INFO: [ app_begin ] --START--
INFO: Run Behavior\ReadHtmlCacheBehavior [ RunTime:0.000071s ]
INFO: Run Behavior\CheckLangBehavior [ RunTime:0.000447s ]
INFO: [ app_begin ] --END-- [ RunTime:0.000634s ]
INFO: [ action_begin ] --START--
INFO: Run Home\Behaviors\UserTokenBehavior [ RunTime:0.757688s ]
INFO: [ action_begin ] --END-- [ RunTime:0.757777s ]
SQL: SHOW COLUMNS FROM `event` [ RunTime:0.0007s ]
SQL: SELECT `id`,`title`,`type`,`status`,`author` FROM `event` ORDER BY endtime desc  [ RunTime:0.0003s ]
INFO: [ view_parse ] --START--
INFO: [ template_filter ] --START--
INFO: Run Behavior\ContentReplaceBehavior [ RunTime:0.000042s ]
INFO: [ template_filter ] --END-- [ RunTime:0.000087s ]
INFO: Run Behavior\ParseTemplateBehavior [ RunTime:0.007067s ]
INFO: [ view_parse ] --END-- [ RunTime:0.007123s ]
INFO: [ view_filter ] --START--
INFO: Run Behavior\WriteHtmlCacheBehavior [ RunTime:0.000051s ]
INFO: [ view_filter ] --END-- [ RunTime:0.000082s ]
INFO: [ app_end ] --START--
INFO: Run Behavior\ShowPageTraceBehavior [ RunTime:0.000043s ]
INFO: [ app_end ] --END-- [ RunTime:0.000076s ]

[ 2016-07-03T09:37:47+00:00 ] 172.17.0.1 /Event/post/2
INFO: [ app_init ] --START--
INFO: Run Behavior\BuildLiteBehavior [ RunTime:0.000012s ]
INFO: [ app_init ] --END-- [ RunTime:0.000081s ]
INFO: [ app_begin ] --START--
INFO: Run Behavior\ReadHtmlCacheBehavior [ RunTime:0.000037s ]
INFO: Run Behavior\CheckLangBehavior [ RunTime:0.000225s ]
INFO: [ app_begin ] --END-- [ RunTime:0.000315s ]
INFO: [ action_begin ] --START--
INFO: Run Home\Behaviors\UserTokenBehavior [ RunTime:0.728603s ]
INFO: [ action_begin ] --END-- [ RunTime:0.728670s ]
SQL: SHOW COLUMNS FROM `event` [ RunTime:0.0007s ]
SQL: SELECT * FROM `event` WHERE `id` = 2 LIMIT 1   [ RunTime:0.0003s ]
INFO: [ view_parse ] --START--
INFO: [ template_filter ] --START--
INFO: Run Behavior\ContentReplaceBehavior [ RunTime:0.000077s ]
INFO: [ template_filter ] --END-- [ RunTime:0.000128s ]
INFO: Run Behavior\ParseTemplateBehavior [ RunTime:0.024426s ]
INFO: [ view_parse ] --END-- [ RunTime:0.024480s ]
INFO: [ view_filter ] --START--
INFO: Run Behavior\WriteHtmlCacheBehavior [ RunTime:0.000072s ]
INFO: [ view_filter ] --END-- [ RunTime:0.000123s ]
INFO: [ app_end ] --START--
INFO: Run Behavior\ShowPageTraceBehavior [ RunTime:0.000077s ]
INFO: [ app_end ] --END-- [ RunTime:0.000124s ]

[ 2016-07-03T17:37:54+08:00 ] 172.17.0.1 /Event/submit/2
INFO: [ app_init ] --START--
INFO: Run Behavior\BuildLiteBehavior [ RunTime:0.000016s ]
INFO: [ app_init ] --END-- [ RunTime:0.000136s ]
INFO: [ app_begin ] --START--
INFO: Run Behavior\ReadHtmlCacheBehavior [ RunTime:0.000049s ]
INFO: Run Behavior\CheckLangBehavior [ RunTime:0.000283s ]
INFO: [ app_begin ] --END-- [ RunTime:0.000388s ]
INFO: [ action_begin ] --START--
INFO: Run Home\Behaviors\UserTokenBehavior [ RunTime:0.725710s ]
INFO: [ action_begin ] --END-- [ RunTime:0.725835s ]
SQL: SHOW COLUMNS FROM `event` [ RunTime:0.0011s ]
NOTIC: [8] Undefined index: id /home/Application/Home/Controller/EventController.class.php 第 80 行.
SQL: SHOW COLUMNS FROM `event` [ RunTime:0.0008s ]
SQL: UPDATE `event` SET `type`='2',`title`='{\"zh-cn\":\"\\u3010Leg8\\u3011Tour of China 2016 & \\u73af\\u4e2d\\u56fd 2016 \\u77f3\\u5bb6\\u5e84-\\u957f\\u6625\",\"en-us\":\"\\u3010Leg8\\u3011Tour of China 2016 & \\u73af\\u4e2d\\u56fd 2016 \\u77f3\\u5bb6\\u5e84-\\u957f\\u6625\"}',`detail`='{\"zh-cn\":\"\",\"en-us\":\"\"}',`banner`='http://forum.vatprc.net/uploads/monthly_06_2016/post-577-0-35561900-1467004935.png',`starttime`='1467460800',`endtime`='1469894400',`route`='[[\"ZBSJ - ZYCC\",\"JB B215 VYK W41 CDY G212 TGO\"]]',`notams`='[]',`controllers`='[]',`status`='4' WHERE `id` = 2 [ RunTime:0.0007s ]
INFO: [ app_end ] --START--
INFO: Run Behavior\ShowPageTraceBehavior [ RunTime:0.000146s ]
INFO: [ app_end ] --END-- [ RunTime:0.000217s ]

[ 2016-07-03T17:37:56+08:00 ] 172.17.0.1 /Admin/event
INFO: [ app_init ] --START--
INFO: Run Behavior\BuildLiteBehavior [ RunTime:0.000019s ]
INFO: [ app_init ] --END-- [ RunTime:0.000112s ]
INFO: [ app_begin ] --START--
INFO: Run Behavior\ReadHtmlCacheBehavior [ RunTime:0.000046s ]
INFO: Run Behavior\CheckLangBehavior [ RunTime:0.000335s ]
INFO: [ app_begin ] --END-- [ RunTime:0.000460s ]
INFO: [ action_begin ] --START--
INFO: Run Home\Behaviors\UserTokenBehavior [ RunTime:0.721515s ]
INFO: [ action_begin ] --END-- [ RunTime:0.721599s ]
SQL: SHOW COLUMNS FROM `event` [ RunTime:0.0007s ]
SQL: SELECT `id`,`title`,`type`,`status`,`author` FROM `event` ORDER BY endtime desc  [ RunTime:0.0003s ]
INFO: [ view_parse ] --START--
INFO: [ template_filter ] --START--
INFO: Run Behavior\ContentReplaceBehavior [ RunTime:0.000072s ]
INFO: [ template_filter ] --END-- [ RunTime:0.000131s ]
INFO: Run Behavior\ParseTemplateBehavior [ RunTime:0.008572s ]
INFO: [ view_parse ] --END-- [ RunTime:0.008637s ]
INFO: [ view_filter ] --START--
INFO: Run Behavior\WriteHtmlCacheBehavior [ RunTime:0.000052s ]
INFO: [ view_filter ] --END-- [ RunTime:0.000082s ]
INFO: [ app_end ] --START--
INFO: Run Behavior\ShowPageTraceBehavior [ RunTime:0.000041s ]
INFO: [ app_end ] --END-- [ RunTime:0.000074s ]

[ 2016-07-03T17:38:02+08:00 ] 172.17.0.1 /Admin/event
INFO: [ app_init ] --START--
INFO: Run Behavior\BuildLiteBehavior [ RunTime:0.000016s ]
INFO: [ app_init ] --END-- [ RunTime:0.000107s ]
INFO: [ app_begin ] --START--
INFO: Run Behavior\ReadHtmlCacheBehavior [ RunTime:0.000048s ]
INFO: Run Behavior\CheckLangBehavior [ RunTime:0.000406s ]
INFO: [ app_begin ] --END-- [ RunTime:0.000560s ]
INFO: [ action_begin ] --START--
INFO: Run Home\Behaviors\UserTokenBehavior [ RunTime:0.721815s ]
INFO: [ action_begin ] --END-- [ RunTime:0.721904s ]
SQL: SHOW COLUMNS FROM `event` [ RunTime:0.0006s ]
SQL: SELECT `id`,`title`,`type`,`status`,`author` FROM `event` ORDER BY endtime desc  [ RunTime:0.0003s ]
INFO: [ view_parse ] --START--
INFO: [ template_filter ] --START--
INFO: Run Behavior\ContentReplaceBehavior [ RunTime:0.000076s ]
INFO: [ template_filter ] --END-- [ RunTime:0.000151s ]
INFO: Run Behavior\ParseTemplateBehavior [ RunTime:0.011928s ]
INFO: [ view_parse ] --END-- [ RunTime:0.012017s ]
INFO: [ view_filter ] --START--
INFO: Run Behavior\WriteHtmlCacheBehavior [ RunTime:0.000071s ]
INFO: [ view_filter ] --END-- [ RunTime:0.000123s ]
INFO: [ app_end ] --START--
INFO: Run Behavior\ShowPageTraceBehavior [ RunTime:0.000060s ]
INFO: [ app_end ] --END-- [ RunTime:0.000100s ]

[ 2016-07-03T17:38:14+08:00 ] 172.17.0.1 /Event/view/2
INFO: [ app_init ] --START--
INFO: Run Behavior\BuildLiteBehavior [ RunTime:0.000016s ]
INFO: [ app_init ] --END-- [ RunTime:0.000119s ]
INFO: [ app_begin ] --START--
INFO: Run Behavior\ReadHtmlCacheBehavior [ RunTime:0.000050s ]
INFO: Run Behavior\CheckLangBehavior [ RunTime:0.000427s ]
INFO: [ app_begin ] --END-- [ RunTime:0.000553s ]
INFO: [ action_begin ] --START--
INFO: Run Home\Behaviors\UserTokenBehavior [ RunTime:0.710205s ]
INFO: [ action_begin ] --END-- [ RunTime:0.710383s ]
SQL: SHOW COLUMNS FROM `event` [ RunTime:0.0007s ]
SQL: SELECT * FROM `event` WHERE `id` = 2 LIMIT 1   [ RunTime:0.0003s ]
SQL: UPDATE `event` SET `status`='4' WHERE `id` = 2 [ RunTime:0.0003s ]
NOTIC: [8] Undefined index: zh-cn /home/Application/Home/Model/EventModel.class.php 第 21 行.
INFO: [ view_parse ] --START--
INFO: [ template_filter ] --START--
INFO: Run Behavior\ContentReplaceBehavior [ RunTime:0.000055s ]
INFO: [ template_filter ] --END-- [ RunTime:0.000108s ]
INFO: Run Behavior\ParseTemplateBehavior [ RunTime:0.012355s ]
INFO: [ view_parse ] --END-- [ RunTime:0.012412s ]
INFO: [ view_filter ] --START--
INFO: Run Behavior\WriteHtmlCacheBehavior [ RunTime:0.000052s ]
INFO: [ view_filter ] --END-- [ RunTime:0.000083s ]
INFO: [ app_end ] --START--
INFO: Run Behavior\ShowPageTraceBehavior [ RunTime:0.000061s ]
INFO: [ app_end ] --END-- [ RunTime:0.000094s ]

[ 2016-07-03T17:38:20+08:00 ] 172.17.0.1 /Booking/2
INFO: [ app_init ] --START--
INFO: Run Behavior\BuildLiteBehavior [ RunTime:0.000011s ]
INFO: [ app_init ] --END-- [ RunTime:0.000081s ]
INFO: [ app_begin ] --START--
INFO: Run Behavior\ReadHtmlCacheBehavior [ RunTime:0.000036s ]
INFO: Run Behavior\CheckLangBehavior [ RunTime:0.000177s ]
INFO: [ app_begin ] --END-- [ RunTime:0.000266s ]
INFO: [ action_begin ] --START--
INFO: Run Home\Behaviors\UserTokenBehavior [ RunTime:0.725452s ]
INFO: [ action_begin ] --END-- [ RunTime:0.725525s ]
SQL: SHOW COLUMNS FROM `event` [ RunTime:0.0007s ]
SQL: SELECT * FROM `event` WHERE `id` = 2 LIMIT 1   [ RunTime:0.0003s ]
SQL: UPDATE `event` SET `status`='4' WHERE `id` = 2 [ RunTime:0.0002s ]
NOTIC: [8] Undefined index: zh-cn /home/Application/Home/Model/EventModel.class.php 第 21 行.
SQL: SHOW COLUMNS FROM `booking` [ RunTime:0.0008s ]
SQL: SELECT * FROM `booking` WHERE `eid` = 2 ORDER BY pushtime asc  [ RunTime:0.0003s ]
SQL: SELECT `id`,`callsign` FROM `booking` WHERE `eid` = 2 AND `user` = 1248613 LIMIT 1   [ RunTime:0.0003s ]
NOTIC: [8] Undefined variable: type /home/Application/Home/Controller/BookingController.class.php 第 41 行.
INFO: [ view_parse ] --START--
INFO: [ template_filter ] --START--
INFO: Run Behavior\ContentReplaceBehavior [ RunTime:0.000055s ]
INFO: [ template_filter ] --END-- [ RunTime:0.000105s ]
INFO: Run Behavior\ParseTemplateBehavior [ RunTime:0.024583s ]
INFO: [ view_parse ] --END-- [ RunTime:0.024633s ]
INFO: [ view_filter ] --START--
INFO: Run Behavior\WriteHtmlCacheBehavior [ RunTime:0.000048s ]
INFO: [ view_filter ] --END-- [ RunTime:0.000078s ]
INFO: [ app_end ] --START--
INFO: Run Behavior\ShowPageTraceBehavior [ RunTime:0.000068s ]
INFO: [ app_end ] --END-- [ RunTime:0.000118s ]

[ 2016-07-03T17:38:33+08:00 ] 172.17.0.1 /Booking/book/7
INFO: [ app_init ] --START--
INFO: Run Behavior\BuildLiteBehavior [ RunTime:0.000018s ]
INFO: [ app_init ] --END-- [ RunTime:0.000144s ]
INFO: [ app_begin ] --START--
INFO: Run Behavior\ReadHtmlCacheBehavior [ RunTime:0.000079s ]
INFO: Run Behavior\CheckLangBehavior [ RunTime:0.000210s ]
INFO: [ app_begin ] --END-- [ RunTime:0.000367s ]
INFO: [ action_begin ] --START--
INFO: Run Home\Behaviors\UserTokenBehavior [ RunTime:1.181579s ]
INFO: [ action_begin ] --END-- [ RunTime:1.181662s ]
SQL: SHOW COLUMNS FROM `booking` [ RunTime:0.0011s ]
SQL: SELECT * FROM `booking` WHERE `id` = 7 LIMIT 1   [ RunTime:0.0005s ]
SQL: UPDATE `booking` SET `eid`='2',`type`='0',`callsign`='CCA002',`user`='1248613',`dep`='ZUGY',`arr`='ZJSY',`route`='ESNIB B330 MAMSI R343 WUY R339 BHY W70 NYB G221 GIVIL',`pushtime`='0' WHERE `id` = 7 [ RunTime:0.0006s ]
SQL: SELECT * FROM `booking` WHERE `id` = 7 LIMIT 1   [ RunTime:0.0004s ]
SQL: SHOW COLUMNS FROM `event` [ RunTime:0.0009s ]
SQL: SELECT * FROM `event` WHERE `id` = 2 LIMIT 1   [ RunTime:0.0003s ]
INFO: [ view_parse ] --START--
INFO: [ template_filter ] --START--
INFO: Run Behavior\ContentReplaceBehavior [ RunTime:0.000027s ]
INFO: [ template_filter ] --END-- [ RunTime:0.000074s ]
INFO: Run Behavior\ParseTemplateBehavior [ RunTime:0.008417s ]
INFO: [ view_parse ] --END-- [ RunTime:0.008464s ]
INFO: [ view_filter ] --START--
INFO: Run Behavior\WriteHtmlCacheBehavior [ RunTime:0.000049s ]
INFO: [ view_filter ] --END-- [ RunTime:0.000075s ]
INFO: [ app_end ] --START--
INFO: Run Behavior\ShowPageTraceBehavior [ RunTime:0.000060s ]
INFO: [ app_end ] --END-- [ RunTime:0.000087s ]

[ 2016-07-03T17:38:37+08:00 ] 172.17.0.1 /Booking/2
INFO: [ app_init ] --START--
INFO: Run Behavior\BuildLiteBehavior [ RunTime:0.000018s ]
INFO: [ app_init ] --END-- [ RunTime:0.000132s ]
INFO: [ app_begin ] --START--
INFO: Run Behavior\ReadHtmlCacheBehavior [ RunTime:0.000082s ]
INFO: Run Behavior\CheckLangBehavior [ RunTime:0.000447s ]
INFO: [ app_begin ] --END-- [ RunTime:0.000648s ]
INFO: [ action_begin ] --START--
INFO: Run Home\Behaviors\UserTokenBehavior [ RunTime:0.721424s ]
INFO: [ action_begin ] --END-- [ RunTime:0.721520s ]
SQL: SHOW COLUMNS FROM `event` [ RunTime:0.0009s ]
SQL: SELECT * FROM `event` WHERE `id` = 2 LIMIT 1   [ RunTime:0.0003s ]
SQL: UPDATE `event` SET `status`='4' WHERE `id` = 2 [ RunTime:0.0002s ]
NOTIC: [8] Undefined index: zh-cn /home/Application/Home/Model/EventModel.class.php 第 21 行.
SQL: SHOW COLUMNS FROM `booking` [ RunTime:0.0007s ]
SQL: SELECT * FROM `booking` WHERE `eid` = 2 ORDER BY pushtime asc  [ RunTime:0.0003s ]
SQL: SELECT `id`,`callsign` FROM `booking` WHERE `eid` = 2 AND `user` = 1248613 LIMIT 1   [ RunTime:0.0002s ]
NOTIC: [8] Undefined variable: type /home/Application/Home/Controller/BookingController.class.php 第 41 行.
INFO: [ view_parse ] --START--
INFO: [ template_filter ] --START--
INFO: Run Behavior\ContentReplaceBehavior [ RunTime:0.000110s ]
INFO: [ template_filter ] --END-- [ RunTime:0.000232s ]
INFO: Run Behavior\ParseTemplateBehavior [ RunTime:0.011336s ]
INFO: [ view_parse ] --END-- [ RunTime:0.011436s ]
INFO: [ view_filter ] --START--
INFO: Run Behavior\WriteHtmlCacheBehavior [ RunTime:0.000082s ]
INFO: [ view_filter ] --END-- [ RunTime:0.000130s ]
INFO: [ app_end ] --START--
INFO: Run Behavior\ShowPageTraceBehavior [ RunTime:0.000141s ]
INFO: [ app_end ] --END-- [ RunTime:0.000225s ]

[ 2016-07-03T17:39:27+08:00 ] 172.17.0.1 /Admin/event
INFO: [ app_init ] --START--
INFO: Run Behavior\BuildLiteBehavior [ RunTime:0.000015s ]
INFO: [ app_init ] --END-- [ RunTime:0.000126s ]
INFO: [ app_begin ] --START--
INFO: Run Behavior\ReadHtmlCacheBehavior [ RunTime:0.000051s ]
INFO: Run Behavior\CheckLangBehavior [ RunTime:0.000278s ]
INFO: [ app_begin ] --END-- [ RunTime:0.000388s ]
INFO: [ action_begin ] --START--
INFO: Run Home\Behaviors\UserTokenBehavior [ RunTime:0.735706s ]
INFO: [ action_begin ] --END-- [ RunTime:0.735788s ]
SQL: SHOW COLUMNS FROM `event` [ RunTime:0.0007s ]
SQL: SELECT `id`,`title`,`type`,`status`,`author` FROM `event` ORDER BY endtime desc  [ RunTime:0.0002s ]
INFO: [ view_parse ] --START--
INFO: [ template_filter ] --START--
INFO: Run Behavior\ContentReplaceBehavior [ RunTime:0.000046s ]
INFO: [ template_filter ] --END-- [ RunTime:0.000092s ]
INFO: Run Behavior\ParseTemplateBehavior [ RunTime:0.007790s ]
INFO: [ view_parse ] --END-- [ RunTime:0.007856s ]
INFO: [ view_filter ] --START--
INFO: Run Behavior\WriteHtmlCacheBehavior [ RunTime:0.000052s ]
INFO: [ view_filter ] --END-- [ RunTime:0.000084s ]
INFO: [ app_end ] --START--
INFO: Run Behavior\ShowPageTraceBehavior [ RunTime:0.000057s ]
INFO: [ app_end ] --END-- [ RunTime:0.000093s ]

[ 2016-07-03T17:39:31+08:00 ] 172.17.0.1 /Event/view/1
INFO: [ app_init ] --START--
INFO: Run Behavior\BuildLiteBehavior [ RunTime:0.000019s ]
INFO: [ app_init ] --END-- [ RunTime:0.000116s ]
INFO: [ app_begin ] --START--
INFO: Run Behavior\ReadHtmlCacheBehavior [ RunTime:0.000053s ]
INFO: Run Behavior\CheckLangBehavior [ RunTime:0.000286s ]
INFO: [ app_begin ] --END-- [ RunTime:0.000403s ]
INFO: [ action_begin ] --START--
INFO: Run Home\Behaviors\UserTokenBehavior [ RunTime:0.719019s ]
INFO: [ action_begin ] --END-- [ RunTime:0.719099s ]
SQL: SHOW COLUMNS FROM `event` [ RunTime:0.0007s ]
SQL: SELECT * FROM `event` WHERE `id` = 1 LIMIT 1   [ RunTime:0.0003s ]
NOTIC: [2] Invalid argument supplied for foreach() /home/Application/Home/Controller/EventController.class.php 第 22 行.
INFO: [ view_parse ] --START--
INFO: [ template_filter ] --START--
INFO: Run Behavior\ContentReplaceBehavior [ RunTime:0.000055s ]
INFO: [ template_filter ] --END-- [ RunTime:0.000107s ]
INFO: Run Behavior\ParseTemplateBehavior [ RunTime:0.013889s ]
INFO: [ view_parse ] --END-- [ RunTime:0.013971s ]
INFO: [ view_filter ] --START--
INFO: Run Behavior\WriteHtmlCacheBehavior [ RunTime:0.000079s ]
INFO: [ view_filter ] --END-- [ RunTime:0.000125s ]
INFO: [ app_end ] --START--
INFO: Run Behavior\ShowPageTraceBehavior [ RunTime:0.000048s ]
INFO: [ app_end ] --END-- [ RunTime:0.000080s ]

[ 2016-07-03T09:39:37+00:00 ] 172.17.0.1 /Event/post/1
INFO: [ app_init ] --START--
INFO: Run Behavior\BuildLiteBehavior [ RunTime:0.000013s ]
INFO: [ app_init ] --END-- [ RunTime:0.000107s ]
INFO: [ app_begin ] --START--
INFO: Run Behavior\ReadHtmlCacheBehavior [ RunTime:0.000046s ]
INFO: Run Behavior\CheckLangBehavior [ RunTime:0.000328s ]
INFO: [ app_begin ] --END-- [ RunTime:0.000443s ]
INFO: [ action_begin ] --START--
INFO: Run Home\Behaviors\UserTokenBehavior [ RunTime:0.765761s ]
INFO: [ action_begin ] --END-- [ RunTime:0.765843s ]
SQL: SHOW COLUMNS FROM `event` [ RunTime:0.0009s ]
SQL: SELECT * FROM `event` WHERE `id` = 1 LIMIT 1   [ RunTime:0.0004s ]
INFO: [ view_parse ] --START--
INFO: [ template_filter ] --START--
INFO: Run Behavior\ContentReplaceBehavior [ RunTime:0.000079s ]
INFO: [ template_filter ] --END-- [ RunTime:0.000126s ]

[ 2016-07-03T09:39:52+00:00 ] 172.17.0.1 /Event/post/1
INFO: [ app_init ] --START--
INFO: Run Behavior\BuildLiteBehavior [ RunTime:0.000023s ]
INFO: [ app_init ] --END-- [ RunTime:0.000157s ]
INFO: [ app_begin ] --START--
INFO: Run Behavior\ReadHtmlCacheBehavior [ RunTime:0.000039s ]
INFO: Run Behavior\CheckLangBehavior [ RunTime:0.000246s ]
INFO: [ app_begin ] --END-- [ RunTime:0.000343s ]
INFO: [ action_begin ] --START--
INFO: Run Home\Behaviors\UserTokenBehavior [ RunTime:0.712862s ]
INFO: [ action_begin ] --END-- [ RunTime:0.712936s ]
SQL: SHOW COLUMNS FROM `event` [ RunTime:0.0006s ]
SQL: SELECT * FROM `event` WHERE `id` = 1 LIMIT 1   [ RunTime:0.0003s ]
INFO: [ view_parse ] --START--
INFO: [ template_filter ] --START--
INFO: Run Behavior\ContentReplaceBehavior [ RunTime:0.000087s ]
INFO: [ template_filter ] --END-- [ RunTime:0.000140s ]
NOTIC: [8] Undefined variable: json_decode /home/Application/Runtime/Cache/Home/8dbda9daef99aac5d7de2f632245e222.php 第 314 行.

[ 2016-07-03T09:40:03+00:00 ] 172.17.0.1 /Event/post/1
INFO: [ app_init ] --START--
INFO: Run Behavior\BuildLiteBehavior [ RunTime:0.000021s ]
INFO: [ app_init ] --END-- [ RunTime:0.000149s ]
INFO: [ app_begin ] --START--
INFO: Run Behavior\ReadHtmlCacheBehavior [ RunTime:0.000082s ]
INFO: Run Behavior\CheckLangBehavior [ RunTime:0.000448s ]
INFO: [ app_begin ] --END-- [ RunTime:0.000667s ]
INFO: [ action_begin ] --START--
INFO: Run Home\Behaviors\UserTokenBehavior [ RunTime:0.717532s ]
INFO: [ action_begin ] --END-- [ RunTime:0.717621s ]
SQL: SHOW COLUMNS FROM `event` [ RunTime:0.0007s ]
SQL: SELECT * FROM `event` WHERE `id` = 1 LIMIT 1   [ RunTime:0.0003s ]
INFO: [ view_parse ] --START--
INFO: [ template_filter ] --START--
INFO: Run Behavior\ContentReplaceBehavior [ RunTime:0.000084s ]
INFO: [ template_filter ] --END-- [ RunTime:0.000134s ]
NOTIC: [8] Undefined variable:  /home/Application/Runtime/Cache/Home/8dbda9daef99aac5d7de2f632245e222.php 第 314 行.
INFO: Run Behavior\ParseTemplateBehavior [ RunTime:0.016563s ]
INFO: [ view_parse ] --END-- [ RunTime:0.016613s ]
INFO: [ view_filter ] --START--
INFO: Run Behavior\WriteHtmlCacheBehavior [ RunTime:0.000060s ]
INFO: [ view_filter ] --END-- [ RunTime:0.000093s ]
INFO: [ app_end ] --START--
INFO: Run Behavior\ShowPageTraceBehavior [ RunTime:0.000069s ]
INFO: [ app_end ] --END-- [ RunTime:0.000106s ]

[ 2016-07-03T17:40:11+08:00 ] 172.17.0.1 /Event/submit/1
INFO: [ app_init ] --START--
INFO: Run Behavior\BuildLiteBehavior [ RunTime:0.000010s ]
INFO: [ app_init ] --END-- [ RunTime:0.000078s ]
INFO: [ app_begin ] --START--
INFO: Run Behavior\ReadHtmlCacheBehavior [ RunTime:0.000033s ]
INFO: Run Behavior\CheckLangBehavior [ RunTime:0.000246s ]
INFO: [ app_begin ] --END-- [ RunTime:0.000326s ]
INFO: [ action_begin ] --START--
INFO: Run Home\Behaviors\UserTokenBehavior [ RunTime:1.222931s ]
INFO: [ action_begin ] --END-- [ RunTime:1.222995s ]
SQL: SHOW COLUMNS FROM `event` [ RunTime:0.0006s ]
NOTIC: [8] Undefined index: id /home/Application/Home/Controller/EventController.class.php 第 80 行.
SQL: SHOW COLUMNS FROM `event` [ RunTime:0.0005s ]
SQL: UPDATE `event` SET `type`='2',`title`='{\"zh-cn\":\"\\u30102016-06-25\\u3011\\u6caa\\u6e2f\\u5feb\\u7ebf\",\"en-us\":\"\\u30102016-06-25\\u3011SHANGHAI - HONG KONG EXPRESS\"}',`detail`='{\"zh-cn\":\"\\u76db\\u590f\\u5df2\\u81f3\\uff0cVATPRC\\u4e0eVATSEA HK vACC\\u518d\\u5ea6\\u5408\\u4f5c\\u4e3e\\u529e\\u4e45\\u8fdd\\u7684\\u7ecf\\u5178\\u6d3b\\u52a8 &mdash; \\u6caa\\u6e2f\\u5feb\\u7ebf\\uff01\\u6b22\\u8fce\\u5404\\u4f4d\\u98de\\u53cb\\u8e0a\\u8dc3\\u53c2\\u52a0\\uff01\",\"en-us\":\"Hi all! VATSIM P.R. China Division and VATSIM Hong Kong vACC delightedly invite you to join our Shanghai - Hong Kong Express event again! Please feel free to join us with well-trained and friendly ATC controllers. See you on the scope!\"}',`banner`='http://forum.vatprc.net/uploads/monthly_06_2016/post-577-0-38468800-1466310137.png',`starttime`='1466856000',`endtime`='1466870400',`route`='[[\"ZSPD - VHHH\",\"HSN W13 BEGMO M503 LELIM V591 ABBEY\"],[\"VHHH - ZSPD\",\"LAKES V1 DOTMI A470 LJG B221 SHZ W58 BK\"]]',`notams`='{\"zh-cn\":[\"\\u6240\\u6709\\u673a\\u7ec4\\u5728M503\\u822a\\u7ebf PONEN \\u81f3 LELIM \\u822a\\u6bb5\\u5411\\u5357\\u8fd0\\u884c\\u65f6\\uff0c\\u5b9e\\u65bd\\u822a\\u8def\\u5411\\u53f36\\u6d77\\u91cc\\u7684\\u4fa7\\u5411\\u504f\\u7f6e\\u98de\\u884c\\u3002\\u5982\\u65e0\\u6cd5\\u6267\\u884c\\u822a\\u8def\\u504f\\u7f6e\\uff0c\\u8bf7\\u52a1\\u5fc5\\u901a\\u77e5\\u7ba1\\u5236\\u5458\\uff01\",\"\\u9999\\u6e2f\\u53ea\\u63d0\\u4f9b\\u82f1\\u6587\\u7ba1\\u5236\\u670d\\u52a1\\uff01\"],\"en-us\":[\"All aircraft shall establish a lateral offset at a distance of 6 nautical miles to the west side of M503 while operating from PONEN to LELIM.\",\"In case of aircraft without parallel offset function, pilot shall inform the relevant ATC unit of this situation before joining M503.\"]}',`controllers`='[[\"ZBAA_TWR\",\"0\"]]',`status`='2' WHERE `id` = 1 [ RunTime:0.0004s ]
INFO: [ app_end ] --START--
INFO: Run Behavior\ShowPageTraceBehavior [ RunTime:0.000074s ]
INFO: [ app_end ] --END-- [ RunTime:0.000114s ]

[ 2016-07-03T17:40:14+08:00 ] 172.17.0.1 /Admin/event
INFO: [ app_init ] --START--
INFO: Run Behavior\BuildLiteBehavior [ RunTime:0.000011s ]
INFO: [ app_init ] --END-- [ RunTime:0.000070s ]
INFO: [ app_begin ] --START--
INFO: Run Behavior\ReadHtmlCacheBehavior [ RunTime:0.000069s ]
INFO: Run Behavior\CheckLangBehavior [ RunTime:0.000498s ]
INFO: [ app_begin ] --END-- [ RunTime:0.000650s ]
INFO: [ action_begin ] --START--
INFO: Run Home\Behaviors\UserTokenBehavior [ RunTime:0.804127s ]
INFO: [ action_begin ] --END-- [ RunTime:0.804193s ]
SQL: SHOW COLUMNS FROM `event` [ RunTime:0.0005s ]
SQL: SELECT `id`,`title`,`type`,`status`,`author` FROM `event` ORDER BY endtime desc  [ RunTime:0.0003s ]
INFO: [ view_parse ] --START--
INFO: [ template_filter ] --START--
INFO: Run Behavior\ContentReplaceBehavior [ RunTime:0.000053s ]
INFO: [ template_filter ] --END-- [ RunTime:0.000106s ]
INFO: Run Behavior\ParseTemplateBehavior [ RunTime:0.008818s ]
INFO: [ view_parse ] --END-- [ RunTime:0.008940s ]
INFO: [ view_filter ] --START--
INFO: Run Behavior\WriteHtmlCacheBehavior [ RunTime:0.000051s ]
INFO: [ view_filter ] --END-- [ RunTime:0.000083s ]
INFO: [ app_end ] --START--
INFO: Run Behavior\ShowPageTraceBehavior [ RunTime:0.000044s ]
INFO: [ app_end ] --END-- [ RunTime:0.000079s ]

[ 2016-07-03T17:40:16+08:00 ] 172.17.0.1 /User/dashborad
INFO: [ app_init ] --START--
INFO: Run Behavior\BuildLiteBehavior [ RunTime:0.000011s ]
INFO: [ app_init ] --END-- [ RunTime:0.000081s ]
INFO: [ app_begin ] --START--
INFO: Run Behavior\ReadHtmlCacheBehavior [ RunTime:0.000034s ]
INFO: Run Behavior\CheckLangBehavior [ RunTime:0.000284s ]
INFO: [ app_begin ] --END-- [ RunTime:0.000390s ]
INFO: [ action_begin ] --START--
INFO: Run Home\Behaviors\UserTokenBehavior [ RunTime:0.703789s ]
INFO: [ action_begin ] --END-- [ RunTime:0.703910s ]
SQL: SHOW COLUMNS FROM `booking` [ RunTime:0.0006s ]
SQL: SELECT * FROM `booking` WHERE `user` = 1248613  [ RunTime:0.0003s ]
INFO: [ view_parse ] --START--
INFO: [ template_filter ] --START--
INFO: Run Behavior\ContentReplaceBehavior [ RunTime:0.000052s ]
INFO: [ template_filter ] --END-- [ RunTime:0.000100s ]
NOTIC: [8] Use of undefined constant eid - assumed 'eid' /home/Application/Runtime/Cache/Home/c66e261491dbcadc1fc105ef8a5da32e.php 第 182 行.
NOTIC: [8] Array to string conversion /home/Application/Runtime/Cache/Home/c66e261491dbcadc1fc105ef8a5da32e.php 第 182 行.
SQL: SHOW COLUMNS FROM `event` [ RunTime:0.0006s ]
SQL: SELECT * FROM `event` WHERE `id` = 0 LIMIT 1   [ RunTime:0.0002s ]
INFO: Run Behavior\ParseTemplateBehavior [ RunTime:0.009632s ]
INFO: [ view_parse ] --END-- [ RunTime:0.009673s ]
INFO: [ view_filter ] --START--
INFO: Run Behavior\WriteHtmlCacheBehavior [ RunTime:0.000051s ]
INFO: [ view_filter ] --END-- [ RunTime:0.000081s ]
INFO: [ app_end ] --START--
INFO: Run Behavior\ShowPageTraceBehavior [ RunTime:0.000047s ]
INFO: [ app_end ] --END-- [ RunTime:0.000079s ]

[ 2016-07-03T09:40:20+00:00 ] 172.17.0.1 /Event/post/1
INFO: [ app_init ] --START--
INFO: Run Behavior\BuildLiteBehavior [ RunTime:0.000014s ]
INFO: [ app_init ] --END-- [ RunTime:0.000108s ]
INFO: [ app_begin ] --START--
INFO: Run Behavior\ReadHtmlCacheBehavior [ RunTime:0.000049s ]
INFO: Run Behavior\CheckLangBehavior [ RunTime:0.000332s ]
INFO: [ app_begin ] --END-- [ RunTime:0.000470s ]
INFO: [ action_begin ] --START--
INFO: Run Home\Behaviors\UserTokenBehavior [ RunTime:0.887715s ]
INFO: [ action_begin ] --END-- [ RunTime:0.887801s ]
SQL: SHOW COLUMNS FROM `event` [ RunTime:0.0007s ]
SQL: SELECT * FROM `event` WHERE `id` = 1 LIMIT 1   [ RunTime:0.0004s ]
INFO: [ view_parse ] --START--
INFO: [ template_filter ] --START--
INFO: Run Behavior\ContentReplaceBehavior [ RunTime:0.000081s ]
INFO: [ template_filter ] --END-- [ RunTime:0.000131s ]
NOTIC: [8] Undefined variable: [["ZBAA_TWR","0"]] /home/Application/Runtime/Cache/Home/8dbda9daef99aac5d7de2f632245e222.php 第 314 行.
INFO: Run Behavior\ParseTemplateBehavior [ RunTime:0.015595s ]
INFO: [ view_parse ] --END-- [ RunTime:0.015665s ]
INFO: [ view_filter ] --START--
INFO: Run Behavior\WriteHtmlCacheBehavior [ RunTime:0.000082s ]
INFO: [ view_filter ] --END-- [ RunTime:0.000134s ]
INFO: [ app_end ] --START--
INFO: Run Behavior\ShowPageTraceBehavior [ RunTime:0.000089s ]
INFO: [ app_end ] --END-- [ RunTime:0.000160s ]

[ 2016-07-03T17:40:26+08:00 ] 172.17.0.1 /Event/view/1
INFO: [ app_init ] --START--
INFO: Run Behavior\BuildLiteBehavior [ RunTime:0.000030s ]
INFO: [ app_init ] --END-- [ RunTime:0.000177s ]
INFO: [ app_begin ] --START--
INFO: Run Behavior\ReadHtmlCacheBehavior [ RunTime:0.000060s ]
INFO: Run Behavior\CheckLangBehavior [ RunTime:0.000326s ]
INFO: [ app_begin ] --END-- [ RunTime:0.000472s ]
INFO: [ action_begin ] --START--
INFO: Run Home\Behaviors\UserTokenBehavior [ RunTime:0.739336s ]
INFO: [ action_begin ] --END-- [ RunTime:0.739413s ]
SQL: SHOW COLUMNS FROM `event` [ RunTime:0.0005s ]
SQL: SELECT * FROM `event` WHERE `id` = 1 LIMIT 1   [ RunTime:0.0003s ]
INFO: [ view_parse ] --START--
INFO: [ template_filter ] --START--
INFO: Run Behavior\ContentReplaceBehavior [ RunTime:0.000081s ]
INFO: [ template_filter ] --END-- [ RunTime:0.000164s ]
INFO: Run Behavior\ParseTemplateBehavior [ RunTime:0.012392s ]
INFO: [ view_parse ] --END-- [ RunTime:0.012459s ]
INFO: [ view_filter ] --START--
INFO: Run Behavior\WriteHtmlCacheBehavior [ RunTime:0.000054s ]
INFO: [ view_filter ] --END-- [ RunTime:0.000086s ]
INFO: [ app_end ] --START--
INFO: Run Behavior\ShowPageTraceBehavior [ RunTime:0.000074s ]
INFO: [ app_end ] --END-- [ RunTime:0.000129s ]

[ 2016-07-03T17:40:44+08:00 ] 172.17.0.1 /User/dashborad
INFO: [ app_init ] --START--
INFO: Run Behavior\BuildLiteBehavior [ RunTime:0.000012s ]
INFO: [ app_init ] --END-- [ RunTime:0.000092s ]
INFO: [ app_begin ] --START--
INFO: Run Behavior\ReadHtmlCacheBehavior [ RunTime:0.000042s ]
INFO: Run Behavior\CheckLangBehavior [ RunTime:0.000230s ]
INFO: [ app_begin ] --END-- [ RunTime:0.000327s ]
INFO: [ action_begin ] --START--
INFO: Run Home\Behaviors\UserTokenBehavior [ RunTime:2.056702s ]
INFO: [ action_begin ] --END-- [ RunTime:2.056780s ]
SQL: SHOW COLUMNS FROM `booking` [ RunTime:0.0009s ]
SQL: SELECT * FROM `booking` WHERE `user` = 1248613  [ RunTime:0.0004s ]
INFO: [ view_parse ] --START--
INFO: [ template_filter ] --START--
INFO: Run Behavior\ContentReplaceBehavior [ RunTime:0.000047s ]
INFO: [ template_filter ] --END-- [ RunTime:0.000098s ]
SQL: SHOW COLUMNS FROM `event` [ RunTime:0.0006s ]
SQL: SELECT * FROM `event` WHERE `id` = 2 LIMIT 1   [ RunTime:0.0003s ]
INFO: Run Behavior\ParseTemplateBehavior [ RunTime:0.013248s ]
INFO: [ view_parse ] --END-- [ RunTime:0.013303s ]
INFO: [ view_filter ] --START--
INFO: Run Behavior\WriteHtmlCacheBehavior [ RunTime:0.000058s ]
INFO: [ view_filter ] --END-- [ RunTime:0.000087s ]
INFO: [ app_end ] --START--
INFO: Run Behavior\ShowPageTraceBehavior [ RunTime:0.000050s ]
INFO: [ app_end ] --END-- [ RunTime:0.000081s ]

[ 2016-07-03T17:41:43+08:00 ] 172.17.0.1 /Admin/event
INFO: [ app_init ] --START--
INFO: Run Behavior\BuildLiteBehavior [ RunTime:0.000020s ]
INFO: [ app_init ] --END-- [ RunTime:0.000143s ]
INFO: [ app_begin ] --START--
INFO: Run Behavior\ReadHtmlCacheBehavior [ RunTime:0.000068s ]
INFO: Run Behavior\CheckLangBehavior [ RunTime:0.000449s ]
INFO: [ app_begin ] --END-- [ RunTime:0.000616s ]
INFO: [ action_begin ] --START--
INFO: Run Home\Behaviors\UserTokenBehavior [ RunTime:1.201640s ]
INFO: [ action_begin ] --END-- [ RunTime:1.201730s ]
SQL: SHOW COLUMNS FROM `event` [ RunTime:0.0005s ]
SQL: SELECT `id`,`title`,`type`,`status`,`author` FROM `event` ORDER BY endtime desc  [ RunTime:0.0002s ]
INFO: [ view_parse ] --START--
INFO: [ template_filter ] --START--
INFO: Run Behavior\ContentReplaceBehavior [ RunTime:0.000044s ]
INFO: [ template_filter ] --END-- [ RunTime:0.000097s ]
INFO: Run Behavior\ParseTemplateBehavior [ RunTime:0.007905s ]
INFO: [ view_parse ] --END-- [ RunTime:0.007962s ]
INFO: [ view_filter ] --START--
INFO: Run Behavior\WriteHtmlCacheBehavior [ RunTime:0.000050s ]
INFO: [ view_filter ] --END-- [ RunTime:0.000080s ]
INFO: [ app_end ] --START--
INFO: Run Behavior\ShowPageTraceBehavior [ RunTime:0.000049s ]
INFO: [ app_end ] --END-- [ RunTime:0.000081s ]

[ 2016-07-03T09:41:46+00:00 ] 172.17.0.1 /Event/post/1
INFO: [ app_init ] --START--
INFO: Run Behavior\BuildLiteBehavior [ RunTime:0.000018s ]
INFO: [ app_init ] --END-- [ RunTime:0.000128s ]
INFO: [ app_begin ] --START--
INFO: Run Behavior\ReadHtmlCacheBehavior [ RunTime:0.000063s ]
INFO: Run Behavior\CheckLangBehavior [ RunTime:0.000383s ]
INFO: [ app_begin ] --END-- [ RunTime:0.000550s ]
INFO: [ action_begin ] --START--
INFO: Run Home\Behaviors\UserTokenBehavior [ RunTime:0.767479s ]
INFO: [ action_begin ] --END-- [ RunTime:0.767565s ]
SQL: SHOW COLUMNS FROM `event` [ RunTime:0.0006s ]
SQL: SELECT * FROM `event` WHERE `id` = 1 LIMIT 1   [ RunTime:0.0003s ]
INFO: [ view_parse ] --START--
INFO: [ template_filter ] --START--
INFO: Run Behavior\ContentReplaceBehavior [ RunTime:0.000079s ]
INFO: [ template_filter ] --END-- [ RunTime:0.000137s ]
NOTIC: [8] Array to string conversion /home/Application/Runtime/Cache/Home/8dbda9daef99aac5d7de2f632245e222.php 第 314 行.
NOTIC: [8] Undefined variable: Array /home/Application/Runtime/Cache/Home/8dbda9daef99aac5d7de2f632245e222.php 第 314 行.
INFO: Run Behavior\ParseTemplateBehavior [ RunTime:0.016326s ]
INFO: [ view_parse ] --END-- [ RunTime:0.016368s ]
INFO: [ view_filter ] --START--
INFO: Run Behavior\WriteHtmlCacheBehavior [ RunTime:0.000049s ]
INFO: [ view_filter ] --END-- [ RunTime:0.000078s ]
INFO: [ app_end ] --START--
INFO: Run Behavior\ShowPageTraceBehavior [ RunTime:0.000047s ]
INFO: [ app_end ] --END-- [ RunTime:0.000080s ]

[ 2016-07-03T09:42:02+00:00 ] 172.17.0.1 /Event/post/1
INFO: [ app_init ] --START--
INFO: Run Behavior\BuildLiteBehavior [ RunTime:0.000019s ]
INFO: [ app_init ] --END-- [ RunTime:0.000135s ]
INFO: [ app_begin ] --START--
INFO: Run Behavior\ReadHtmlCacheBehavior [ RunTime:0.000044s ]
INFO: Run Behavior\CheckLangBehavior [ RunTime:0.000255s ]
INFO: [ app_begin ] --END-- [ RunTime:0.000357s ]
INFO: [ action_begin ] --START--
INFO: Run Home\Behaviors\UserTokenBehavior [ RunTime:0.752064s ]
INFO: [ action_begin ] --END-- [ RunTime:0.752185s ]
SQL: SHOW COLUMNS FROM `event` [ RunTime:0.0009s ]
SQL: SELECT * FROM `event` WHERE `id` = 1 LIMIT 1   [ RunTime:0.0005s ]
INFO: [ view_parse ] --START--
INFO: [ template_filter ] --START--
INFO: Run Behavior\ContentReplaceBehavior [ RunTime:0.000077s ]
INFO: [ template_filter ] --END-- [ RunTime:0.000132s ]
NOTIC: [8] Array to string conversion /home/Application/Runtime/Cache/Home/8dbda9daef99aac5d7de2f632245e222.php 第 314 行.
NOTIC: [8] Undefined variable: Array /home/Application/Runtime/Cache/Home/8dbda9daef99aac5d7de2f632245e222.php 第 314 行.
INFO: Run Behavior\ParseTemplateBehavior [ RunTime:0.018205s ]
INFO: [ view_parse ] --END-- [ RunTime:0.018297s ]
INFO: [ view_filter ] --START--
INFO: Run Behavior\WriteHtmlCacheBehavior [ RunTime:0.000052s ]
INFO: [ view_filter ] --END-- [ RunTime:0.000081s ]
INFO: [ app_end ] --START--
INFO: Run Behavior\ShowPageTraceBehavior [ RunTime:0.000050s ]
INFO: [ app_end ] --END-- [ RunTime:0.000083s ]

[ 2016-07-03T09:42:52+00:00 ] 172.17.0.1 /Event/post/1
INFO: [ app_init ] --START--
INFO: Run Behavior\BuildLiteBehavior [ RunTime:0.000012s ]
INFO: [ app_init ] --END-- [ RunTime:0.000082s ]
INFO: [ app_begin ] --START--
INFO: Run Behavior\ReadHtmlCacheBehavior [ RunTime:0.000036s ]
INFO: Run Behavior\CheckLangBehavior [ RunTime:0.000228s ]
INFO: [ app_begin ] --END-- [ RunTime:0.000312s ]
INFO: [ action_begin ] --START--
INFO: Run Home\Behaviors\UserTokenBehavior [ RunTime:0.709451s ]
INFO: [ action_begin ] --END-- [ RunTime:0.709527s ]
SQL: SHOW COLUMNS FROM `event` [ RunTime:0.0006s ]
SQL: SELECT * FROM `event` WHERE `id` = 1 LIMIT 1   [ RunTime:0.0004s ]
INFO: [ view_parse ] --START--
INFO: [ template_filter ] --START--
INFO: Run Behavior\ContentReplaceBehavior [ RunTime:0.000078s ]
INFO: [ template_filter ] --END-- [ RunTime:0.000132s ]
NOTIC: [8] Array to string conversion /home/Application/Runtime/Cache/Home/8dbda9daef99aac5d7de2f632245e222.php 第 314 行.
NOTIC: [8] Undefined variable: Array /home/Application/Runtime/Cache/Home/8dbda9daef99aac5d7de2f632245e222.php 第 314 行.
INFO: Run Behavior\ParseTemplateBehavior [ RunTime:0.016900s ]
INFO: [ view_parse ] --END-- [ RunTime:0.016944s ]
INFO: [ view_filter ] --START--
INFO: Run Behavior\WriteHtmlCacheBehavior [ RunTime:0.000051s ]
INFO: [ view_filter ] --END-- [ RunTime:0.000080s ]
INFO: [ app_end ] --START--
INFO: Run Behavior\ShowPageTraceBehavior [ RunTime:0.000048s ]
INFO: [ app_end ] --END-- [ RunTime:0.000080s ]

[ 2016-07-03T09:43:21+00:00 ] 172.17.0.1 /Event/post/1
INFO: [ app_init ] --START--
INFO: Run Behavior\BuildLiteBehavior [ RunTime:0.000023s ]
INFO: [ app_init ] --END-- [ RunTime:0.000158s ]
INFO: [ app_begin ] --START--
INFO: Run Behavior\ReadHtmlCacheBehavior [ RunTime:0.000099s ]
INFO: Run Behavior\CheckLangBehavior [ RunTime:0.000270s ]
INFO: [ app_begin ] --END-- [ RunTime:0.000434s ]
INFO: [ action_begin ] --START--
INFO: Run Home\Behaviors\UserTokenBehavior [ RunTime:0.759422s ]
INFO: [ action_begin ] --END-- [ RunTime:0.759508s ]
SQL: SHOW COLUMNS FROM `event` [ RunTime:0.0010s ]
SQL: SELECT * FROM `event` WHERE `id` = 1 LIMIT 1   [ RunTime:0.0003s ]
INFO: [ view_parse ] --START--
INFO: [ template_filter ] --START--
INFO: Run Behavior\ContentReplaceBehavior [ RunTime:0.000080s ]
INFO: [ template_filter ] --END-- [ RunTime:0.000133s ]
NOTIC: [8] Array to string conversion /home/Application/Runtime/Cache/Home/8dbda9daef99aac5d7de2f632245e222.php 第 315 行.
NOTIC: [8] Undefined variable: Array /home/Application/Runtime/Cache/Home/8dbda9daef99aac5d7de2f632245e222.php 第 315 行.
INFO: Run Behavior\ParseTemplateBehavior [ RunTime:0.015844s ]
INFO: [ view_parse ] --END-- [ RunTime:0.015890s ]
INFO: [ view_filter ] --START--
INFO: Run Behavior\WriteHtmlCacheBehavior [ RunTime:0.000049s ]
INFO: [ view_filter ] --END-- [ RunTime:0.000078s ]
INFO: [ app_end ] --START--
INFO: Run Behavior\ShowPageTraceBehavior [ RunTime:0.000049s ]
INFO: [ app_end ] --END-- [ RunTime:0.000083s ]

[ 2016-07-03T09:43:39+00:00 ] 172.17.0.1 /Event/post/1
INFO: [ app_init ] --START--
INFO: Run Behavior\BuildLiteBehavior [ RunTime:0.000011s ]
INFO: [ app_init ] --END-- [ RunTime:0.000078s ]
INFO: [ app_begin ] --START--
INFO: Run Behavior\ReadHtmlCacheBehavior [ RunTime:0.000038s ]
INFO: Run Behavior\CheckLangBehavior [ RunTime:0.000220s ]
INFO: [ app_begin ] --END-- [ RunTime:0.000317s ]
INFO: [ action_begin ] --START--
INFO: Run Home\Behaviors\UserTokenBehavior [ RunTime:0.746559s ]
INFO: [ action_begin ] --END-- [ RunTime:0.746627s ]
SQL: SHOW COLUMNS FROM `event` [ RunTime:0.0006s ]
SQL: SELECT * FROM `event` WHERE `id` = 1 LIMIT 1   [ RunTime:0.0003s ]
INFO: [ view_parse ] --START--
INFO: [ template_filter ] --START--
INFO: Run Behavior\ContentReplaceBehavior [ RunTime:0.000096s ]
INFO: [ template_filter ] --END-- [ RunTime:0.000153s ]
INFO: Run Behavior\ParseTemplateBehavior [ RunTime:0.020127s ]
INFO: [ view_parse ] --END-- [ RunTime:0.020195s ]
INFO: [ view_filter ] --START--
INFO: Run Behavior\WriteHtmlCacheBehavior [ RunTime:0.000055s ]
INFO: [ view_filter ] --END-- [ RunTime:0.000089s ]
INFO: [ app_end ] --START--
INFO: Run Behavior\ShowPageTraceBehavior [ RunTime:0.000050s ]
INFO: [ app_end ] --END-- [ RunTime:0.000086s ]

[ 2016-07-03T09:43:52+00:00 ] 172.17.0.1 /Event/post/1
INFO: [ app_init ] --START--
INFO: Run Behavior\BuildLiteBehavior [ RunTime:0.000016s ]
INFO: [ app_init ] --END-- [ RunTime:0.000108s ]
INFO: [ app_begin ] --START--
INFO: Run Behavior\ReadHtmlCacheBehavior [ RunTime:0.000052s ]
INFO: Run Behavior\CheckLangBehavior [ RunTime:0.000381s ]
INFO: [ app_begin ] --END-- [ RunTime:0.000512s ]
INFO: [ action_begin ] --START--
INFO: Run Home\Behaviors\UserTokenBehavior [ RunTime:0.972202s ]
INFO: [ action_begin ] --END-- [ RunTime:0.972324s ]
SQL: SHOW COLUMNS FROM `event` [ RunTime:0.0005s ]
SQL: SELECT * FROM `event` WHERE `id` = 1 LIMIT 1   [ RunTime:0.0003s ]
INFO: [ view_parse ] --START--
INFO: [ template_filter ] --START--
INFO: Run Behavior\ContentReplaceBehavior [ RunTime:0.000078s ]
INFO: [ template_filter ] --END-- [ RunTime:0.000129s ]
INFO: Run Behavior\ParseTemplateBehavior [ RunTime:0.015536s ]
INFO: [ view_parse ] --END-- [ RunTime:0.015613s ]
INFO: [ view_filter ] --START--
INFO: Run Behavior\WriteHtmlCacheBehavior [ RunTime:0.000061s ]
INFO: [ view_filter ] --END-- [ RunTime:0.000090s ]
INFO: [ app_end ] --START--
INFO: Run Behavior\ShowPageTraceBehavior [ RunTime:0.000041s ]
INFO: [ app_end ] --END-- [ RunTime:0.000073s ]

