[ 2016-07-04T10:52:01+08:00 ] 172.17.0.1 /User/dashborad
INFO: [ app_init ] --START--
INFO: Run Behavior\BuildLiteBehavior [ RunTime:0.000012s ]
INFO: [ app_init ] --END-- [ RunTime:0.000096s ]
INFO: [ app_begin ] --START--
INFO: Run Behavior\ReadHtmlCacheBehavior [ RunTime:0.000040s ]
INFO: Run Behavior\CheckLangBehavior [ RunTime:0.000286s ]
INFO: [ app_begin ] --END-- [ RunTime:0.000387s ]
INFO: [ action_begin ] --START--
ERR: Redis server went away

[ 2016-07-04T10:54:51+08:00 ] 172.17.0.1 /User/dashborad
INFO: [ app_init ] --START--
INFO: Run Behavior\BuildLiteBehavior [ RunTime:0.000017s ]
INFO: [ app_init ] --END-- [ RunTime:0.000147s ]
INFO: [ app_begin ] --START--
INFO: Run Behavior\ReadHtmlCacheBehavior [ RunTime:0.000049s ]
INFO: Run Behavior\CheckLangBehavior [ RunTime:0.000268s ]
INFO: [ app_begin ] --END-- [ RunTime:0.000376s ]
INFO: [ action_begin ] --START--
INFO: Run Home\Behaviors\UserTokenBehavior [ RunTime:0.423312s ]
INFO: [ action_begin ] --END-- [ RunTime:0.423409s ]
SQL: SHOW COLUMNS FROM `booking` [ RunTime:0.0013s ]
SQL: SELECT * FROM `booking` WHERE `user` = 1248613  [ RunTime:0.0003s ]
INFO: [ view_parse ] --START--
INFO: [ template_filter ] --START--
INFO: Run Behavior\ContentReplaceBehavior [ RunTime:0.000050s ]
INFO: [ template_filter ] --END-- [ RunTime:0.000098s ]
SQL: SHOW COLUMNS FROM `event` [ RunTime:0.0006s ]
SQL: SELECT * FROM `event` WHERE `id` = 2 LIMIT 1   [ RunTime:0.0003s ]
INFO: Run Behavior\ParseTemplateBehavior [ RunTime:0.010375s ]
INFO: [ view_parse ] --END-- [ RunTime:0.010421s ]
INFO: [ view_filter ] --START--
INFO: Run Behavior\WriteHtmlCacheBehavior [ RunTime:0.000060s ]
INFO: [ view_filter ] --END-- [ RunTime:0.000113s ]
INFO: [ app_end ] --START--
INFO: Run Behavior\ShowPageTraceBehavior [ RunTime:0.000064s ]
INFO: [ app_end ] --END-- [ RunTime:0.000097s ]

[ 2016-07-04T10:57:35+08:00 ] 172.17.0.1 /User/dashborad
INFO: [ app_init ] --START--
INFO: Run Behavior\BuildLiteBehavior [ RunTime:0.000021s ]
INFO: [ app_init ] --END-- [ RunTime:0.000167s ]
INFO: [ app_begin ] --START--
INFO: Run Behavior\ReadHtmlCacheBehavior [ RunTime:0.000050s ]
INFO: Run Behavior\CheckLangBehavior [ RunTime:0.000275s ]
INFO: [ app_begin ] --END-- [ RunTime:0.000394s ]
INFO: [ action_begin ] --START--
INFO: Run Home\Behaviors\UserTokenBehavior [ RunTime:0.420465s ]
INFO: [ action_begin ] --END-- [ RunTime:0.420535s ]
SQL: SHOW COLUMNS FROM `booking` [ RunTime:0.0017s ]
SQL: SELECT * FROM `booking` WHERE `user` = 1248613  [ RunTime:0.0003s ]
INFO: [ view_parse ] --START--
INFO: [ template_filter ] --START--
INFO: Run Behavior\ContentReplaceBehavior [ RunTime:0.000048s ]
INFO: [ template_filter ] --END-- [ RunTime:0.000091s ]
SQL: SHOW COLUMNS FROM `event` [ RunTime:0.0007s ]
SQL: SELECT * FROM `event` WHERE `id` = 2 LIMIT 1   [ RunTime:0.0003s ]
INFO: Run Behavior\ParseTemplateBehavior [ RunTime:0.009388s ]
INFO: [ view_parse ] --END-- [ RunTime:0.009430s ]
INFO: [ view_filter ] --START--
INFO: Run Behavior\WriteHtmlCacheBehavior [ RunTime:0.000060s ]
INFO: [ view_filter ] --END-- [ RunTime:0.000089s ]
INFO: [ app_end ] --START--
INFO: Run Behavior\ShowPageTraceBehavior [ RunTime:0.000051s ]
INFO: [ app_end ] --END-- [ RunTime:0.000081s ]

[ 2016-07-04T10:57:43+08:00 ] 172.17.0.1 /User/dashborad
INFO: [ app_init ] --START--
INFO: Run Behavior\BuildLiteBehavior [ RunTime:0.000022s ]
INFO: [ app_init ] --END-- [ RunTime:0.000165s ]
INFO: [ app_begin ] --START--
INFO: Run Behavior\ReadHtmlCacheBehavior [ RunTime:0.000078s ]
INFO: Run Behavior\CheckLangBehavior [ RunTime:0.000457s ]
INFO: [ app_begin ] --END-- [ RunTime:0.000650s ]
INFO: [ action_begin ] --START--
INFO: Run Home\Behaviors\UserTokenBehavior [ RunTime:0.401355s ]
INFO: [ action_begin ] --END-- [ RunTime:0.401434s ]
SQL: SHOW COLUMNS FROM `booking` [ RunTime:0.0012s ]
SQL: SELECT * FROM `booking` WHERE `user` = 1248613  [ RunTime:0.0006s ]
INFO: [ view_parse ] --START--
INFO: [ template_filter ] --START--
INFO: Run Behavior\ContentReplaceBehavior [ RunTime:0.000045s ]
INFO: [ template_filter ] --END-- [ RunTime:0.000085s ]
SQL: SHOW COLUMNS FROM `event` [ RunTime:0.0007s ]
SQL: SELECT * FROM `event` WHERE `id` = 2 LIMIT 1   [ RunTime:0.0003s ]
INFO: Run Behavior\ParseTemplateBehavior [ RunTime:0.009291s ]
INFO: [ view_parse ] --END-- [ RunTime:0.009331s ]
INFO: [ view_filter ] --START--
INFO: Run Behavior\WriteHtmlCacheBehavior [ RunTime:0.000067s ]
INFO: [ view_filter ] --END-- [ RunTime:0.000096s ]
INFO: [ app_end ] --START--
INFO: Run Behavior\ShowPageTraceBehavior [ RunTime:0.000051s ]
INFO: [ app_end ] --END-- [ RunTime:0.000084s ]

[ 2016-07-04T10:58:06+08:00 ] 172.17.0.1 /User/dashborad
INFO: [ app_init ] --START--
INFO: Run Behavior\BuildLiteBehavior [ RunTime:0.000015s ]
INFO: [ app_init ] --END-- [ RunTime:0.000115s ]
INFO: [ app_begin ] --START--
INFO: Run Behavior\ReadHtmlCacheBehavior [ RunTime:0.000086s ]
INFO: Run Behavior\CheckLangBehavior [ RunTime:0.000418s ]
INFO: [ app_begin ] --END-- [ RunTime:0.000628s ]
INFO: [ action_begin ] --START--
INFO: Run Home\Behaviors\UserTokenBehavior [ RunTime:0.457200s ]
INFO: [ action_begin ] --END-- [ RunTime:0.457355s ]
SQL: SHOW COLUMNS FROM `booking` [ RunTime:0.0006s ]
SQL: SELECT * FROM `booking` WHERE `user` = 1248613  [ RunTime:0.0003s ]
INFO: [ view_parse ] --START--
INFO: [ template_filter ] --START--
INFO: Run Behavior\ContentReplaceBehavior [ RunTime:0.000108s ]
INFO: [ template_filter ] --END-- [ RunTime:0.000232s ]
SQL: SHOW COLUMNS FROM `event` [ RunTime:0.0007s ]
SQL: SELECT * FROM `event` WHERE `id` = 2 LIMIT 1   [ RunTime:0.0003s ]
INFO: Run Behavior\ParseTemplateBehavior [ RunTime:0.012060s ]
INFO: [ view_parse ] --END-- [ RunTime:0.012098s ]
INFO: [ view_filter ] --START--
INFO: Run Behavior\WriteHtmlCacheBehavior [ RunTime:0.000060s ]
INFO: [ view_filter ] --END-- [ RunTime:0.000089s ]
INFO: [ app_end ] --START--
INFO: Run Behavior\ShowPageTraceBehavior [ RunTime:0.000051s ]
INFO: [ app_end ] --END-- [ RunTime:0.000081s ]

[ 2016-07-04T10:59:36+08:00 ] 172.17.0.1 /User/dashborad
INFO: [ app_init ] --START--
INFO: Run Behavior\BuildLiteBehavior [ RunTime:0.000011s ]
INFO: [ app_init ] --END-- [ RunTime:0.000085s ]
INFO: [ app_begin ] --START--
INFO: Run Behavior\ReadHtmlCacheBehavior [ RunTime:0.000063s ]
INFO: Run Behavior\CheckLangBehavior [ RunTime:0.000257s ]
INFO: [ app_begin ] --END-- [ RunTime:0.000390s ]
INFO: [ action_begin ] --START--
INFO: Run Home\Behaviors\UserTokenBehavior [ RunTime:0.448315s ]
INFO: [ action_begin ] --END-- [ RunTime:0.448434s ]
SQL: SHOW COLUMNS FROM `booking` [ RunTime:0.0007s ]
SQL: SELECT * FROM `booking` WHERE `user` = 1248613  [ RunTime:0.0003s ]
INFO: [ view_parse ] --START--
INFO: [ template_filter ] --START--
INFO: Run Behavior\ContentReplaceBehavior [ RunTime:0.000053s ]
INFO: [ template_filter ] --END-- [ RunTime:0.000109s ]
SQL: SHOW COLUMNS FROM `event` [ RunTime:0.0007s ]
SQL: SELECT * FROM `event` WHERE `id` = 2 LIMIT 1   [ RunTime:0.0003s ]
INFO: Run Behavior\ParseTemplateBehavior [ RunTime:0.011944s ]
INFO: [ view_parse ] --END-- [ RunTime:0.012000s ]
INFO: [ view_filter ] --START--
INFO: Run Behavior\WriteHtmlCacheBehavior [ RunTime:0.000069s ]
INFO: [ view_filter ] --END-- [ RunTime:0.000100s ]
INFO: [ app_end ] --START--
INFO: Run Behavior\ShowPageTraceBehavior [ RunTime:0.000066s ]
INFO: [ app_end ] --END-- [ RunTime:0.000111s ]

[ 2016-07-04T11:00:01+08:00 ] 172.17.0.1 /User/dashborad
INFO: [ app_init ] --START--
INFO: Run Behavior\BuildLiteBehavior [ RunTime:0.000025s ]
INFO: [ app_init ] --END-- [ RunTime:0.000246s ]
INFO: [ app_begin ] --START--
INFO: Run Behavior\ReadHtmlCacheBehavior [ RunTime:0.000059s ]
INFO: Run Behavior\CheckLangBehavior [ RunTime:0.000312s ]
INFO: [ app_begin ] --END-- [ RunTime:0.000440s ]
INFO: [ action_begin ] --START--
INFO: Run Home\Behaviors\UserTokenBehavior [ RunTime:0.437928s ]
INFO: [ action_begin ] --END-- [ RunTime:0.438005s ]
SQL: SHOW COLUMNS FROM `booking` [ RunTime:0.0007s ]
SQL: SELECT * FROM `booking` WHERE `user` = 1248613  [ RunTime:0.0003s ]
INFO: [ view_parse ] --START--
INFO: [ template_filter ] --START--
INFO: Run Behavior\ContentReplaceBehavior [ RunTime:0.000053s ]
INFO: [ template_filter ] --END-- [ RunTime:0.000110s ]
SQL: SHOW COLUMNS FROM `event` [ RunTime:0.0007s ]
SQL: SELECT * FROM `event` WHERE `id` = 2 LIMIT 1   [ RunTime:0.0003s ]
INFO: Run Behavior\ParseTemplateBehavior [ RunTime:0.010113s ]
INFO: [ view_parse ] --END-- [ RunTime:0.010153s ]
INFO: [ view_filter ] --START--
INFO: Run Behavior\WriteHtmlCacheBehavior [ RunTime:0.000061s ]
INFO: [ view_filter ] --END-- [ RunTime:0.000090s ]
INFO: [ app_end ] --START--
INFO: Run Behavior\ShowPageTraceBehavior [ RunTime:0.000054s ]
INFO: [ app_end ] --END-- [ RunTime:0.000084s ]

[ 2016-07-04T11:00:07+08:00 ] 172.17.0.1 /User/email/1248613
INFO: [ app_init ] --START--
INFO: Run Behavior\BuildLiteBehavior [ RunTime:0.000012s ]
INFO: [ app_init ] --END-- [ RunTime:0.000082s ]
INFO: [ app_begin ] --START--
INFO: Run Behavior\ReadHtmlCacheBehavior [ RunTime:0.000036s ]
INFO: Run Behavior\CheckLangBehavior [ RunTime:0.000229s ]
INFO: [ app_begin ] --END-- [ RunTime:0.000315s ]
INFO: [ action_begin ] --START--
INFO: Run Home\Behaviors\UserTokenBehavior [ RunTime:0.448818s ]
INFO: [ action_begin ] --END-- [ RunTime:0.448918s ]

[ 2016-07-04T11:00:09+08:00 ] 172.17.0.1 /User/email/1248613
INFO: [ app_init ] --START--
INFO: Run Behavior\BuildLiteBehavior [ RunTime:0.000011s ]
INFO: [ app_init ] --END-- [ RunTime:0.000080s ]
INFO: [ app_begin ] --START--
INFO: Run Behavior\ReadHtmlCacheBehavior [ RunTime:0.000034s ]
INFO: Run Behavior\CheckLangBehavior [ RunTime:0.000207s ]
INFO: [ app_begin ] --END-- [ RunTime:0.000292s ]
INFO: [ action_begin ] --START--
INFO: Run Home\Behaviors\UserTokenBehavior [ RunTime:0.418545s ]
INFO: [ action_begin ] --END-- [ RunTime:0.418659s ]

[ 2016-07-04T11:00:24+08:00 ] 172.17.0.1 /User/emailcheck/565ba7ae1fbbaa8fcb9f066e565343f8
INFO: [ app_init ] --START--
INFO: Run Behavior\BuildLiteBehavior [ RunTime:0.000018s ]
INFO: [ app_init ] --END-- [ RunTime:0.000130s ]
INFO: [ app_begin ] --START--
INFO: Run Behavior\ReadHtmlCacheBehavior [ RunTime:0.000058s ]
INFO: Run Behavior\CheckLangBehavior [ RunTime:0.000389s ]
INFO: [ app_begin ] --END-- [ RunTime:0.000537s ]
INFO: [ action_begin ] --START--
INFO: Run Home\Behaviors\UserTokenBehavior [ RunTime:0.393436s ]
INFO: [ action_begin ] --END-- [ RunTime:0.393514s ]
INFO: [ view_parse ] --START--
INFO: [ template_filter ] --START--
INFO: Run Behavior\ContentReplaceBehavior [ RunTime:0.000058s ]
INFO: [ template_filter ] --END-- [ RunTime:0.000174s ]
INFO: Run Behavior\ParseTemplateBehavior [ RunTime:0.002774s ]
INFO: [ view_parse ] --END-- [ RunTime:0.002869s ]
INFO: [ view_filter ] --START--
INFO: Run Behavior\WriteHtmlCacheBehavior [ RunTime:0.000085s ]
INFO: [ view_filter ] --END-- [ RunTime:0.000121s ]

[ 2016-07-04T11:00:28+08:00 ] 172.17.0.1 /
INFO: [ app_init ] --START--
INFO: Run Behavior\BuildLiteBehavior [ RunTime:0.000010s ]
INFO: [ app_init ] --END-- [ RunTime:0.000079s ]
INFO: [ app_begin ] --START--
INFO: Run Behavior\ReadHtmlCacheBehavior [ RunTime:0.000105s ]
INFO: Run Behavior\CheckLangBehavior [ RunTime:0.000420s ]
INFO: [ app_begin ] --END-- [ RunTime:0.000640s ]
INFO: [ action_begin ] --START--
INFO: Run Home\Behaviors\UserTokenBehavior [ RunTime:0.403215s ]
INFO: [ action_begin ] --END-- [ RunTime:0.403297s ]
SQL: SHOW COLUMNS FROM `announcement` [ RunTime:0.0005s ]
SQL: SELECT * FROM `announcement` ORDER BY top desc,time desc LIMIT 5   [ RunTime:0.0003s ]
SQL: SHOW COLUMNS FROM `event` [ RunTime:0.0004s ]
SQL: SELECT COUNT(*) AS tp_count FROM `event` LIMIT 1   [ RunTime:0.0001s ]
SQL: SELECT * FROM `event` WHERE ( status != 1 ) ORDER BY status desc,starttime desc LIMIT 0,6   [ RunTime:0.0002s ]
SQL: UPDATE `event` SET `status`='4' WHERE `id` = 2 [ RunTime:0.0002s ]
INFO: [ view_parse ] --START--
INFO: [ template_filter ] --START--
INFO: Run Behavior\ContentReplaceBehavior [ RunTime:0.000048s ]
INFO: [ template_filter ] --END-- [ RunTime:0.000099s ]
INFO: Run Behavior\ParseTemplateBehavior [ RunTime:0.008410s ]
INFO: [ view_parse ] --END-- [ RunTime:0.008457s ]
INFO: [ view_filter ] --START--
INFO: Run Behavior\WriteHtmlCacheBehavior [ RunTime:0.000046s ]
INFO: [ view_filter ] --END-- [ RunTime:0.000074s ]
INFO: [ app_end ] --START--
INFO: Run Behavior\ShowPageTraceBehavior [ RunTime:0.000043s ]
INFO: [ app_end ] --END-- [ RunTime:0.000074s ]

[ 2016-07-04T11:00:32+08:00 ] 172.17.0.1 /User/emailcheck/900daf13bd69c3f1819ad1d970b34ead
INFO: [ app_init ] --START--
INFO: Run Behavior\BuildLiteBehavior [ RunTime:0.000019s ]
INFO: [ app_init ] --END-- [ RunTime:0.000132s ]
INFO: [ app_begin ] --START--
INFO: Run Behavior\ReadHtmlCacheBehavior [ RunTime:0.000043s ]
INFO: Run Behavior\CheckLangBehavior [ RunTime:0.000234s ]
INFO: [ app_begin ] --END-- [ RunTime:0.000337s ]
INFO: [ action_begin ] --START--
INFO: Run Home\Behaviors\UserTokenBehavior [ RunTime:0.416387s ]
INFO: [ action_begin ] --END-- [ RunTime:0.416456s ]
INFO: [ view_parse ] --START--
INFO: [ template_filter ] --START--
INFO: Run Behavior\ContentReplaceBehavior [ RunTime:0.000029s ]
INFO: [ template_filter ] --END-- [ RunTime:0.000084s ]
INFO: Run Behavior\ParseTemplateBehavior [ RunTime:0.001845s ]
INFO: [ view_parse ] --END-- [ RunTime:0.001902s ]
INFO: [ view_filter ] --START--
INFO: Run Behavior\WriteHtmlCacheBehavior [ RunTime:0.000044s ]
INFO: [ view_filter ] --END-- [ RunTime:0.000076s ]

[ 2016-07-04T11:01:11+08:00 ] 172.17.0.1 /User/logout
INFO: [ app_init ] --START--
INFO: Run Behavior\BuildLiteBehavior [ RunTime:0.000012s ]
INFO: [ app_init ] --END-- [ RunTime:0.000083s ]
INFO: [ app_begin ] --START--
INFO: Run Behavior\ReadHtmlCacheBehavior [ RunTime:0.000038s ]
INFO: Run Behavior\CheckLangBehavior [ RunTime:0.000230s ]
INFO: [ app_begin ] --END-- [ RunTime:0.000323s ]
INFO: [ action_begin ] --START--
INFO: Run Home\Behaviors\UserTokenBehavior [ RunTime:0.429112s ]
INFO: [ action_begin ] --END-- [ RunTime:0.429177s ]
INFO: [ view_parse ] --START--
INFO: [ template_filter ] --START--
INFO: Run Behavior\ContentReplaceBehavior [ RunTime:0.000027s ]
INFO: [ template_filter ] --END-- [ RunTime:0.000066s ]
INFO: Run Behavior\ParseTemplateBehavior [ RunTime:0.001658s ]
INFO: [ view_parse ] --END-- [ RunTime:0.001694s ]
INFO: [ view_filter ] --START--
INFO: Run Behavior\WriteHtmlCacheBehavior [ RunTime:0.000042s ]
INFO: [ view_filter ] --END-- [ RunTime:0.000069s ]
INFO: [ app_end ] --START--
INFO: Run Behavior\ShowPageTraceBehavior [ RunTime:0.000037s ]
INFO: [ app_end ] --END-- [ RunTime:0.000071s ]

[ 2016-07-04T11:01:13+08:00 ] 172.17.0.1 /Index/index
INFO: [ app_init ] --START--
INFO: Run Behavior\BuildLiteBehavior [ RunTime:0.000017s ]
INFO: [ app_init ] --END-- [ RunTime:0.000117s ]
INFO: [ app_begin ] --START--
INFO: Run Behavior\ReadHtmlCacheBehavior [ RunTime:0.000060s ]
INFO: Run Behavior\CheckLangBehavior [ RunTime:0.000261s ]
INFO: [ app_begin ] --END-- [ RunTime:0.000399s ]
INFO: [ action_begin ] --START--
INFO: Run Home\Behaviors\UserTokenBehavior [ RunTime:0.000058s ]
INFO: [ action_begin ] --END-- [ RunTime:0.000092s ]
SQL: SHOW COLUMNS FROM `announcement` [ RunTime:0.0007s ]
SQL: SELECT * FROM `announcement` ORDER BY top desc,time desc LIMIT 5   [ RunTime:0.0003s ]
SQL: SHOW COLUMNS FROM `event` [ RunTime:0.0005s ]
SQL: SELECT COUNT(*) AS tp_count FROM `event` LIMIT 1   [ RunTime:0.0002s ]
SQL: SELECT * FROM `event` WHERE ( status != 1 ) ORDER BY status desc,starttime desc LIMIT 0,6   [ RunTime:0.0003s ]
SQL: UPDATE `event` SET `status`='4' WHERE `id` = 2 [ RunTime:0.0002s ]
INFO: [ view_parse ] --START--
INFO: [ template_filter ] --START--
INFO: Run Behavior\ContentReplaceBehavior [ RunTime:0.000132s ]
INFO: [ template_filter ] --END-- [ RunTime:0.000255s ]
INFO: Run Behavior\ParseTemplateBehavior [ RunTime:0.012388s ]
INFO: [ view_parse ] --END-- [ RunTime:0.012451s ]
INFO: [ view_filter ] --START--
INFO: Run Behavior\WriteHtmlCacheBehavior [ RunTime:0.000056s ]
INFO: [ view_filter ] --END-- [ RunTime:0.000094s ]
INFO: [ app_end ] --START--
INFO: Run Behavior\ShowPageTraceBehavior [ RunTime:0.000049s ]
INFO: [ app_end ] --END-- [ RunTime:0.000086s ]

[ 2016-07-04T11:01:37+08:00 ] 172.17.0.1 /User/login/1248613
INFO: [ app_init ] --START--
INFO: Run Behavior\BuildLiteBehavior [ RunTime:0.000019s ]
INFO: [ app_init ] --END-- [ RunTime:0.000152s ]
INFO: [ app_begin ] --START--
INFO: Run Behavior\ReadHtmlCacheBehavior [ RunTime:0.000053s ]
INFO: Run Behavior\CheckLangBehavior [ RunTime:0.000390s ]
INFO: [ app_begin ] --END-- [ RunTime:0.000533s ]
INFO: [ action_begin ] --START--
INFO: Run Home\Behaviors\UserTokenBehavior [ RunTime:0.000128s ]
INFO: [ action_begin ] --END-- [ RunTime:0.000181s ]
INFO: [ view_parse ] --START--
INFO: [ template_filter ] --START--
INFO: Run Behavior\ContentReplaceBehavior [ RunTime:0.000040s ]
INFO: [ template_filter ] --END-- [ RunTime:0.000094s ]
INFO: Run Behavior\ParseTemplateBehavior [ RunTime:0.005906s ]
INFO: [ view_parse ] --END-- [ RunTime:0.005958s ]
INFO: [ view_filter ] --START--
INFO: Run Behavior\WriteHtmlCacheBehavior [ RunTime:0.000053s ]
INFO: [ view_filter ] --END-- [ RunTime:0.000087s ]
INFO: [ app_end ] --START--
INFO: Run Behavior\ShowPageTraceBehavior [ RunTime:0.000045s ]
INFO: [ app_end ] --END-- [ RunTime:0.000077s ]

[ 2016-07-04T11:01:59+08:00 ] 172.17.0.1 /User/logout
INFO: [ app_init ] --START--
INFO: Run Behavior\BuildLiteBehavior [ RunTime:0.000015s ]
INFO: [ app_init ] --END-- [ RunTime:0.000124s ]
INFO: [ app_begin ] --START--
INFO: Run Behavior\ReadHtmlCacheBehavior [ RunTime:0.000047s ]
INFO: Run Behavior\CheckLangBehavior [ RunTime:0.000261s ]
INFO: [ app_begin ] --END-- [ RunTime:0.000363s ]
INFO: [ action_begin ] --START--
INFO: Run Home\Behaviors\UserTokenBehavior [ RunTime:0.000082s ]
INFO: [ action_begin ] --END-- [ RunTime:0.000121s ]
INFO: [ view_parse ] --START--
INFO: [ template_filter ] --START--
INFO: Run Behavior\ContentReplaceBehavior [ RunTime:0.000024s ]
INFO: [ template_filter ] --END-- [ RunTime:0.000062s ]
INFO: Run Behavior\ParseTemplateBehavior [ RunTime:0.001725s ]
INFO: [ view_parse ] --END-- [ RunTime:0.001762s ]
INFO: [ view_filter ] --START--
INFO: Run Behavior\WriteHtmlCacheBehavior [ RunTime:0.000038s ]
INFO: [ view_filter ] --END-- [ RunTime:0.000065s ]
INFO: [ app_end ] --START--
INFO: Run Behavior\ShowPageTraceBehavior [ RunTime:0.000045s ]
INFO: [ app_end ] --END-- [ RunTime:0.000071s ]

[ 2016-07-04T11:02:00+08:00 ] 172.17.0.1 /Index/index
INFO: [ app_init ] --START--
INFO: Run Behavior\BuildLiteBehavior [ RunTime:0.000010s ]
INFO: [ app_init ] --END-- [ RunTime:0.000069s ]
INFO: [ app_begin ] --START--
INFO: Run Behavior\ReadHtmlCacheBehavior [ RunTime:0.000032s ]
INFO: Run Behavior\CheckLangBehavior [ RunTime:0.000214s ]
INFO: [ app_begin ] --END-- [ RunTime:0.000297s ]
INFO: [ action_begin ] --START--
INFO: Run Home\Behaviors\UserTokenBehavior [ RunTime:0.000055s ]
INFO: [ action_begin ] --END-- [ RunTime:0.000085s ]
SQL: SHOW COLUMNS FROM `announcement` [ RunTime:0.0008s ]
SQL: SELECT * FROM `announcement` ORDER BY top desc,time desc LIMIT 5   [ RunTime:0.0004s ]
SQL: SHOW COLUMNS FROM `event` [ RunTime:0.0008s ]
SQL: SELECT COUNT(*) AS tp_count FROM `event` LIMIT 1   [ RunTime:0.0003s ]
SQL: SELECT * FROM `event` WHERE ( status != 1 ) ORDER BY status desc,starttime desc LIMIT 0,6   [ RunTime:0.0004s ]
SQL: UPDATE `event` SET `status`='4' WHERE `id` = 2 [ RunTime:0.0003s ]
INFO: [ view_parse ] --START--
INFO: [ template_filter ] --START--
INFO: Run Behavior\ContentReplaceBehavior [ RunTime:0.000046s ]
INFO: [ template_filter ] --END-- [ RunTime:0.000097s ]
INFO: Run Behavior\ParseTemplateBehavior [ RunTime:0.008935s ]
INFO: [ view_parse ] --END-- [ RunTime:0.009020s ]
INFO: [ view_filter ] --START--
INFO: Run Behavior\WriteHtmlCacheBehavior [ RunTime:0.000258s ]
INFO: [ view_filter ] --END-- [ RunTime:0.000365s ]
INFO: [ app_end ] --START--
INFO: Run Behavior\ShowPageTraceBehavior [ RunTime:0.000233s ]
INFO: [ app_end ] --END-- [ RunTime:0.000416s ]

[ 2016-07-04T11:02:17+08:00 ] 172.17.0.1 /User/login/1248613
INFO: [ app_init ] --START--
INFO: Run Behavior\BuildLiteBehavior [ RunTime:0.000019s ]
INFO: [ app_init ] --END-- [ RunTime:0.000144s ]
INFO: [ app_begin ] --START--
INFO: Run Behavior\ReadHtmlCacheBehavior [ RunTime:0.000144s ]
INFO: Run Behavior\CheckLangBehavior [ RunTime:0.000731s ]
INFO: [ app_begin ] --END-- [ RunTime:0.001097s ]
INFO: [ action_begin ] --START--
INFO: Run Home\Behaviors\UserTokenBehavior [ RunTime:0.000186s ]
INFO: [ action_begin ] --END-- [ RunTime:0.000258s ]
INFO: [ view_parse ] --START--
INFO: [ template_filter ] --START--
INFO: Run Behavior\ContentReplaceBehavior [ RunTime:0.000036s ]
INFO: [ template_filter ] --END-- [ RunTime:0.000095s ]
INFO: Run Behavior\ParseTemplateBehavior [ RunTime:0.005306s ]
INFO: [ view_parse ] --END-- [ RunTime:0.005354s ]
INFO: [ view_filter ] --START--
INFO: Run Behavior\WriteHtmlCacheBehavior [ RunTime:0.000046s ]
INFO: [ view_filter ] --END-- [ RunTime:0.000074s ]
INFO: [ app_end ] --START--
INFO: Run Behavior\ShowPageTraceBehavior [ RunTime:0.000037s ]
INFO: [ app_end ] --END-- [ RunTime:0.000065s ]

[ 2016-07-04T11:02:29+08:00 ] 172.17.0.1 /User/email/1248613
INFO: [ app_init ] --START--
INFO: Run Behavior\BuildLiteBehavior [ RunTime:0.000031s ]
INFO: [ app_init ] --END-- [ RunTime:0.000169s ]
INFO: [ app_begin ] --START--
INFO: Run Behavior\ReadHtmlCacheBehavior [ RunTime:0.000080s ]
INFO: Run Behavior\CheckLangBehavior [ RunTime:0.000367s ]
INFO: [ app_begin ] --END-- [ RunTime:0.000536s ]
INFO: [ action_begin ] --START--
INFO: Run Home\Behaviors\UserTokenBehavior [ RunTime:0.000076s ]
INFO: [ action_begin ] --END-- [ RunTime:0.000112s ]

[ 2016-07-04T11:02:37+08:00 ] 172.17.0.1 /User/email/1248613
INFO: [ app_init ] --START--
INFO: Run Behavior\BuildLiteBehavior [ RunTime:0.000011s ]
INFO: [ app_init ] --END-- [ RunTime:0.000078s ]
INFO: [ app_begin ] --START--
INFO: Run Behavior\ReadHtmlCacheBehavior [ RunTime:0.000033s ]
INFO: Run Behavior\CheckLangBehavior [ RunTime:0.000225s ]
INFO: [ app_begin ] --END-- [ RunTime:0.000303s ]
INFO: [ action_begin ] --START--
INFO: Run Home\Behaviors\UserTokenBehavior [ RunTime:0.000074s ]
INFO: [ action_begin ] --END-- [ RunTime:0.000102s ]

[ 2016-07-04T11:03:29+08:00 ] 172.17.0.1 /User/emailcheck/1cfd02574da786f49cb194633b01fcca
INFO: [ app_init ] --START--
INFO: Run Behavior\BuildLiteBehavior [ RunTime:0.000016s ]
INFO: [ app_init ] --END-- [ RunTime:0.000130s ]
INFO: [ app_begin ] --START--
INFO: Run Behavior\ReadHtmlCacheBehavior [ RunTime:0.000064s ]
INFO: Run Behavior\CheckLangBehavior [ RunTime:0.000399s ]
INFO: [ app_begin ] --END-- [ RunTime:0.000562s ]
INFO: [ action_begin ] --START--
INFO: Run Home\Behaviors\UserTokenBehavior [ RunTime:0.000133s ]
INFO: [ action_begin ] --END-- [ RunTime:0.000196s ]
INFO: [ view_parse ] --START--
INFO: [ template_filter ] --START--
INFO: Run Behavior\ContentReplaceBehavior [ RunTime:0.000032s ]
INFO: [ template_filter ] --END-- [ RunTime:0.000093s ]
INFO: Run Behavior\ParseTemplateBehavior [ RunTime:0.002143s ]
INFO: [ view_parse ] --END-- [ RunTime:0.002249s ]
INFO: [ view_filter ] --START--
INFO: Run Behavior\WriteHtmlCacheBehavior [ RunTime:0.000052s ]
INFO: [ view_filter ] --END-- [ RunTime:0.000085s ]

[ 2016-07-04T11:03:32+08:00 ] 172.17.0.1 /
INFO: [ app_init ] --START--
INFO: Run Behavior\BuildLiteBehavior [ RunTime:0.000016s ]
INFO: [ app_init ] --END-- [ RunTime:0.000111s ]
INFO: [ app_begin ] --START--
INFO: Run Behavior\ReadHtmlCacheBehavior [ RunTime:0.000049s ]
INFO: Run Behavior\CheckLangBehavior [ RunTime:0.000305s ]
INFO: [ app_begin ] --END-- [ RunTime:0.000430s ]
INFO: [ action_begin ] --START--
INFO: Run Home\Behaviors\UserTokenBehavior [ RunTime:0.425580s ]
INFO: [ action_begin ] --END-- [ RunTime:0.425714s ]
SQL: SHOW COLUMNS FROM `announcement` [ RunTime:0.0006s ]
SQL: SELECT * FROM `announcement` ORDER BY top desc,time desc LIMIT 5   [ RunTime:0.0003s ]
SQL: SHOW COLUMNS FROM `event` [ RunTime:0.0005s ]
SQL: SELECT COUNT(*) AS tp_count FROM `event` LIMIT 1   [ RunTime:0.0002s ]
SQL: SELECT * FROM `event` WHERE ( status != 1 ) ORDER BY status desc,starttime desc LIMIT 0,6   [ RunTime:0.0003s ]
SQL: UPDATE `event` SET `status`='4' WHERE `id` = 2 [ RunTime:0.0003s ]
INFO: [ view_parse ] --START--
INFO: [ template_filter ] --START--
INFO: Run Behavior\ContentReplaceBehavior [ RunTime:0.000048s ]
INFO: [ template_filter ] --END-- [ RunTime:0.000095s ]
INFO: Run Behavior\ParseTemplateBehavior [ RunTime:0.012334s ]
INFO: [ view_parse ] --END-- [ RunTime:0.012418s ]
INFO: [ view_filter ] --START--
INFO: Run Behavior\WriteHtmlCacheBehavior [ RunTime:0.000062s ]
INFO: [ view_filter ] --END-- [ RunTime:0.000091s ]
INFO: [ app_end ] --START--
INFO: Run Behavior\ShowPageTraceBehavior [ RunTime:0.000046s ]
INFO: [ app_end ] --END-- [ RunTime:0.000078s ]

[ 2016-07-04T17:05:05+08:00 ] 172.17.0.1 /
INFO: [ app_init ] --START--
INFO: Run Behavior\BuildLiteBehavior [ RunTime:0.000024s ]
INFO: [ app_init ] --END-- [ RunTime:0.009139s ]
INFO: [ app_begin ] --START--
INFO: Run Behavior\ReadHtmlCacheBehavior [ RunTime:0.007933s ]
INFO: Run Behavior\CheckLangBehavior [ RunTime:0.026813s ]
INFO: [ app_begin ] --END-- [ RunTime:0.034876s ]
INFO: [ action_begin ] --START--
INFO: Run Home\Behaviors\UserTokenBehavior [ RunTime:0.545459s ]
INFO: [ action_begin ] --END-- [ RunTime:0.545550s ]
SQL: SHOW COLUMNS FROM `announcement` [ RunTime:0.0134s ]
SQL: SELECT * FROM `announcement` ORDER BY top desc,time desc LIMIT 5   [ RunTime:0.0006s ]
SQL: SHOW COLUMNS FROM `event` [ RunTime:0.0017s ]
SQL: SELECT COUNT(*) AS tp_count FROM `event` LIMIT 1   [ RunTime:0.0003s ]
SQL: SELECT * FROM `event` WHERE ( status != 1 ) ORDER BY status desc,starttime desc LIMIT 0,6   [ RunTime:0.0268s ]
SQL: UPDATE `event` SET `status`='4' WHERE `id` = 2 [ RunTime:0.0009s ]
INFO: [ view_parse ] --START--
INFO: [ template_filter ] --START--
INFO: Run Behavior\ContentReplaceBehavior [ RunTime:0.000044s ]
INFO: [ template_filter ] --END-- [ RunTime:0.000091s ]
INFO: Run Behavior\ParseTemplateBehavior [ RunTime:0.067476s ]
INFO: [ view_parse ] --END-- [ RunTime:0.067529s ]
INFO: [ view_filter ] --START--
INFO: Run Behavior\WriteHtmlCacheBehavior [ RunTime:0.012352s ]
INFO: [ view_filter ] --END-- [ RunTime:0.012408s ]
INFO: [ app_end ] --START--
INFO: Run Behavior\ShowPageTraceBehavior [ RunTime:0.011233s ]
INFO: [ app_end ] --END-- [ RunTime:0.011291s ]

[ 2016-07-04T17:05:06+08:00 ] 172.17.0.1 /favicon.ico
INFO: [ app_init ] --START--
INFO: Run Behavior\BuildLiteBehavior [ RunTime:0.000011s ]
INFO: [ app_init ] --END-- [ RunTime:0.000076s ]

[ 2016-07-04T17:16:36+08:00 ] 172.17.0.1 /
INFO: [ app_init ] --START--
INFO: Run Behavior\BuildLiteBehavior [ RunTime:0.000026s ]
INFO: [ app_init ] --END-- [ RunTime:0.000201s ]
INFO: [ app_begin ] --START--
INFO: Run Behavior\ReadHtmlCacheBehavior [ RunTime:0.000085s ]
INFO: Run Behavior\CheckLangBehavior [ RunTime:0.000456s ]
INFO: [ app_begin ] --END-- [ RunTime:0.000638s ]
INFO: [ action_begin ] --START--
INFO: Run Home\Behaviors\UserTokenBehavior [ RunTime:0.438147s ]
INFO: [ action_begin ] --END-- [ RunTime:0.438275s ]
SQL: SHOW COLUMNS FROM `announcement` [ RunTime:0.0007s ]
SQL: SELECT * FROM `announcement` ORDER BY top desc,time desc LIMIT 5   [ RunTime:0.0003s ]
SQL: SHOW COLUMNS FROM `event` [ RunTime:0.0006s ]
SQL: SELECT COUNT(*) AS tp_count FROM `event` LIMIT 1   [ RunTime:0.0003s ]
SQL: SELECT * FROM `event` WHERE ( status != 1 ) ORDER BY status desc,starttime desc LIMIT 0,6   [ RunTime:0.0005s ]
SQL: UPDATE `event` SET `status`='4' WHERE `id` = 2 [ RunTime:0.0003s ]
INFO: [ view_parse ] --START--
INFO: [ template_filter ] --START--
INFO: Run Behavior\ContentReplaceBehavior [ RunTime:0.000049s ]
INFO: [ template_filter ] --END-- [ RunTime:0.000100s ]
INFO: Run Behavior\ParseTemplateBehavior [ RunTime:0.008459s ]
INFO: [ view_parse ] --END-- [ RunTime:0.008503s ]
INFO: [ view_filter ] --START--
INFO: Run Behavior\WriteHtmlCacheBehavior [ RunTime:0.000048s ]
INFO: [ view_filter ] --END-- [ RunTime:0.000076s ]
INFO: [ app_end ] --START--
INFO: Run Behavior\ShowPageTraceBehavior [ RunTime:0.000052s ]
INFO: [ app_end ] --END-- [ RunTime:0.000084s ]

[ 2016-07-04T17:17:15+08:00 ] 172.17.0.1 /
INFO: [ app_init ] --START--
INFO: Run Behavior\BuildLiteBehavior [ RunTime:0.000044s ]
INFO: [ app_init ] --END-- [ RunTime:0.000327s ]
INFO: [ app_begin ] --START--
INFO: Run Behavior\ReadHtmlCacheBehavior [ RunTime:0.000118s ]
INFO: Run Behavior\CheckLangBehavior [ RunTime:0.000384s ]
INFO: [ app_begin ] --END-- [ RunTime:0.000615s ]
INFO: [ action_begin ] --START--
INFO: Run Home\Behaviors\UserTokenBehavior [ RunTime:0.414769s ]
INFO: [ action_begin ] --END-- [ RunTime:0.414849s ]
SQL: SHOW COLUMNS FROM `announcement` [ RunTime:0.0007s ]
SQL: SELECT * FROM `announcement` ORDER BY top desc,time desc LIMIT 5   [ RunTime:0.0004s ]
SQL: SHOW COLUMNS FROM `event` [ RunTime:0.0009s ]
SQL: SELECT COUNT(*) AS tp_count FROM `event` LIMIT 1   [ RunTime:0.0003s ]
SQL: SELECT * FROM `event` WHERE ( status != 1 ) ORDER BY status desc,starttime desc LIMIT 0,6   [ RunTime:0.0003s ]
SQL: UPDATE `event` SET `status`='4' WHERE `id` = 2 [ RunTime:0.0003s ]
INFO: [ view_parse ] --START--
INFO: [ template_filter ] --START--
INFO: Run Behavior\ContentReplaceBehavior [ RunTime:0.000064s ]
INFO: [ template_filter ] --END-- [ RunTime:0.000120s ]
INFO: Run Behavior\ParseTemplateBehavior [ RunTime:0.007840s ]
INFO: [ view_parse ] --END-- [ RunTime:0.007885s ]
INFO: [ view_filter ] --START--
INFO: Run Behavior\WriteHtmlCacheBehavior [ RunTime:0.000049s ]
INFO: [ view_filter ] --END-- [ RunTime:0.000077s ]
INFO: [ app_end ] --START--
INFO: Run Behavior\ShowPageTraceBehavior [ RunTime:0.000052s ]
INFO: [ app_end ] --END-- [ RunTime:0.000084s ]

