[ 2016-07-02T00:15:24+08:00 ] 172.17.0.1 /Admin/event
INFO: [ app_init ] --START--
INFO: Run Behavior\BuildLiteBehavior [ RunTime:0.000011s ]
INFO: [ app_init ] --END-- [ RunTime:0.000083s ]

[ 2016-07-02T00:16:49+08:00 ] 172.17.0.1 /Admin/event
INFO: [ app_init ] --START--
INFO: Run Behavior\BuildLiteBehavior [ RunTime:0.000017s ]
INFO: [ app_init ] --END-- [ RunTime:0.000129s ]

[ 2016-07-02T00:17:52+08:00 ] 172.17.0.1 /Admin/event
INFO: [ app_init ] --START--
INFO: Run Behavior\BuildLiteBehavior [ RunTime:0.000016s ]
INFO: [ app_init ] --END-- [ RunTime:0.000124s ]

[ 2016-07-02T00:27:26+08:00 ] 172.17.0.1 /Admin/event
INFO: [ app_init ] --START--
INFO: Run Behavior\BuildLiteBehavior [ RunTime:0.000019s ]
INFO: [ app_init ] --END-- [ RunTime:0.000147s ]

[ 2016-07-02T00:39:50+08:00 ] 172.17.0.1 /Event/submit/2
INFO: [ app_init ] --START--
INFO: Run Behavior\BuildLiteBehavior [ RunTime:0.000014s ]
INFO: [ app_init ] --END-- [ RunTime:0.000093s ]
INFO: [ app_begin ] --START--
INFO: Run Behavior\ReadHtmlCacheBehavior [ RunTime:0.000066s ]
INFO: Run Behavior\CheckLangBehavior [ RunTime:0.000206s ]
INFO: [ app_begin ] --END-- [ RunTime:0.000355s ]
INFO: [ action_begin ] --START--
INFO: Run Home\Behaviors\UserTokenBehavior [ RunTime:0.704598s ]
INFO: [ action_begin ] --END-- [ RunTime:0.704665s ]
SQL: SHOW COLUMNS FROM `event` [ RunTime:0.0005s ]
NOTIC: [8] Undefined index: id /home/Application/Home/Controller/EventController.class.php 第 59 行.
SQL: SHOW COLUMNS FROM `event` [ RunTime:0.0004s ]
SQL: UPDATE `event` SET `type`='2',`title`='{\"zh-cn\":\"\\u3010Leg8\\u3011Tour of China 2016 & \\u73af\\u4e2d\\u56fd 2016 \\u77f3\\u5bb6\\u5e84-\\u957f\\u6625\",\"en-us\":\"\\u3010Leg8\\u3011Tour of China 2016 & \\u73af\\u4e2d\\u56fd 2016 \\u77f3\\u5bb6\\u5e84-\\u957f\\u6625\"}',`detail`='{\"zh-cn\":\"\",\"en-us\":\"\"}',`banner`='http://forum.vatprc.net/uploads/monthly_06_2016/post-577-0-35561900-1467004935.png',`starttime`='1467460800',`endtime`='1467475200',`route`='[[\"ZBSJ - ZYCC\",\"JB B215 VYK W41 CDY G212 TGO\"]]',`airports`='',`status`='3',`notams`='{\"zh-cn\":[],\"en-us\":[]}' WHERE `id` = 2 [ RunTime:0.0003s ]
INFO: [ app_end ] --START--
INFO: Run Behavior\ShowPageTraceBehavior [ RunTime:0.000064s ]
INFO: [ app_end ] --END-- [ RunTime:0.000094s ]

[ 2016-07-02T00:40:37+08:00 ] 172.17.0.1 /Event/submit/2
INFO: [ app_init ] --START--
INFO: Run Behavior\BuildLiteBehavior [ RunTime:0.000017s ]
INFO: [ app_init ] --END-- [ RunTime:0.000120s ]
INFO: [ app_begin ] --START--
INFO: Run Behavior\ReadHtmlCacheBehavior [ RunTime:0.000090s ]
INFO: Run Behavior\CheckLangBehavior [ RunTime:0.000375s ]
INFO: [ app_begin ] --END-- [ RunTime:0.000575s ]
INFO: [ action_begin ] --START--
INFO: Run Home\Behaviors\UserTokenBehavior [ RunTime:0.697414s ]
INFO: [ action_begin ] --END-- [ RunTime:0.697504s ]
SQL: SHOW COLUMNS FROM `event` [ RunTime:0.0005s ]
NOTIC: [8] Undefined index: id /home/Application/Home/Controller/EventController.class.php 第 59 行.
SQL: SHOW COLUMNS FROM `event` [ RunTime:0.0004s ]
SQL: UPDATE `event` SET `type`='2',`title`='{\"zh-cn\":\"\\u3010Leg8\\u3011Tour of China 2016 & \\u73af\\u4e2d\\u56fd 2016 \\u77f3\\u5bb6\\u5e84-\\u957f\\u6625\",\"en-us\":\"\\u3010Leg8\\u3011Tour of China 2016 & \\u73af\\u4e2d\\u56fd 2016 \\u77f3\\u5bb6\\u5e84-\\u957f\\u6625\"}',`detail`='{\"zh-cn\":\"\",\"en-us\":\"\"}',`banner`='http://forum.vatprc.net/uploads/monthly_06_2016/post-577-0-35561900-1467004935.png',`starttime`='1467460800',`endtime`='1467475200',`route`='[[\"ZBSJ - ZYCC\",\"JB B215 VYK W41 CDY G212 TGO\"]]',`status`='3',`notams`='{\"zh-cn\":[],\"en-us\":[]}' WHERE `id` = 2 [ RunTime:0.0003s ]
INFO: [ app_end ] --START--
INFO: Run Behavior\ShowPageTraceBehavior [ RunTime:0.000065s ]
INFO: [ app_end ] --END-- [ RunTime:0.000098s ]

[ 2016-07-02T00:42:40+08:00 ] 172.17.0.1 /Event/submit/2
INFO: [ app_init ] --START--
INFO: Run Behavior\BuildLiteBehavior [ RunTime:0.000011s ]
INFO: [ app_init ] --END-- [ RunTime:0.000082s ]
INFO: [ app_begin ] --START--
INFO: Run Behavior\ReadHtmlCacheBehavior [ RunTime:0.000037s ]
INFO: Run Behavior\CheckLangBehavior [ RunTime:0.000208s ]
INFO: [ app_begin ] --END-- [ RunTime:0.000328s ]
INFO: [ action_begin ] --START--
INFO: Run Home\Behaviors\UserTokenBehavior [ RunTime:0.699468s ]
INFO: [ action_begin ] --END-- [ RunTime:0.699537s ]
SQL: SHOW COLUMNS FROM `event` [ RunTime:0.0006s ]
NOTIC: [8] Undefined index: id /home/Application/Home/Controller/EventController.class.php 第 59 行.
SQL: SHOW COLUMNS FROM `event` [ RunTime:0.0005s ]
SQL: UPDATE `event` SET `type`='2',`title`='{\"zh-cn\":\"\\u3010Leg8\\u3011Tour of China 2016 & \\u73af\\u4e2d\\u56fd 2016 \\u77f3\\u5bb6\\u5e84-\\u957f\\u6625\",\"en-us\":\"\\u3010Leg8\\u3011Tour of China 2016 & \\u73af\\u4e2d\\u56fd 2016 \\u77f3\\u5bb6\\u5e84-\\u957f\\u6625\"}',`detail`='{\"zh-cn\":\"\",\"en-us\":\"\"}',`banner`='http://forum.vatprc.net/uploads/monthly_06_2016/post-577-0-35561900-1467004935.png',`starttime`='1467460800',`endtime`='1467475200',`route`='[[\"ZBSJ - ZYCC\",\"JB B215 VYK W41 CDY G212 TGO\"]]',`status`='3',`notams`='{\"zh-cn\":[],\"en-us\":[]}' WHERE `id` = 2 [ RunTime:0.0004s ]
INFO: [ app_end ] --START--
INFO: Run Behavior\ShowPageTraceBehavior [ RunTime:0.000070s ]
INFO: [ app_end ] --END-- [ RunTime:0.000104s ]

[ 2016-07-02T00:44:32+08:00 ] 172.17.0.1 /Event/submit/2
INFO: [ app_init ] --START--
INFO: Run Behavior\BuildLiteBehavior [ RunTime:0.000023s ]
INFO: [ app_init ] --END-- [ RunTime:0.000165s ]
INFO: [ app_begin ] --START--
INFO: Run Behavior\ReadHtmlCacheBehavior [ RunTime:0.000096s ]
INFO: Run Behavior\CheckLangBehavior [ RunTime:0.000417s ]
INFO: [ app_begin ] --END-- [ RunTime:0.000646s ]
INFO: [ action_begin ] --START--
INFO: Run Home\Behaviors\UserTokenBehavior [ RunTime:0.697920s ]
INFO: [ action_begin ] --END-- [ RunTime:0.698047s ]
SQL: SHOW COLUMNS FROM `event` [ RunTime:0.0008s ]
NOTIC: [8] Undefined index: id /home/Application/Home/Controller/EventController.class.php 第 59 行.
SQL: SHOW COLUMNS FROM `event` [ RunTime:0.0016s ]
SQL: UPDATE `event` SET `type`='2',`title`='{\"zh-cn\":\"\\u3010Leg8\\u3011Tour of China 2016 & \\u73af\\u4e2d\\u56fd 2016 \\u77f3\\u5bb6\\u5e84-\\u957f\\u6625\",\"en-us\":\"\\u3010Leg8\\u3011Tour of China 2016 & \\u73af\\u4e2d\\u56fd 2016 \\u77f3\\u5bb6\\u5e84-\\u957f\\u6625\"}',`detail`='{\"zh-cn\":\"\",\"en-us\":\"\"}',`banner`='http://forum.vatprc.net/uploads/monthly_06_2016/post-577-0-35561900-1467004935.png',`starttime`='1467460800',`endtime`='1467475200',`route`='[[\"ZBSJ - ZYCC\",\"JB B215 VYK W41 CDY G212 TGO\"]]',`status`='3',`notams`='{\"zh-cn\":[],\"en-us\":[]}' WHERE `id` = 2 [ RunTime:0.0007s ]
INFO: [ app_end ] --START--
INFO: Run Behavior\ShowPageTraceBehavior [ RunTime:0.000095s ]
INFO: [ app_end ] --END-- [ RunTime:0.000147s ]

[ 2016-07-02T00:49:45+08:00 ] 172.17.0.1 /Event/submit/2
INFO: [ app_init ] --START--
INFO: Run Behavior\BuildLiteBehavior [ RunTime:0.000011s ]
INFO: [ app_init ] --END-- [ RunTime:0.000081s ]
INFO: [ app_begin ] --START--
INFO: Run Behavior\ReadHtmlCacheBehavior [ RunTime:0.000036s ]
INFO: Run Behavior\CheckLangBehavior [ RunTime:0.000175s ]
INFO: [ app_begin ] --END-- [ RunTime:0.000261s ]
INFO: [ action_begin ] --START--
INFO: Run Home\Behaviors\UserTokenBehavior [ RunTime:0.703117s ]
INFO: [ action_begin ] --END-- [ RunTime:0.703196s ]
SQL: SHOW COLUMNS FROM `event` [ RunTime:0.0012s ]
NOTIC: [8] Undefined index: id /home/Application/Home/Controller/EventController.class.php 第 59 行.
SQL: SHOW COLUMNS FROM `event` [ RunTime:0.0005s ]
SQL: UPDATE `event` SET `type`='2',`title`='{\"zh-cn\":\"\\u3010Leg8\\u3011Tour of China 2016 & \\u73af\\u4e2d\\u56fd 2016 \\u77f3\\u5bb6\\u5e84-\\u957f\\u6625\",\"en-us\":\"\\u3010Leg8\\u3011Tour of China 2016 & \\u73af\\u4e2d\\u56fd 2016 \\u77f3\\u5bb6\\u5e84-\\u957f\\u6625\"}',`detail`='{\"zh-cn\":\"\",\"en-us\":\"\"}',`banner`='http://forum.vatprc.net/uploads/monthly_06_2016/post-577-0-35561900-1467004935.png',`starttime`='1467460800',`endtime`='1467475200',`route`='[[\"ZBSJ - ZYCC\",\"JB B215 VYK W41 CDY G212 TGO\"]]',`airports`='[\"ZBSJ\",\"ZYCC\"]',`status`='3',`notams`='{\"zh-cn\":[],\"en-us\":[]}' WHERE `id` = 2 [ RunTime:0.0004s ]
INFO: [ app_end ] --START--
INFO: Run Behavior\ShowPageTraceBehavior [ RunTime:0.000076s ]
INFO: [ app_end ] --END-- [ RunTime:0.000110s ]

[ 2016-07-02T18:06:05+08:00 ] 172.17.0.1 /
INFO: [ app_init ] --START--
INFO: Run Behavior\BuildLiteBehavior [ RunTime:0.000030s ]
INFO: [ app_init ] --END-- [ RunTime:0.009185s ]

[ 2016-07-02T18:06:07+08:00 ] 172.17.0.1 /favicon.ico
INFO: [ app_init ] --START--
INFO: Run Behavior\BuildLiteBehavior [ RunTime:0.000011s ]
INFO: [ app_init ] --END-- [ RunTime:0.000077s ]

[ 2016-07-02T18:06:09+08:00 ] 172.17.0.1 /Event/view/2
INFO: [ app_init ] --START--
INFO: Run Behavior\BuildLiteBehavior [ RunTime:0.000016s ]
INFO: [ app_init ] --END-- [ RunTime:0.000121s ]

[ 2016-07-02T18:06:10+08:00 ] 172.17.0.1 /favicon.ico
INFO: [ app_init ] --START--
INFO: Run Behavior\BuildLiteBehavior [ RunTime:0.000016s ]
INFO: [ app_init ] --END-- [ RunTime:0.000125s ]

[ 2016-07-02T18:06:11+08:00 ] 172.17.0.1 /Booking/2
INFO: [ app_init ] --START--
INFO: Run Behavior\BuildLiteBehavior [ RunTime:0.000011s ]
INFO: [ app_init ] --END-- [ RunTime:0.000077s ]

[ 2016-07-02T18:06:14+08:00 ] 172.17.0.1 /Index/index
INFO: [ app_init ] --START--
INFO: Run Behavior\BuildLiteBehavior [ RunTime:0.000013s ]
INFO: [ app_init ] --END-- [ RunTime:0.000084s ]

[ 2016-07-02T18:06:25+08:00 ] 172.17.0.1 /User/login/1248613
INFO: [ app_init ] --START--
INFO: Run Behavior\BuildLiteBehavior [ RunTime:0.000015s ]
INFO: [ app_init ] --END-- [ RunTime:0.000143s ]

[ 2016-07-02T18:06:27+08:00 ] 172.17.0.1 /
INFO: [ app_init ] --START--
INFO: Run Behavior\BuildLiteBehavior [ RunTime:0.000016s ]
INFO: [ app_init ] --END-- [ RunTime:0.000103s ]

[ 2016-07-02T18:06:30+08:00 ] 172.17.0.1 /Event/view/2
INFO: [ app_init ] --START--
INFO: Run Behavior\BuildLiteBehavior [ RunTime:0.000018s ]
INFO: [ app_init ] --END-- [ RunTime:0.000124s ]

[ 2016-07-02T18:06:33+08:00 ] 172.17.0.1 /Booking/2
INFO: [ app_init ] --START--
INFO: Run Behavior\BuildLiteBehavior [ RunTime:0.000010s ]
INFO: [ app_init ] --END-- [ RunTime:0.000071s ]

[ 2016-07-02T18:06:45+08:00 ] 172.17.0.1 /Booking/book/6
INFO: [ app_init ] --START--
INFO: Run Behavior\BuildLiteBehavior [ RunTime:0.000019s ]
INFO: [ app_init ] --END-- [ RunTime:0.000189s ]

[ 2016-07-02T18:06:47+08:00 ] 172.17.0.1 /Booking/2
INFO: [ app_init ] --START--
INFO: Run Behavior\BuildLiteBehavior [ RunTime:0.000011s ]
INFO: [ app_init ] --END-- [ RunTime:0.000071s ]

[ 2016-07-02T18:16:01+08:00 ] 172.17.0.1 /Booking/email/2
INFO: [ app_init ] --START--
INFO: Run Behavior\BuildLiteBehavior [ RunTime:0.000025s ]
INFO: [ app_init ] --END-- [ RunTime:0.000186s ]

[ 2016-07-02T18:16:28+08:00 ] 172.17.0.1 /Booking/email/2
INFO: [ app_init ] --START--
INFO: Run Behavior\BuildLiteBehavior [ RunTime:0.000032s ]
INFO: [ app_init ] --END-- [ RunTime:0.000277s ]

[ 2016-07-02T18:16:53+08:00 ] 172.17.0.1 /Booking/email/6
INFO: [ app_init ] --START--
INFO: Run Behavior\BuildLiteBehavior [ RunTime:0.000018s ]
INFO: [ app_init ] --END-- [ RunTime:0.000131s ]

[ 2016-07-02T18:17:23+08:00 ] 172.17.0.1 /Booking/email/6
INFO: [ app_init ] --START--
INFO: Run Behavior\BuildLiteBehavior [ RunTime:0.000020s ]
INFO: [ app_init ] --END-- [ RunTime:0.000158s ]

[ 2016-07-02T18:17:30+08:00 ] 172.17.0.1 /Booking/email/6
INFO: [ app_init ] --START--
INFO: Run Behavior\BuildLiteBehavior [ RunTime:0.000022s ]
INFO: [ app_init ] --END-- [ RunTime:0.000179s ]

[ 2016-07-02T18:17:45+08:00 ] 172.17.0.1 /Booking/email/6
INFO: [ app_init ] --START--
INFO: Run Behavior\BuildLiteBehavior [ RunTime:0.000016s ]
INFO: [ app_init ] --END-- [ RunTime:0.000131s ]

[ 2016-07-02T18:20:07+08:00 ] 172.17.0.1 /
INFO: [ app_init ] --START--
INFO: Run Behavior\BuildLiteBehavior [ RunTime:0.000015s ]
INFO: [ app_init ] --END-- [ RunTime:0.000116s ]

[ 2016-07-02T18:20:54+08:00 ] 172.17.0.1 /Event/view/2
INFO: [ app_init ] --START--
INFO: Run Behavior\BuildLiteBehavior [ RunTime:0.000020s ]
INFO: [ app_init ] --END-- [ RunTime:0.000131s ]

[ 2016-07-02T18:20:58+08:00 ] 172.17.0.1 /Booking/2
INFO: [ app_init ] --START--
INFO: Run Behavior\BuildLiteBehavior [ RunTime:0.000010s ]
INFO: [ app_init ] --END-- [ RunTime:0.000077s ]

[ 2016-07-02T18:21:02+08:00 ] 172.17.0.1 /Booking/cancel/6
INFO: [ app_init ] --START--
INFO: Run Behavior\BuildLiteBehavior [ RunTime:0.000011s ]
INFO: [ app_init ] --END-- [ RunTime:0.000078s ]

[ 2016-07-02T18:21:05+08:00 ] 172.17.0.1 /Booking/2
INFO: [ app_init ] --START--
INFO: Run Behavior\BuildLiteBehavior [ RunTime:0.000026s ]
INFO: [ app_init ] --END-- [ RunTime:0.000161s ]

[ 2016-07-02T18:21:10+08:00 ] 172.17.0.1 /Booking/book/6
INFO: [ app_init ] --START--
INFO: Run Behavior\BuildLiteBehavior [ RunTime:0.000025s ]
INFO: [ app_init ] --END-- [ RunTime:0.000163s ]

[ 2016-07-02T18:21:33+08:00 ] 172.17.0.1 /Booking/2
INFO: [ app_init ] --START--
INFO: Run Behavior\BuildLiteBehavior [ RunTime:0.000016s ]
INFO: [ app_init ] --END-- [ RunTime:0.000124s ]

[ 2016-07-02T18:21:37+08:00 ] 172.17.0.1 /Booking/cancel/6
INFO: [ app_init ] --START--
INFO: Run Behavior\BuildLiteBehavior [ RunTime:0.000019s ]
INFO: [ app_init ] --END-- [ RunTime:0.000130s ]

[ 2016-07-02T18:21:39+08:00 ] 172.17.0.1 /Booking/2
INFO: [ app_init ] --START--
INFO: Run Behavior\BuildLiteBehavior [ RunTime:0.000023s ]
INFO: [ app_init ] --END-- [ RunTime:0.000150s ]

[ 2016-07-02T18:21:45+08:00 ] 172.17.0.1 /Booking/book/7
INFO: [ app_init ] --START--
INFO: Run Behavior\BuildLiteBehavior [ RunTime:0.000013s ]
INFO: [ app_init ] --END-- [ RunTime:0.000106s ]

[ 2016-07-02T18:21:48+08:00 ] 172.17.0.1 /Booking/2
INFO: [ app_init ] --START--
INFO: Run Behavior\BuildLiteBehavior [ RunTime:0.000021s ]
INFO: [ app_init ] --END-- [ RunTime:0.000161s ]

[ 2016-07-02T18:25:28+08:00 ] 172.17.0.1 /Booking/cancel/7
INFO: [ app_init ] --START--
INFO: Run Behavior\BuildLiteBehavior [ RunTime:0.000010s ]
INFO: [ app_init ] --END-- [ RunTime:0.000077s ]

[ 2016-07-02T18:25:30+08:00 ] 172.17.0.1 /Booking/2
INFO: [ app_init ] --START--
INFO: Run Behavior\BuildLiteBehavior [ RunTime:0.000013s ]
INFO: [ app_init ] --END-- [ RunTime:0.000116s ]

[ 2016-07-02T18:25:36+08:00 ] 172.17.0.1 /Booking/book/7
INFO: [ app_init ] --START--
INFO: Run Behavior\BuildLiteBehavior [ RunTime:0.000012s ]
INFO: [ app_init ] --END-- [ RunTime:0.000092s ]

[ 2016-07-02T18:25:40+08:00 ] 172.17.0.1 /Booking/2
INFO: [ app_init ] --START--
INFO: Run Behavior\BuildLiteBehavior [ RunTime:0.000013s ]
INFO: [ app_init ] --END-- [ RunTime:0.000102s ]

[ 2016-07-02T18:40:09+08:00 ] 172.17.0.1 /Booking/cancel/7
INFO: [ app_init ] --START--
INFO: Run Behavior\BuildLiteBehavior [ RunTime:0.000022s ]
INFO: [ app_init ] --END-- [ RunTime:0.000198s ]
ERR: Redis server went away

[ 2016-07-02T18:40:15+08:00 ] 172.17.0.1 /Booking/cancel/7
INFO: [ app_init ] --START--
INFO: Run Behavior\BuildLiteBehavior [ RunTime:0.000017s ]
INFO: [ app_init ] --END-- [ RunTime:0.000111s ]
ERR: Redis server went away

[ 2016-07-02T18:40:28+08:00 ] 172.17.0.1 /Booking/2
INFO: [ app_init ] --START--
INFO: Run Behavior\BuildLiteBehavior [ RunTime:0.000016s ]
INFO: [ app_init ] --END-- [ RunTime:0.000118s ]
ERR: Redis server went away

[ 2016-07-02T18:43:29+08:00 ] 172.17.0.1 /
INFO: [ app_init ] --START--
INFO: Run Behavior\BuildLiteBehavior [ RunTime:0.000020s ]
INFO: [ app_init ] --END-- [ RunTime:0.000132s ]
ERR: Redis server went away

[ 2016-07-02T18:45:30+08:00 ] 172.17.0.1 /
INFO: [ app_init ] --START--
INFO: Run Behavior\BuildLiteBehavior [ RunTime:0.000012s ]
INFO: [ app_init ] --END-- [ RunTime:0.000086s ]

[ 2016-07-02T18:45:38+08:00 ] 172.17.0.1 /Booking/2
INFO: [ app_init ] --START--
INFO: Run Behavior\BuildLiteBehavior [ RunTime:0.000020s ]
INFO: [ app_init ] --END-- [ RunTime:0.000158s ]

[ 2016-07-02T18:45:43+08:00 ] 172.17.0.1 /Booking/cancel/7
INFO: [ app_init ] --START--
INFO: Run Behavior\BuildLiteBehavior [ RunTime:0.000017s ]
INFO: [ app_init ] --END-- [ RunTime:0.000123s ]

[ 2016-07-02T18:45:46+08:00 ] 172.17.0.1 /Booking/2
INFO: [ app_init ] --START--
INFO: Run Behavior\BuildLiteBehavior [ RunTime:0.000010s ]
INFO: [ app_init ] --END-- [ RunTime:0.000075s ]

[ 2016-07-02T18:46:33+08:00 ] 172.17.0.1 /Event/route/2/0
INFO: [ app_init ] --START--
INFO: Run Behavior\BuildLiteBehavior [ RunTime:0.000015s ]
INFO: [ app_init ] --END-- [ RunTime:0.000112s ]
INFO: [ app_begin ] --START--
INFO: Run Behavior\ReadHtmlCacheBehavior [ RunTime:0.000060s ]
INFO: Run Behavior\CheckLangBehavior [ RunTime:0.000281s ]
INFO: [ app_begin ] --END-- [ RunTime:0.000417s ]
INFO: [ action_begin ] --START--
INFO: Run Home\Behaviors\UserTokenBehavior [ RunTime:0.710412s ]
INFO: [ action_begin ] --END-- [ RunTime:0.710509s ]
SQL: SHOW COLUMNS FROM `event` [ RunTime:0.0007s ]
SQL: SELECT `route` FROM `event` WHERE `id` = 2 LIMIT 1   [ RunTime:0.0003s ]

[ 2016-07-02T10:46:38+00:00 ] 172.17.0.1 /Booking/submit/2
INFO: [ app_init ] --START--
INFO: Run Behavior\BuildLiteBehavior [ RunTime:0.000012s ]
INFO: [ app_init ] --END-- [ RunTime:0.000090s ]

[ 2016-07-02T18:46:41+08:00 ] 172.17.0.1 /Booking/2
INFO: [ app_init ] --START--
INFO: Run Behavior\BuildLiteBehavior [ RunTime:0.000010s ]
INFO: [ app_init ] --END-- [ RunTime:0.000075s ]

[ 2016-07-02T18:47:55+08:00 ] 172.17.0.1 /Booking/2
INFO: [ app_init ] --START--
INFO: Run Behavior\BuildLiteBehavior [ RunTime:0.000011s ]
INFO: [ app_init ] --END-- [ RunTime:0.000087s ]

[ 2016-07-02T18:48:02+08:00 ] 172.17.0.1 /Index/index
INFO: [ app_init ] --START--
INFO: Run Behavior\BuildLiteBehavior [ RunTime:0.000011s ]
INFO: [ app_init ] --END-- [ RunTime:0.000079s ]

[ 2016-07-02T18:48:05+08:00 ] 172.17.0.1 /Event/view/2
INFO: [ app_init ] --START--
INFO: Run Behavior\BuildLiteBehavior [ RunTime:0.000011s ]
INFO: [ app_init ] --END-- [ RunTime:0.000076s ]

[ 2016-07-02T18:48:18+08:00 ] 172.17.0.1 /Booking/2
INFO: [ app_init ] --START--
INFO: Run Behavior\BuildLiteBehavior [ RunTime:0.000019s ]
INFO: [ app_init ] --END-- [ RunTime:0.000141s ]

[ 2016-07-02T18:50:42+08:00 ] 172.17.0.1 /Event/route/2/0
INFO: [ app_init ] --START--
INFO: Run Behavior\BuildLiteBehavior [ RunTime:0.000013s ]
INFO: [ app_init ] --END-- [ RunTime:0.000090s ]
INFO: [ app_begin ] --START--
INFO: Run Behavior\ReadHtmlCacheBehavior [ RunTime:0.000039s ]
INFO: Run Behavior\CheckLangBehavior [ RunTime:0.000186s ]
INFO: [ app_begin ] --END-- [ RunTime:0.000277s ]
INFO: [ action_begin ] --START--
INFO: Run Home\Behaviors\UserTokenBehavior [ RunTime:0.700885s ]
INFO: [ action_begin ] --END-- [ RunTime:0.700961s ]
SQL: SHOW COLUMNS FROM `event` [ RunTime:0.0007s ]
SQL: SELECT `route` FROM `event` WHERE `id` = 2 LIMIT 1   [ RunTime:0.0005s ]

[ 2016-07-02T10:50:46+00:00 ] 172.17.0.1 /Booking/submit/2
INFO: [ app_init ] --START--
INFO: Run Behavior\BuildLiteBehavior [ RunTime:0.000013s ]
INFO: [ app_init ] --END-- [ RunTime:0.000088s ]

[ 2016-07-02T18:50:49+08:00 ] 172.17.0.1 /Booking/2
INFO: [ app_init ] --START--
INFO: Run Behavior\BuildLiteBehavior [ RunTime:0.000018s ]
INFO: [ app_init ] --END-- [ RunTime:0.000114s ]

[ 2016-07-02T18:50:58+08:00 ] 172.17.0.1 /Admin/event
INFO: [ app_init ] --START--
INFO: Run Behavior\BuildLiteBehavior [ RunTime:0.000014s ]
INFO: [ app_init ] --END-- [ RunTime:0.000101s ]

[ 2016-07-02T18:51:01+08:00 ] 172.17.0.1 /Admin/booking/2
INFO: [ app_init ] --START--
INFO: Run Behavior\BuildLiteBehavior [ RunTime:0.000017s ]
INFO: [ app_init ] --END-- [ RunTime:0.000119s ]

[ 2016-07-02T18:51:05+08:00 ] 172.17.0.1 /Booking/delete/8
INFO: [ app_init ] --START--
INFO: Run Behavior\BuildLiteBehavior [ RunTime:0.000012s ]
INFO: [ app_init ] --END-- [ RunTime:0.000088s ]

[ 2016-07-02T18:51:08+08:00 ] 172.17.0.1 /Admin/booking/2
INFO: [ app_init ] --START--
INFO: Run Behavior\BuildLiteBehavior [ RunTime:0.000010s ]
INFO: [ app_init ] --END-- [ RunTime:0.000071s ]

[ 2016-07-02T18:51:10+08:00 ] 172.17.0.1 /Booking/delete/9
INFO: [ app_init ] --START--
INFO: Run Behavior\BuildLiteBehavior [ RunTime:0.000013s ]
INFO: [ app_init ] --END-- [ RunTime:0.000105s ]

[ 2016-07-02T18:51:12+08:00 ] 172.17.0.1 /Admin/booking/2
INFO: [ app_init ] --START--
INFO: Run Behavior\BuildLiteBehavior [ RunTime:0.000011s ]
INFO: [ app_init ] --END-- [ RunTime:0.000069s ]

[ 2016-07-02T18:52:20+08:00 ] 172.17.0.1 /Event/route/2/0
INFO: [ app_init ] --START--
INFO: Run Behavior\BuildLiteBehavior [ RunTime:0.000018s ]
INFO: [ app_init ] --END-- [ RunTime:0.000134s ]
INFO: [ app_begin ] --START--
INFO: Run Behavior\ReadHtmlCacheBehavior [ RunTime:0.000101s ]
INFO: Run Behavior\CheckLangBehavior [ RunTime:0.000465s ]
INFO: [ app_begin ] --END-- [ RunTime:0.000697s ]
INFO: [ action_begin ] --START--
INFO: Run Home\Behaviors\UserTokenBehavior [ RunTime:0.772914s ]
INFO: [ action_begin ] --END-- [ RunTime:0.773055s ]
SQL: SHOW COLUMNS FROM `event` [ RunTime:0.0009s ]
SQL: SELECT `route` FROM `event` WHERE `id` = 2 LIMIT 1   [ RunTime:0.0004s ]

[ 2016-07-02T10:52:30+00:00 ] 172.17.0.1 /Booking/submit/2/0
INFO: [ app_init ] --START--
INFO: Run Behavior\BuildLiteBehavior [ RunTime:0.000012s ]
INFO: [ app_init ] --END-- [ RunTime:0.000087s ]

[ 2016-07-02T18:52:32+08:00 ] 172.17.0.1 /Admin/booking/2
INFO: [ app_init ] --START--
INFO: Run Behavior\BuildLiteBehavior [ RunTime:0.000011s ]
INFO: [ app_init ] --END-- [ RunTime:0.000074s ]

[ 2016-07-02T18:53:07+08:00 ] 172.17.0.1 /Event/route/2/0
INFO: [ app_init ] --START--
INFO: Run Behavior\BuildLiteBehavior [ RunTime:0.000011s ]
INFO: [ app_init ] --END-- [ RunTime:0.000079s ]
INFO: [ app_begin ] --START--
INFO: Run Behavior\ReadHtmlCacheBehavior [ RunTime:0.000037s ]
INFO: Run Behavior\CheckLangBehavior [ RunTime:0.000389s ]
INFO: [ app_begin ] --END-- [ RunTime:0.000498s ]
INFO: [ action_begin ] --START--
INFO: Run Home\Behaviors\UserTokenBehavior [ RunTime:0.701667s ]
INFO: [ action_begin ] --END-- [ RunTime:0.701763s ]
SQL: SHOW COLUMNS FROM `event` [ RunTime:0.0010s ]
SQL: SELECT `route` FROM `event` WHERE `id` = 2 LIMIT 1   [ RunTime:0.0005s ]

[ 2016-07-02T10:53:11+00:00 ] 172.17.0.1 /Booking/submit/2/0
INFO: [ app_init ] --START--
INFO: Run Behavior\BuildLiteBehavior [ RunTime:0.000012s ]
INFO: [ app_init ] --END-- [ RunTime:0.000114s ]

[ 2016-07-02T18:54:14+08:00 ] 172.17.0.1 /Admin/event
INFO: [ app_init ] --START--
INFO: Run Behavior\BuildLiteBehavior [ RunTime:0.000015s ]
INFO: [ app_init ] --END-- [ RunTime:0.000109s ]

[ 2016-07-02T18:54:27+08:00 ] 172.17.0.1 /Event/view/2
INFO: [ app_init ] --START--
INFO: Run Behavior\BuildLiteBehavior [ RunTime:0.000011s ]
INFO: [ app_init ] --END-- [ RunTime:0.000085s ]

[ 2016-07-02T18:54:29+08:00 ] 172.17.0.1 /Booking/2
INFO: [ app_init ] --START--
INFO: Run Behavior\BuildLiteBehavior [ RunTime:0.000013s ]
INFO: [ app_init ] --END-- [ RunTime:0.000092s ]

[ 2016-07-02T18:54:36+08:00 ] 172.17.0.1 /Event/route/2/0
INFO: [ app_init ] --START--
INFO: Run Behavior\BuildLiteBehavior [ RunTime:0.000019s ]
INFO: [ app_init ] --END-- [ RunTime:0.000133s ]
INFO: [ app_begin ] --START--
INFO: Run Behavior\ReadHtmlCacheBehavior [ RunTime:0.000071s ]
INFO: Run Behavior\CheckLangBehavior [ RunTime:0.000337s ]
INFO: [ app_begin ] --END-- [ RunTime:0.000501s ]
INFO: [ action_begin ] --START--
INFO: Run Home\Behaviors\UserTokenBehavior [ RunTime:0.715695s ]
INFO: [ action_begin ] --END-- [ RunTime:0.715788s ]
SQL: SHOW COLUMNS FROM `event` [ RunTime:0.0008s ]
SQL: SELECT `route` FROM `event` WHERE `id` = 2 LIMIT 1   [ RunTime:0.0003s ]

[ 2016-07-02T10:54:40+00:00 ] 172.17.0.1 /Booking/submit/2
INFO: [ app_init ] --START--
INFO: Run Behavior\BuildLiteBehavior [ RunTime:0.000017s ]
INFO: [ app_init ] --END-- [ RunTime:0.000135s ]

[ 2016-07-02T10:55:12+00:00 ] 172.17.0.1 /Booking/submit/2
INFO: [ app_init ] --START--
INFO: Run Behavior\BuildLiteBehavior [ RunTime:0.000010s ]
INFO: [ app_init ] --END-- [ RunTime:0.000078s ]

[ 2016-07-02T10:55:57+00:00 ] 172.17.0.1 /Booking/submit/2
INFO: [ app_init ] --START--
INFO: Run Behavior\BuildLiteBehavior [ RunTime:0.000012s ]
INFO: [ app_init ] --END-- [ RunTime:0.000088s ]

[ 2016-07-02T18:56:48+08:00 ] 172.17.0.1 /Booking/submit/2
INFO: [ app_init ] --START--
INFO: Run Behavior\BuildLiteBehavior [ RunTime:0.000017s ]
INFO: [ app_init ] --END-- [ RunTime:0.000116s ]

[ 2016-07-02T18:56:52+08:00 ] 172.17.0.1 /Booking/2
INFO: [ app_init ] --START--
INFO: Run Behavior\BuildLiteBehavior [ RunTime:0.000013s ]
INFO: [ app_init ] --END-- [ RunTime:0.000089s ]

[ 2016-07-02T18:56:59+08:00 ] 172.17.0.1 /Admin/event
INFO: [ app_init ] --START--
INFO: Run Behavior\BuildLiteBehavior [ RunTime:0.000011s ]
INFO: [ app_init ] --END-- [ RunTime:0.000078s ]

[ 2016-07-02T18:57:02+08:00 ] 172.17.0.1 /Admin/booking/2
INFO: [ app_init ] --START--
INFO: Run Behavior\BuildLiteBehavior [ RunTime:0.000023s ]
INFO: [ app_init ] --END-- [ RunTime:0.000146s ]

[ 2016-07-02T18:57:05+08:00 ] 172.17.0.1 /Booking/delete/11
INFO: [ app_init ] --START--
INFO: Run Behavior\BuildLiteBehavior [ RunTime:0.000018s ]
INFO: [ app_init ] --END-- [ RunTime:0.000123s ]

[ 2016-07-02T18:57:07+08:00 ] 172.17.0.1 /Admin/booking/2
INFO: [ app_init ] --START--
INFO: Run Behavior\BuildLiteBehavior [ RunTime:0.000026s ]
INFO: [ app_init ] --END-- [ RunTime:0.000174s ]

[ 2016-07-02T18:57:10+08:00 ] 172.17.0.1 /Booking/delete/10
INFO: [ app_init ] --START--
INFO: Run Behavior\BuildLiteBehavior [ RunTime:0.000013s ]
INFO: [ app_init ] --END-- [ RunTime:0.000080s ]

[ 2016-07-02T18:57:13+08:00 ] 172.17.0.1 /Admin/booking/2
INFO: [ app_init ] --START--
INFO: Run Behavior\BuildLiteBehavior [ RunTime:0.000022s ]
INFO: [ app_init ] --END-- [ RunTime:0.000148s ]

[ 2016-07-02T18:57:16+08:00 ] 172.17.0.1 /Booking/delete/12
INFO: [ app_init ] --START--
INFO: Run Behavior\BuildLiteBehavior [ RunTime:0.000011s ]
INFO: [ app_init ] --END-- [ RunTime:0.000080s ]

[ 2016-07-02T18:57:18+08:00 ] 172.17.0.1 /Admin/booking/2
INFO: [ app_init ] --START--
INFO: Run Behavior\BuildLiteBehavior [ RunTime:0.000018s ]
INFO: [ app_init ] --END-- [ RunTime:0.000115s ]

[ 2016-07-02T18:57:27+08:00 ] 172.17.0.1 /Admin/event
INFO: [ app_init ] --START--
INFO: Run Behavior\BuildLiteBehavior [ RunTime:0.000011s ]
INFO: [ app_init ] --END-- [ RunTime:0.000085s ]

[ 2016-07-02T18:57:31+08:00 ] 172.17.0.1 /Event/view/2
INFO: [ app_init ] --START--
INFO: Run Behavior\BuildLiteBehavior [ RunTime:0.000013s ]
INFO: [ app_init ] --END-- [ RunTime:0.000084s ]

[ 2016-07-02T18:57:35+08:00 ] 172.17.0.1 /Booking/2
INFO: [ app_init ] --START--
INFO: Run Behavior\BuildLiteBehavior [ RunTime:0.000011s ]
INFO: [ app_init ] --END-- [ RunTime:0.000078s ]

[ 2016-07-02T18:58:25+08:00 ] 172.17.0.1 /Admin/event
INFO: [ app_init ] --START--
INFO: Run Behavior\BuildLiteBehavior [ RunTime:0.000010s ]
INFO: [ app_init ] --END-- [ RunTime:0.000080s ]

[ 2016-07-02T18:58:28+08:00 ] 172.17.0.1 /Admin/booking/2
INFO: [ app_init ] --START--
INFO: Run Behavior\BuildLiteBehavior [ RunTime:0.000011s ]
INFO: [ app_init ] --END-- [ RunTime:0.000078s ]

[ 2016-07-02T18:58:37+08:00 ] 172.17.0.1 /Booking/cancel/13/0
INFO: [ app_init ] --START--
INFO: Run Behavior\BuildLiteBehavior [ RunTime:0.000016s ]
INFO: [ app_init ] --END-- [ RunTime:0.000135s ]

[ 2016-07-02T18:58:39+08:00 ] 172.17.0.1 /Admin/booking/2
INFO: [ app_init ] --START--
INFO: Run Behavior\BuildLiteBehavior [ RunTime:0.000010s ]
INFO: [ app_init ] --END-- [ RunTime:0.000068s ]

[ 2016-07-02T18:58:54+08:00 ] 172.17.0.1 /Admin/event
INFO: [ app_init ] --START--
INFO: Run Behavior\BuildLiteBehavior [ RunTime:0.000013s ]
INFO: [ app_init ] --END-- [ RunTime:0.000092s ]

[ 2016-07-02T18:58:56+08:00 ] 172.17.0.1 /Admin/booking/2
INFO: [ app_init ] --START--
INFO: Run Behavior\BuildLiteBehavior [ RunTime:0.000012s ]
INFO: [ app_init ] --END-- [ RunTime:0.000079s ]

[ 2016-07-02T18:59:04+08:00 ] 172.17.0.1 /Admin/event
INFO: [ app_init ] --START--
INFO: Run Behavior\BuildLiteBehavior [ RunTime:0.000016s ]
INFO: [ app_init ] --END-- [ RunTime:0.000124s ]

[ 2016-07-02T18:59:06+08:00 ] 172.17.0.1 /Event/view/2
INFO: [ app_init ] --START--
INFO: Run Behavior\BuildLiteBehavior [ RunTime:0.000021s ]
INFO: [ app_init ] --END-- [ RunTime:0.000196s ]

[ 2016-07-02T18:59:10+08:00 ] 172.17.0.1 /Booking/2
INFO: [ app_init ] --START--
INFO: Run Behavior\BuildLiteBehavior [ RunTime:0.000017s ]
INFO: [ app_init ] --END-- [ RunTime:0.000127s ]

[ 2016-07-02T18:59:39+08:00 ] 172.17.0.1 /Booking/2
INFO: [ app_init ] --START--
INFO: Run Behavior\BuildLiteBehavior [ RunTime:0.000011s ]
INFO: [ app_init ] --END-- [ RunTime:0.000081s ]

[ 2016-07-02T18:59:50+08:00 ] 172.17.0.1 /Booking/cancel/6
INFO: [ app_init ] --START--
INFO: Run Behavior\BuildLiteBehavior [ RunTime:0.000012s ]
INFO: [ app_init ] --END-- [ RunTime:0.000086s ]

[ 2016-07-02T18:59:52+08:00 ] 172.17.0.1 /Booking/2
INFO: [ app_init ] --START--
INFO: Run Behavior\BuildLiteBehavior [ RunTime:0.000012s ]
INFO: [ app_init ] --END-- [ RunTime:0.000080s ]

[ 2016-07-02T19:05:32+08:00 ] 172.17.0.1 /Event/post
INFO: [ app_init ] --START--
INFO: Run Behavior\BuildLiteBehavior [ RunTime:0.000012s ]
INFO: [ app_init ] --END-- [ RunTime:0.000086s ]

[ 2016-07-02T19:08:26+08:00 ] 172.17.0.1 /Event/post
INFO: [ app_init ] --START--
INFO: Run Behavior\BuildLiteBehavior [ RunTime:0.000018s ]
INFO: [ app_init ] --END-- [ RunTime:0.000132s ]

[ 2016-07-02T19:09:38+08:00 ] 172.17.0.1 /Event/post
INFO: [ app_init ] --START--
INFO: Run Behavior\BuildLiteBehavior [ RunTime:0.000016s ]
INFO: [ app_init ] --END-- [ RunTime:0.000143s ]

[ 2016-07-02T19:10:57+08:00 ] 172.17.0.1 /Event/post
INFO: [ app_init ] --START--
INFO: Run Behavior\BuildLiteBehavior [ RunTime:0.000011s ]
INFO: [ app_init ] --END-- [ RunTime:0.000082s ]

[ 2016-07-02T19:11:42+08:00 ] 172.17.0.1 /Event/post
INFO: [ app_init ] --START--
INFO: Run Behavior\BuildLiteBehavior [ RunTime:0.000011s ]
INFO: [ app_init ] --END-- [ RunTime:0.000080s ]

[ 2016-07-02T19:11:50+08:00 ] 172.17.0.1 /Event/post
INFO: [ app_init ] --START--
INFO: Run Behavior\BuildLiteBehavior [ RunTime:0.000011s ]
INFO: [ app_init ] --END-- [ RunTime:0.000081s ]

[ 2016-07-02T19:12:12+08:00 ] 172.17.0.1 /Event/post
INFO: [ app_init ] --START--
INFO: Run Behavior\BuildLiteBehavior [ RunTime:0.000023s ]
INFO: [ app_init ] --END-- [ RunTime:0.000180s ]

[ 2016-07-02T19:13:21+08:00 ] 172.17.0.1 /Event/post
INFO: [ app_init ] --START--
INFO: Run Behavior\BuildLiteBehavior [ RunTime:0.000011s ]
INFO: [ app_init ] --END-- [ RunTime:0.000076s ]

[ 2016-07-02T19:14:28+08:00 ] 172.17.0.1 /Event/post
INFO: [ app_init ] --START--
INFO: Run Behavior\BuildLiteBehavior [ RunTime:0.000011s ]
INFO: [ app_init ] --END-- [ RunTime:0.000079s ]

[ 2016-07-02T19:15:22+08:00 ] 172.17.0.1 /Event/post
INFO: [ app_init ] --START--
INFO: Run Behavior\BuildLiteBehavior [ RunTime:0.000040s ]
INFO: [ app_init ] --END-- [ RunTime:0.000231s ]

[ 2016-07-02T19:15:47+08:00 ] 172.17.0.1 /Event/post
INFO: [ app_init ] --START--
INFO: Run Behavior\BuildLiteBehavior [ RunTime:0.000028s ]
INFO: [ app_init ] --END-- [ RunTime:0.000213s ]

[ 2016-07-02T19:16:33+08:00 ] 172.17.0.1 /Event/post
INFO: [ app_init ] --START--
INFO: Run Behavior\BuildLiteBehavior [ RunTime:0.000017s ]
INFO: [ app_init ] --END-- [ RunTime:0.000113s ]

[ 2016-07-02T19:17:01+08:00 ] 172.17.0.1 /Admin/event
INFO: [ app_init ] --START--
INFO: Run Behavior\BuildLiteBehavior [ RunTime:0.000011s ]
INFO: [ app_init ] --END-- [ RunTime:0.000082s ]

[ 2016-07-02T11:17:06+00:00 ] 172.17.0.1 /Event/post/2
INFO: [ app_init ] --START--
INFO: Run Behavior\BuildLiteBehavior [ RunTime:0.000012s ]
INFO: [ app_init ] --END-- [ RunTime:0.000078s ]

[ 2016-07-02T11:19:03+00:00 ] 172.17.0.1 /Event/post/2
INFO: [ app_init ] --START--
INFO: Run Behavior\BuildLiteBehavior [ RunTime:0.000014s ]
INFO: [ app_init ] --END-- [ RunTime:0.000102s ]

[ 2016-07-02T11:19:38+00:00 ] 172.17.0.1 /Event/post/2
INFO: [ app_init ] --START--
INFO: Run Behavior\BuildLiteBehavior [ RunTime:0.000022s ]
INFO: [ app_init ] --END-- [ RunTime:0.000164s ]

[ 2016-07-02T11:19:55+00:00 ] 172.17.0.1 /Event/post/2
INFO: [ app_init ] --START--
INFO: Run Behavior\BuildLiteBehavior [ RunTime:0.000011s ]
INFO: [ app_init ] --END-- [ RunTime:0.000079s ]

[ 2016-07-02T11:20:03+00:00 ] 172.17.0.1 /Event/post/2
INFO: [ app_init ] --START--
INFO: Run Behavior\BuildLiteBehavior [ RunTime:0.000021s ]
INFO: [ app_init ] --END-- [ RunTime:0.000181s ]

[ 2016-07-02T11:23:15+00:00 ] 172.17.0.1 /Event/post/2
INFO: [ app_init ] --START--
INFO: Run Behavior\BuildLiteBehavior [ RunTime:0.000022s ]
INFO: [ app_init ] --END-- [ RunTime:0.000226s ]

[ 2016-07-02T11:23:53+00:00 ] 172.17.0.1 /Event/post/2
INFO: [ app_init ] --START--
INFO: Run Behavior\BuildLiteBehavior [ RunTime:0.000020s ]
INFO: [ app_init ] --END-- [ RunTime:0.000161s ]

[ 2016-07-02T11:25:22+00:00 ] 172.17.0.1 /Event/post/2
INFO: [ app_init ] --START--
INFO: Run Behavior\BuildLiteBehavior [ RunTime:0.000020s ]
INFO: [ app_init ] --END-- [ RunTime:0.000146s ]

[ 2016-07-02T11:26:03+00:00 ] 172.17.0.1 /Event/post/2
INFO: [ app_init ] --START--
INFO: Run Behavior\BuildLiteBehavior [ RunTime:0.000011s ]
INFO: [ app_init ] --END-- [ RunTime:0.000084s ]

[ 2016-07-02T11:26:19+00:00 ] 172.17.0.1 /Event/post/2
INFO: [ app_init ] --START--
INFO: Run Behavior\BuildLiteBehavior [ RunTime:0.000020s ]
INFO: [ app_init ] --END-- [ RunTime:0.000176s ]

[ 2016-07-02T11:28:50+00:00 ] 172.17.0.1 /Event/post/2
INFO: [ app_init ] --START--
INFO: Run Behavior\BuildLiteBehavior [ RunTime:0.000019s ]
INFO: [ app_init ] --END-- [ RunTime:0.000155s ]

[ 2016-07-02T11:30:38+00:00 ] 172.17.0.1 /Event/post/2
INFO: [ app_init ] --START--
INFO: Run Behavior\BuildLiteBehavior [ RunTime:0.000014s ]
INFO: [ app_init ] --END-- [ RunTime:0.000103s ]

[ 2016-07-02T11:31:28+00:00 ] 172.17.0.1 /Event/post/2
INFO: [ app_init ] --START--
INFO: Run Behavior\BuildLiteBehavior [ RunTime:0.000015s ]
INFO: [ app_init ] --END-- [ RunTime:0.000111s ]

[ 2016-07-02T11:32:12+00:00 ] 172.17.0.1 /Event/post/2
INFO: [ app_init ] --START--
INFO: Run Behavior\BuildLiteBehavior [ RunTime:0.000012s ]
INFO: [ app_init ] --END-- [ RunTime:0.000086s ]

[ 2016-07-02T11:33:46+00:00 ] 172.17.0.1 /Event/post/2
INFO: [ app_init ] --START--
INFO: Run Behavior\BuildLiteBehavior [ RunTime:0.000017s ]
INFO: [ app_init ] --END-- [ RunTime:0.000124s ]

[ 2016-07-02T11:38:58+00:00 ] 172.17.0.1 /Event/post/2
INFO: [ app_init ] --START--
INFO: Run Behavior\BuildLiteBehavior [ RunTime:0.000015s ]
INFO: [ app_init ] --END-- [ RunTime:0.000107s ]

[ 2016-07-02T11:39:49+00:00 ] 172.17.0.1 /Event/post/2
INFO: [ app_init ] --START--
INFO: Run Behavior\BuildLiteBehavior [ RunTime:0.000019s ]
INFO: [ app_init ] --END-- [ RunTime:0.000130s ]

[ 2016-07-02T12:44:18+00:00 ] 172.17.0.1 /Event/post/2
INFO: [ app_init ] --START--
INFO: Run Behavior\BuildLiteBehavior [ RunTime:0.000013s ]
INFO: [ app_init ] --END-- [ RunTime:0.000092s ]

[ 2016-07-02T12:45:15+00:00 ] 172.17.0.1 /Event/post/2
INFO: [ app_init ] --START--
INFO: Run Behavior\BuildLiteBehavior [ RunTime:0.000012s ]
INFO: [ app_init ] --END-- [ RunTime:0.000087s ]

[ 2016-07-02T12:45:37+00:00 ] 172.17.0.1 /Event/post/2
INFO: [ app_init ] --START--
INFO: Run Behavior\BuildLiteBehavior [ RunTime:0.000021s ]
INFO: [ app_init ] --END-- [ RunTime:0.000152s ]

[ 2016-07-02T12:47:13+00:00 ] 172.17.0.1 /Event/post/2
INFO: [ app_init ] --START--
INFO: Run Behavior\BuildLiteBehavior [ RunTime:0.000011s ]
INFO: [ app_init ] --END-- [ RunTime:0.000081s ]

[ 2016-07-02T20:48:39+08:00 ] 172.17.0.1 /Event/submit/2
INFO: [ app_init ] --START--
INFO: Run Behavior\BuildLiteBehavior [ RunTime:0.000012s ]
INFO: [ app_init ] --END-- [ RunTime:0.000084s ]
INFO: [ app_begin ] --START--
INFO: Run Behavior\ReadHtmlCacheBehavior [ RunTime:0.000040s ]
INFO: Run Behavior\CheckLangBehavior [ RunTime:0.000266s ]
INFO: [ app_begin ] --END-- [ RunTime:0.000372s ]
INFO: [ action_begin ] --START--
INFO: Run Home\Behaviors\UserTokenBehavior [ RunTime:0.740598s ]
INFO: [ action_begin ] --END-- [ RunTime:0.740762s ]
SQL: SHOW COLUMNS FROM `event` [ RunTime:0.0009s ]
NOTIC: [8] Undefined index: id /home/Application/Home/Controller/EventController.class.php 第 69 行.
NOTIC: [8] Undefined variable: res /home/Application/Home/Controller/EventController.class.php 第 84 行.
INFO: [ app_end ] --START--
INFO: Run Behavior\ShowPageTraceBehavior [ RunTime:0.000104s ]
INFO: [ app_end ] --END-- [ RunTime:0.000164s ]

[ 2016-07-02T12:49:00+00:00 ] 172.17.0.1 /Event/post/2
INFO: [ app_init ] --START--
INFO: Run Behavior\BuildLiteBehavior [ RunTime:0.000013s ]
INFO: [ app_init ] --END-- [ RunTime:0.000089s ]

[ 2016-07-02T20:49:13+08:00 ] 172.17.0.1 /Event/submit/2
INFO: [ app_init ] --START--
INFO: Run Behavior\BuildLiteBehavior [ RunTime:0.000024s ]
INFO: [ app_init ] --END-- [ RunTime:0.000158s ]
INFO: [ app_begin ] --START--
INFO: Run Behavior\ReadHtmlCacheBehavior [ RunTime:0.000052s ]
INFO: Run Behavior\CheckLangBehavior [ RunTime:0.000211s ]
INFO: [ app_begin ] --END-- [ RunTime:0.000337s ]
INFO: [ action_begin ] --START--
INFO: Run Home\Behaviors\UserTokenBehavior [ RunTime:1.301379s ]
INFO: [ action_begin ] --END-- [ RunTime:1.301478s ]
SQL: SHOW COLUMNS FROM `event` [ RunTime:0.0008s ]
NOTIC: [8] Undefined index: id /home/Application/Home/Controller/EventController.class.php 第 69 行.
NOTIC: [8] Undefined variable: res /home/Application/Home/Controller/EventController.class.php 第 84 行.
INFO: [ app_end ] --START--
INFO: Run Behavior\ShowPageTraceBehavior [ RunTime:0.000094s ]
INFO: [ app_end ] --END-- [ RunTime:0.000147s ]

[ 2016-07-02T12:52:15+00:00 ] 172.17.0.1 /Event/post/2
INFO: [ app_init ] --START--
INFO: Run Behavior\BuildLiteBehavior [ RunTime:0.000011s ]
INFO: [ app_init ] --END-- [ RunTime:0.000078s ]

[ 2016-07-02T20:52:26+08:00 ] 172.17.0.1 /Event/submit/2
INFO: [ app_init ] --START--
INFO: Run Behavior\BuildLiteBehavior [ RunTime:0.000013s ]
INFO: [ app_init ] --END-- [ RunTime:0.000091s ]
INFO: [ app_begin ] --START--
INFO: Run Behavior\ReadHtmlCacheBehavior [ RunTime:0.000038s ]
INFO: Run Behavior\CheckLangBehavior [ RunTime:0.000189s ]
INFO: [ app_begin ] --END-- [ RunTime:0.000279s ]
INFO: [ action_begin ] --START--
INFO: Run Home\Behaviors\UserTokenBehavior [ RunTime:1.737539s ]
INFO: [ action_begin ] --END-- [ RunTime:1.737604s ]
SQL: SHOW COLUMNS FROM `event` [ RunTime:0.0005s ]
NOTIC: [8] Undefined index: id /home/Application/Home/Controller/EventController.class.php 第 69 行.
NOTIC: [8] Undefined variable: res /home/Application/Home/Controller/EventController.class.php 第 90 行.
INFO: [ app_end ] --START--
INFO: Run Behavior\ShowPageTraceBehavior [ RunTime:0.000058s ]
INFO: [ app_end ] --END-- [ RunTime:0.000089s ]

[ 2016-07-02T12:52:41+00:00 ] 172.17.0.1 /Event/post/2
INFO: [ app_init ] --START--
INFO: Run Behavior\BuildLiteBehavior [ RunTime:0.000018s ]
INFO: [ app_init ] --END-- [ RunTime:0.000149s ]

[ 2016-07-02T20:52:52+08:00 ] 172.17.0.1 /Event/submit/2
INFO: [ app_init ] --START--
INFO: Run Behavior\BuildLiteBehavior [ RunTime:0.000011s ]
INFO: [ app_init ] --END-- [ RunTime:0.000081s ]
INFO: [ app_begin ] --START--
INFO: Run Behavior\ReadHtmlCacheBehavior [ RunTime:0.000040s ]
INFO: Run Behavior\CheckLangBehavior [ RunTime:0.000240s ]
INFO: [ app_begin ] --END-- [ RunTime:0.000344s ]
INFO: [ action_begin ] --START--
INFO: Run Home\Behaviors\UserTokenBehavior [ RunTime:1.739920s ]
INFO: [ action_begin ] --END-- [ RunTime:1.740048s ]
SQL: SHOW COLUMNS FROM `event` [ RunTime:0.0010s ]
NOTIC: [8] Undefined index: id /home/Application/Home/Controller/EventController.class.php 第 69 行.
NOTIC: [8] Undefined variable: res /home/Application/Home/Controller/EventController.class.php 第 90 行.
INFO: [ app_end ] --START--
INFO: Run Behavior\ShowPageTraceBehavior [ RunTime:0.000119s ]
INFO: [ app_end ] --END-- [ RunTime:0.000184s ]

[ 2016-07-02T12:53:00+00:00 ] 172.17.0.1 /Event/post/2
INFO: [ app_init ] --START--
INFO: Run Behavior\BuildLiteBehavior [ RunTime:0.000011s ]
INFO: [ app_init ] --END-- [ RunTime:0.000100s ]

[ 2016-07-02T20:53:05+08:00 ] 172.17.0.1 /Event/submit/2
INFO: [ app_init ] --START--
INFO: Run Behavior\BuildLiteBehavior [ RunTime:0.000025s ]
INFO: [ app_init ] --END-- [ RunTime:0.000217s ]
INFO: [ app_begin ] --START--
INFO: Run Behavior\ReadHtmlCacheBehavior [ RunTime:0.000064s ]
INFO: Run Behavior\CheckLangBehavior [ RunTime:0.000310s ]
INFO: [ app_begin ] --END-- [ RunTime:0.000512s ]
INFO: [ action_begin ] --START--
INFO: Run Home\Behaviors\UserTokenBehavior [ RunTime:0.730680s ]
INFO: [ action_begin ] --END-- [ RunTime:0.730793s ]
SQL: SHOW COLUMNS FROM `event` [ RunTime:0.0009s ]
NOTIC: [8] Undefined index: id /home/Application/Home/Controller/EventController.class.php 第 69 行.
NOTIC: [8] Undefined variable: res /home/Application/Home/Controller/EventController.class.php 第 90 行.
INFO: [ app_end ] --START--
INFO: Run Behavior\ShowPageTraceBehavior [ RunTime:0.000105s ]
INFO: [ app_end ] --END-- [ RunTime:0.000162s ]

[ 2016-07-02T12:54:06+00:00 ] 172.17.0.1 /Event/post/2
INFO: [ app_init ] --START--
INFO: Run Behavior\BuildLiteBehavior [ RunTime:0.000017s ]
INFO: [ app_init ] --END-- [ RunTime:0.000117s ]

[ 2016-07-02T12:54:27+00:00 ] 172.17.0.1 /Event/post/2
INFO: [ app_init ] --START--
INFO: Run Behavior\BuildLiteBehavior [ RunTime:0.000023s ]
INFO: [ app_init ] --END-- [ RunTime:0.000173s ]

[ 2016-07-02T20:55:55+08:00 ] 172.17.0.1 /Event/submit/2
INFO: [ app_init ] --START--
INFO: Run Behavior\BuildLiteBehavior [ RunTime:0.000016s ]
INFO: [ app_init ] --END-- [ RunTime:0.000124s ]
INFO: [ app_begin ] --START--
INFO: Run Behavior\ReadHtmlCacheBehavior [ RunTime:0.000051s ]
INFO: Run Behavior\CheckLangBehavior [ RunTime:0.000244s ]
INFO: [ app_begin ] --END-- [ RunTime:0.000362s ]
INFO: [ action_begin ] --START--
INFO: Run Home\Behaviors\UserTokenBehavior [ RunTime:0.748117s ]
INFO: [ action_begin ] --END-- [ RunTime:0.748246s ]
SQL: SHOW COLUMNS FROM `event` [ RunTime:0.0009s ]
NOTIC: [8] Undefined index: id /home/Application/Home/Controller/EventController.class.php 第 69 行.
SQL: SHOW COLUMNS FROM `event` [ RunTime:0.0007s ]
NOTIC: [8] Undefined offset: 0 /home/ThinkPHP/Library/Think/Db/Driver.class.php 第 373 行.
SQL: UPDATE `event` SET `type`='2',`title`='{\"zh-cn\":\"\\u3010Leg8\\u3011Tour of China 2016 & \\u73af\\u4e2d\\u56fd 2016 \\u77f3\\u5bb6\\u5e84-\\u957f\\u6625\",\"en-us\":\"\\u3010Leg8\\u3011Tour of China 2016 & \\u73af\\u4e2d\\u56fd 2016 \\u77f3\\u5bb6\\u5e84-\\u957f\\u6625\"}',`detail`='{\"zh-cn\":\"\",\"en-us\":\"\"}',`banner`='http://forum.vatprc.net/uploads/monthly_06_2016/post-577-0-35561900-1467004935.png',`starttime`='1467460800',`endtime`='1467475200',`route`='[[\"ZBSJ - ZYCC\",\"JB B215 VYK W41 CDY G212 TGO\"]]',`status`='4' WHERE `id` = 2 [ RunTime:0.0006s ]
INFO: [ app_end ] --START--
INFO: Run Behavior\ShowPageTraceBehavior [ RunTime:0.000117s ]
INFO: [ app_end ] --END-- [ RunTime:0.000180s ]

[ 2016-07-02T12:56:09+00:00 ] 172.17.0.1 /Event/post/2
INFO: [ app_init ] --START--
INFO: Run Behavior\BuildLiteBehavior [ RunTime:0.000011s ]
INFO: [ app_init ] --END-- [ RunTime:0.000080s ]

[ 2016-07-02T20:56:19+08:00 ] 172.17.0.1 /Event/submit/2
INFO: [ app_init ] --START--
INFO: Run Behavior\BuildLiteBehavior [ RunTime:0.000016s ]
INFO: [ app_init ] --END-- [ RunTime:0.000126s ]
INFO: [ app_begin ] --START--
INFO: Run Behavior\ReadHtmlCacheBehavior [ RunTime:0.000042s ]
INFO: Run Behavior\CheckLangBehavior [ RunTime:0.000184s ]
INFO: [ app_begin ] --END-- [ RunTime:0.000283s ]
INFO: [ action_begin ] --START--
INFO: Run Home\Behaviors\UserTokenBehavior [ RunTime:0.884954s ]
INFO: [ action_begin ] --END-- [ RunTime:0.885066s ]
SQL: SHOW COLUMNS FROM `event` [ RunTime:0.0009s ]
NOTIC: [8] Undefined index: id /home/Application/Home/Controller/EventController.class.php 第 69 行.
SQL: SHOW COLUMNS FROM `event` [ RunTime:0.0008s ]
NOTIC: [8] Undefined offset: 0 /home/ThinkPHP/Library/Think/Db/Driver.class.php 第 373 行.
SQL: UPDATE `event` SET `type`='2',`title`='{\"zh-cn\":\"\\u3010Leg8\\u3011Tour of China 2016 & \\u73af\\u4e2d\\u56fd 2016 \\u77f3\\u5bb6\\u5e84-\\u957f\\u6625\",\"en-us\":\"\\u3010Leg8\\u3011Tour of China 2016 & \\u73af\\u4e2d\\u56fd 2016 \\u77f3\\u5bb6\\u5e84-\\u957f\\u6625\"}',`detail`='{\"zh-cn\":\"\",\"en-us\":\"\"}',`banner`='http://forum.vatprc.net/uploads/monthly_06_2016/post-577-0-35561900-1467004935.png',`starttime`='1467460800',`endtime`='1467475200',`route`='[[\"ZBSJ - ZYCC\",\"JB B215 VYK W41 CDY G212 TGO\"]]',`status`='4' WHERE `id` = 2 [ RunTime:0.0006s ]
INFO: [ app_end ] --START--
INFO: Run Behavior\ShowPageTraceBehavior [ RunTime:0.000117s ]
INFO: [ app_end ] --END-- [ RunTime:0.000179s ]

[ 2016-07-02T20:57:25+08:00 ] 172.17.0.1 /Event/submit/2
INFO: [ app_init ] --START--
INFO: Run Behavior\BuildLiteBehavior [ RunTime:0.000013s ]
INFO: [ app_init ] --END-- [ RunTime:0.000099s ]
INFO: [ app_begin ] --START--
INFO: Run Behavior\ReadHtmlCacheBehavior [ RunTime:0.000043s ]
INFO: Run Behavior\CheckLangBehavior [ RunTime:0.000214s ]
INFO: [ app_begin ] --END-- [ RunTime:0.000316s ]
INFO: [ action_begin ] --START--
INFO: Run Home\Behaviors\UserTokenBehavior [ RunTime:0.744683s ]
INFO: [ action_begin ] --END-- [ RunTime:0.744745s ]
SQL: SHOW COLUMNS FROM `event` [ RunTime:0.0005s ]
NOTIC: [8] Undefined index: id /home/Application/Home/Controller/EventController.class.php 第 69 行.
SQL: SHOW COLUMNS FROM `event` [ RunTime:0.0004s ]
NOTIC: [8] Undefined offset: 0 /home/ThinkPHP/Library/Think/Db/Driver.class.php 第 373 行.
SQL: UPDATE `event` SET `type`='2',`title`='{\"zh-cn\":\"\\u3010Leg8\\u3011Tour of China 2016 & \\u73af\\u4e2d\\u56fd 2016 \\u77f3\\u5bb6\\u5e84-\\u957f\\u6625\",\"en-us\":\"\\u3010Leg8\\u3011Tour of China 2016 & \\u73af\\u4e2d\\u56fd 2016 \\u77f3\\u5bb6\\u5e84-\\u957f\\u6625\"}',`detail`='{\"zh-cn\":\"\",\"en-us\":\"\"}',`banner`='http://forum.vatprc.net/uploads/monthly_06_2016/post-577-0-35561900-1467004935.png',`starttime`='1467460800',`endtime`='1467475200',`route`='[[\"ZBSJ - ZYCC\",\"JB B215 VYK W41 CDY G212 TGO\"]]',`status`='4' WHERE `id` = 2 [ RunTime:0.0003s ]
INFO: [ app_end ] --START--
INFO: Run Behavior\ShowPageTraceBehavior [ RunTime:0.000067s ]
INFO: [ app_end ] --END-- [ RunTime:0.000101s ]

[ 2016-07-02T12:57:42+00:00 ] 172.17.0.1 /Event/post/2
INFO: [ app_init ] --START--
INFO: Run Behavior\BuildLiteBehavior [ RunTime:0.000019s ]
INFO: [ app_init ] --END-- [ RunTime:0.000141s ]

[ 2016-07-02T20:57:53+08:00 ] 172.17.0.1 /Event/submit/2
INFO: [ app_init ] --START--
INFO: Run Behavior\BuildLiteBehavior [ RunTime:0.000023s ]
INFO: [ app_init ] --END-- [ RunTime:0.000160s ]
INFO: [ app_begin ] --START--
INFO: Run Behavior\ReadHtmlCacheBehavior [ RunTime:0.000071s ]
INFO: Run Behavior\CheckLangBehavior [ RunTime:0.000333s ]
INFO: [ app_begin ] --END-- [ RunTime:0.000506s ]
INFO: [ action_begin ] --START--
INFO: Run Home\Behaviors\UserTokenBehavior [ RunTime:0.755660s ]
INFO: [ action_begin ] --END-- [ RunTime:0.755733s ]
SQL: SHOW COLUMNS FROM `event` [ RunTime:0.0006s ]
NOTIC: [8] Undefined index: id /home/Application/Home/Controller/EventController.class.php 第 69 行.
SQL: SHOW COLUMNS FROM `event` [ RunTime:0.0005s ]
NOTIC: [8] Undefined offset: 0 /home/ThinkPHP/Library/Think/Db/Driver.class.php 第 373 行.
SQL: UPDATE `event` SET `type`='2',`title`='{\"zh-cn\":\"\\u3010Leg8\\u3011Tour of China 2016 & \\u73af\\u4e2d\\u56fd 2016 \\u77f3\\u5bb6\\u5e84-\\u957f\\u6625\",\"en-us\":\"\\u3010Leg8\\u3011Tour of China 2016 & \\u73af\\u4e2d\\u56fd 2016 \\u77f3\\u5bb6\\u5e84-\\u957f\\u6625\"}',`detail`='{\"zh-cn\":\"\",\"en-us\":\"\"}',`banner`='http://forum.vatprc.net/uploads/monthly_06_2016/post-577-0-35561900-1467004935.png',`starttime`='1467460800',`endtime`='1467475200',`route`='[[\"ZBSJ - ZYCC\",\"JB B215 VYK W41 CDY G212 TGO\"]]',`status`='4' WHERE `id` = 2 [ RunTime:0.0004s ]
INFO: [ app_end ] --START--
INFO: Run Behavior\ShowPageTraceBehavior [ RunTime:0.000097s ]
INFO: [ app_end ] --END-- [ RunTime:0.000150s ]

[ 2016-07-02T12:58:38+00:00 ] 172.17.0.1 /Event/post/2
INFO: [ app_init ] --START--
INFO: Run Behavior\BuildLiteBehavior [ RunTime:0.000014s ]
INFO: [ app_init ] --END-- [ RunTime:0.000105s ]

[ 2016-07-02T20:58:47+08:00 ] 172.17.0.1 /Event/submit/2
INFO: [ app_init ] --START--
INFO: Run Behavior\BuildLiteBehavior [ RunTime:0.000018s ]
INFO: [ app_init ] --END-- [ RunTime:0.000124s ]
INFO: [ app_begin ] --START--
INFO: Run Behavior\ReadHtmlCacheBehavior [ RunTime:0.000058s ]
INFO: Run Behavior\CheckLangBehavior [ RunTime:0.000222s ]
INFO: [ app_begin ] --END-- [ RunTime:0.000355s ]
INFO: [ action_begin ] --START--
INFO: Run Home\Behaviors\UserTokenBehavior [ RunTime:0.732976s ]
INFO: [ action_begin ] --END-- [ RunTime:0.733042s ]
SQL: SHOW COLUMNS FROM `event` [ RunTime:0.0009s ]
NOTIC: [8] Undefined index: id /home/Application/Home/Controller/EventController.class.php 第 69 行.
SQL: SHOW COLUMNS FROM `event` [ RunTime:0.0008s ]
SQL: UPDATE `event` SET `type`='2',`title`='{\"zh-cn\":\"\\u3010Leg8\\u3011Tour of China 2016 & \\u73af\\u4e2d\\u56fd 2016 \\u77f3\\u5bb6\\u5e84-\\u957f\\u6625\",\"en-us\":\"\\u3010Leg8\\u3011Tour of China 2016 & \\u73af\\u4e2d\\u56fd 2016 \\u77f3\\u5bb6\\u5e84-\\u957f\\u6625\"}',`detail`='{\"zh-cn\":\"\",\"en-us\":\"\"}',`banner`='http://forum.vatprc.net/uploads/monthly_06_2016/post-577-0-35561900-1467004935.png',`starttime`='1467460800',`endtime`='1467475200',`route`='[[\"ZBSJ - ZYCC\",\"JB B215 VYK W41 CDY G212 TGO\"]]',`notams`='{\"zh-cn\":[\"\\u6240\\u6709\\u673a\\u7ec4\\u5728M503\\u822a\\u7ebf PONEN \\u81f3 LELIM \\u822a\\u6bb5\\u5411\\u5357\\u8fd0\\u884c\\u65f6\\uff0c\\u5b9e\\u65bd\\u822a\\u8def\\u5411\\u53f36\\u6d77\\u91cc\\u7684\\u4fa7\\u5411\\u504f\\u7f6e\\u98de\\u884c\\u3002\\u5982\\u65e0\\u6cd5\\u6267\\u884c\\u822a\\u8def\\u504f\\u7f6e\\uff0c\\u8bf7\\u52a1\\u5fc5\\u901a\\u77e5\\u7ba1\\u5236\\u5458\\uff01\",\"AAAA\"],\"en-us\":[\"All aircraft shall establish a lateral offset at a distance of 6 nautical miles to the west side of M503 while operating from PONEN to LELIM.\",\"In case of aircraft without parallel offset function, pilot shall inform the relevant ATC unit of this situation before joining M503.\"]}',`status`='4' WHERE `id` = 2 [ RunTime:0.0006s ]
INFO: [ app_end ] --START--
INFO: Run Behavior\ShowPageTraceBehavior [ RunTime:0.000067s ]
INFO: [ app_end ] --END-- [ RunTime:0.000099s ]

[ 2016-07-02T20:58:49+08:00 ] 172.17.0.1 /Admin/event
INFO: [ app_init ] --START--
INFO: Run Behavior\BuildLiteBehavior [ RunTime:0.000017s ]
INFO: [ app_init ] --END-- [ RunTime:0.000110s ]

[ 2016-07-02T12:58:53+00:00 ] 172.17.0.1 /Event/post/2
INFO: [ app_init ] --START--
INFO: Run Behavior\BuildLiteBehavior [ RunTime:0.000013s ]
INFO: [ app_init ] --END-- [ RunTime:0.000083s ]

[ 2016-07-02T20:59:00+08:00 ] 172.17.0.1 /Event/submit/2
INFO: [ app_init ] --START--
INFO: Run Behavior\BuildLiteBehavior [ RunTime:0.000020s ]
INFO: [ app_init ] --END-- [ RunTime:0.000141s ]
INFO: [ app_begin ] --START--
INFO: Run Behavior\ReadHtmlCacheBehavior [ RunTime:0.000041s ]
INFO: Run Behavior\CheckLangBehavior [ RunTime:0.000310s ]
INFO: [ app_begin ] --END-- [ RunTime:0.000439s ]
INFO: [ action_begin ] --START--
INFO: Run Home\Behaviors\UserTokenBehavior [ RunTime:0.731493s ]
INFO: [ action_begin ] --END-- [ RunTime:0.731575s ]
SQL: SHOW COLUMNS FROM `event` [ RunTime:0.0005s ]
NOTIC: [8] Undefined index: id /home/Application/Home/Controller/EventController.class.php 第 69 行.
SQL: SHOW COLUMNS FROM `event` [ RunTime:0.0005s ]
SQL: UPDATE `event` SET `type`='2',`title`='{\"zh-cn\":\"\\u3010Leg8\\u3011Tour of China 2016 & \\u73af\\u4e2d\\u56fd 2016 \\u77f3\\u5bb6\\u5e84-\\u957f\\u6625\",\"en-us\":\"\\u3010Leg8\\u3011Tour of China 2016 & \\u73af\\u4e2d\\u56fd 2016 \\u77f3\\u5bb6\\u5e84-\\u957f\\u6625\"}',`detail`='{\"zh-cn\":\"\",\"en-us\":\"\"}',`banner`='http://forum.vatprc.net/uploads/monthly_06_2016/post-577-0-35561900-1467004935.png',`starttime`='1467460800',`endtime`='1467475200',`route`='[[\"ZBSJ - ZYCC\",\"JB B215 VYK W41 CDY G212 TGO\"]]',`notams`='{\"zh-cn\":[\"\\u6240\\u6709\\u673a\\u7ec4\\u5728M503\\u822a\\u7ebf PONEN \\u81f3 LELIM \\u822a\\u6bb5\\u5411\\u5357\\u8fd0\\u884c\\u65f6\\uff0c\\u5b9e\\u65bd\\u822a\\u8def\\u5411\\u53f36\\u6d77\\u91cc\\u7684\\u4fa7\\u5411\\u504f\\u7f6e\\u98de\\u884c\\u3002\\u5982\\u65e0\\u6cd5\\u6267\\u884c\\u822a\\u8def\\u504f\\u7f6e\\uff0c\\u8bf7\\u52a1\\u5fc5\\u901a\\u77e5\\u7ba1\\u5236\\u5458\\uff01\",\"AAAA\"],\"en-us\":[\"All aircraft shall establish a lateral offset at a distance of 6 nautical miles to the west side of M503 while operating from PONEN to LELIM.\"]}',`status`='4' WHERE `id` = 2 [ RunTime:0.0004s ]
INFO: [ app_end ] --START--
INFO: Run Behavior\ShowPageTraceBehavior [ RunTime:0.000067s ]
INFO: [ app_end ] --END-- [ RunTime:0.000099s ]

[ 2016-07-02T20:59:02+08:00 ] 172.17.0.1 /Admin/event
INFO: [ app_init ] --START--
INFO: Run Behavior\BuildLiteBehavior [ RunTime:0.000012s ]
INFO: [ app_init ] --END-- [ RunTime:0.000077s ]

[ 2016-07-02T12:59:04+00:00 ] 172.17.0.1 /Event/post/2
INFO: [ app_init ] --START--
INFO: Run Behavior\BuildLiteBehavior [ RunTime:0.000013s ]
INFO: [ app_init ] --END-- [ RunTime:0.000085s ]

[ 2016-07-02T20:59:12+08:00 ] 172.17.0.1 /Event/submit/2
INFO: [ app_init ] --START--
INFO: Run Behavior\BuildLiteBehavior [ RunTime:0.000026s ]
INFO: [ app_init ] --END-- [ RunTime:0.000198s ]
INFO: [ app_begin ] --START--
INFO: Run Behavior\ReadHtmlCacheBehavior [ RunTime:0.000070s ]
INFO: Run Behavior\CheckLangBehavior [ RunTime:0.000361s ]
INFO: [ app_begin ] --END-- [ RunTime:0.000515s ]
INFO: [ action_begin ] --START--
INFO: Run Home\Behaviors\UserTokenBehavior [ RunTime:0.726016s ]
INFO: [ action_begin ] --END-- [ RunTime:0.726125s ]
SQL: SHOW COLUMNS FROM `event` [ RunTime:0.0010s ]
NOTIC: [8] Undefined index: id /home/Application/Home/Controller/EventController.class.php 第 69 行.
SQL: SHOW COLUMNS FROM `event` [ RunTime:0.0008s ]
SQL: UPDATE `event` SET `type`='2',`title`='{\"zh-cn\":\"\\u3010Leg8\\u3011Tour of China 2016 & \\u73af\\u4e2d\\u56fd 2016 \\u77f3\\u5bb6\\u5e84-\\u957f\\u6625\",\"en-us\":\"\\u3010Leg8\\u3011Tour of China 2016 & \\u73af\\u4e2d\\u56fd 2016 \\u77f3\\u5bb6\\u5e84-\\u957f\\u6625\"}',`detail`='{\"zh-cn\":\"\",\"en-us\":\"\"}',`banner`='http://forum.vatprc.net/uploads/monthly_06_2016/post-577-0-35561900-1467004935.png',`starttime`='1467460800',`endtime`='1467475200',`route`='[[\"ZBSJ - ZYCC\",\"JB B215 VYK W41 CDY G212 TGO\"]]',`notams`='{\"zh-cn\":[\"AAAA\"],\"en-us\":[\"All aircraft shall establish a lateral offset at a distance of 6 nautical miles to the west side of M503 while operating from PONEN to LELIM.\"]}',`status`='4' WHERE `id` = 2 [ RunTime:0.0007s ]
INFO: [ app_end ] --START--
INFO: Run Behavior\ShowPageTraceBehavior [ RunTime:0.000111s ]
INFO: [ app_end ] --END-- [ RunTime:0.000166s ]

[ 2016-07-02T20:59:14+08:00 ] 172.17.0.1 /Admin/event
INFO: [ app_init ] --START--
INFO: Run Behavior\BuildLiteBehavior [ RunTime:0.000015s ]
INFO: [ app_init ] --END-- [ RunTime:0.000105s ]

[ 2016-07-02T12:59:19+00:00 ] 172.17.0.1 /Event/post/2
INFO: [ app_init ] --START--
INFO: Run Behavior\BuildLiteBehavior [ RunTime:0.000014s ]
INFO: [ app_init ] --END-- [ RunTime:0.000088s ]

[ 2016-07-02T20:59:59+08:00 ] 172.17.0.1 /Event/submit/2
INFO: [ app_init ] --START--
INFO: Run Behavior\BuildLiteBehavior [ RunTime:0.000020s ]
INFO: [ app_init ] --END-- [ RunTime:0.000181s ]
INFO: [ app_begin ] --START--
INFO: Run Behavior\ReadHtmlCacheBehavior [ RunTime:0.000041s ]
INFO: Run Behavior\CheckLangBehavior [ RunTime:0.000199s ]
INFO: [ app_begin ] --END-- [ RunTime:0.000294s ]
INFO: [ action_begin ] --START--
INFO: Run Home\Behaviors\UserTokenBehavior [ RunTime:0.742761s ]
INFO: [ action_begin ] --END-- [ RunTime:0.742855s ]
SQL: SHOW COLUMNS FROM `event` [ RunTime:0.0009s ]
NOTIC: [8] Undefined index: id /home/Application/Home/Controller/EventController.class.php 第 69 行.
SQL: SHOW COLUMNS FROM `event` [ RunTime:0.0007s ]
SQL: UPDATE `event` SET `type`='2',`title`='{\"zh-cn\":\"\\u3010Leg8\\u3011Tour of China 2016 & \\u73af\\u4e2d\\u56fd 2016 \\u77f3\\u5bb6\\u5e84-\\u957f\\u6625\",\"en-us\":\"\\u3010Leg8\\u3011Tour of China 2016 & \\u73af\\u4e2d\\u56fd 2016 \\u77f3\\u5bb6\\u5e84-\\u957f\\u6625\"}',`detail`='{\"zh-cn\":\"\",\"en-us\":\"\"}',`banner`='http://forum.vatprc.net/uploads/monthly_06_2016/post-577-0-35561900-1467004935.png',`starttime`='1467460800',`endtime`='1467475200',`route`='[[\"ZBSJ - ZYCC\",\"JB B215 VYK W41 CDY G212 TGO\"]]',`notams`='{\"zh-cn\":[\"AAAA\",\"BBBB\",\"BBBBAB\"],\"en-us\":[\"All aircraft shall establish a lateral offset at a distance of 6 nautical miles to the west side of M503 while operating from PONEN to LELIM.\"]}',`status`='4' WHERE `id` = 2 [ RunTime:0.0006s ]
INFO: [ app_end ] --START--
INFO: Run Behavior\ShowPageTraceBehavior [ RunTime:0.000106s ]
INFO: [ app_end ] --END-- [ RunTime:0.000171s ]

[ 2016-07-02T21:00:01+08:00 ] 172.17.0.1 /Admin/event
INFO: [ app_init ] --START--
INFO: Run Behavior\BuildLiteBehavior [ RunTime:0.000015s ]
INFO: [ app_init ] --END-- [ RunTime:0.000096s ]

[ 2016-07-02T13:00:03+00:00 ] 172.17.0.1 /Event/post/2
INFO: [ app_init ] --START--
INFO: Run Behavior\BuildLiteBehavior [ RunTime:0.000020s ]
INFO: [ app_init ] --END-- [ RunTime:0.000138s ]

[ 2016-07-02T21:00:12+08:00 ] 172.17.0.1 /Event/submit/2
INFO: [ app_init ] --START--
INFO: Run Behavior\BuildLiteBehavior [ RunTime:0.000012s ]
INFO: [ app_init ] --END-- [ RunTime:0.000082s ]
INFO: [ app_begin ] --START--
INFO: Run Behavior\ReadHtmlCacheBehavior [ RunTime:0.000081s ]
INFO: Run Behavior\CheckLangBehavior [ RunTime:0.000184s ]
INFO: [ app_begin ] --END-- [ RunTime:0.000341s ]
INFO: [ action_begin ] --START--
INFO: Run Home\Behaviors\UserTokenBehavior [ RunTime:0.925201s ]
INFO: [ action_begin ] --END-- [ RunTime:0.925320s ]
SQL: SHOW COLUMNS FROM `event` [ RunTime:0.0008s ]
NOTIC: [8] Undefined index: id /home/Application/Home/Controller/EventController.class.php 第 69 行.
SQL: SHOW COLUMNS FROM `event` [ RunTime:0.0007s ]
SQL: UPDATE `event` SET `type`='2',`title`='{\"zh-cn\":\"\\u3010Leg8\\u3011Tour of China 2016 & \\u73af\\u4e2d\\u56fd 2016 \\u77f3\\u5bb6\\u5e84-\\u957f\\u6625\",\"en-us\":\"\\u3010Leg8\\u3011Tour of China 2016 & \\u73af\\u4e2d\\u56fd 2016 \\u77f3\\u5bb6\\u5e84-\\u957f\\u6625\"}',`detail`='{\"zh-cn\":\"\",\"en-us\":\"\"}',`banner`='http://forum.vatprc.net/uploads/monthly_06_2016/post-577-0-35561900-1467004935.png',`starttime`='1467460800',`endtime`='1467475200',`route`='[[\"ZBSJ - ZYCC\",\"JB B215 VYK W41 CDY G212 TGO\"]]',`notams`='{\"zh-cn\":[\"BBBB\"],\"en-us\":[\"All aircraft shall establish a lateral offset at a distance of 6 nautical miles to the west side of M503 while operating from PONEN to LELIM.\"]}',`status`='4' WHERE `id` = 2 [ RunTime:0.0006s ]
INFO: [ app_end ] --START--
INFO: Run Behavior\ShowPageTraceBehavior [ RunTime:0.000115s ]
INFO: [ app_end ] --END-- [ RunTime:0.000174s ]

[ 2016-07-02T21:00:14+08:00 ] 172.17.0.1 /Admin/event
INFO: [ app_init ] --START--
INFO: Run Behavior\BuildLiteBehavior [ RunTime:0.000016s ]
INFO: [ app_init ] --END-- [ RunTime:0.000109s ]

[ 2016-07-02T13:00:17+00:00 ] 172.17.0.1 /Event/post/2
INFO: [ app_init ] --START--
INFO: Run Behavior\BuildLiteBehavior [ RunTime:0.000012s ]
INFO: [ app_init ] --END-- [ RunTime:0.000083s ]

[ 2016-07-02T21:00:35+08:00 ] 172.17.0.1 /Event/submit/2
INFO: [ app_init ] --START--
INFO: Run Behavior\BuildLiteBehavior [ RunTime:0.000022s ]
INFO: [ app_init ] --END-- [ RunTime:0.000164s ]
INFO: [ app_begin ] --START--
INFO: Run Behavior\ReadHtmlCacheBehavior [ RunTime:0.000082s ]
INFO: Run Behavior\CheckLangBehavior [ RunTime:0.000412s ]
INFO: [ app_begin ] --END-- [ RunTime:0.000603s ]
INFO: [ action_begin ] --START--
INFO: Run Home\Behaviors\UserTokenBehavior [ RunTime:0.741711s ]
INFO: [ action_begin ] --END-- [ RunTime:0.741804s ]
SQL: SHOW COLUMNS FROM `event` [ RunTime:0.0007s ]
NOTIC: [8] Undefined index: id /home/Application/Home/Controller/EventController.class.php 第 69 行.
SQL: SHOW COLUMNS FROM `event` [ RunTime:0.0008s ]
SQL: UPDATE `event` SET `type`='2',`title`='{\"zh-cn\":\"\\u3010Leg8\\u3011Tour of China 2016 & \\u73af\\u4e2d\\u56fd 2016 \\u77f3\\u5bb6\\u5e84-\\u957f\\u6625\",\"en-us\":\"\\u3010Leg8\\u3011Tour of China 2016 & \\u73af\\u4e2d\\u56fd 2016 \\u77f3\\u5bb6\\u5e84-\\u957f\\u6625\"}',`detail`='{\"zh-cn\":\"\",\"en-us\":\"\"}',`banner`='http://forum.vatprc.net/uploads/monthly_06_2016/post-577-0-35561900-1467004935.png',`starttime`='1467460800',`endtime`='1467475200',`route`='[[\"ZBSJ - ZYCC\",\"JB B215 VYK W41 CDY G212 TGO\"]]',`notams`='{\"en-us\":[\"All aircraft shall establish a lateral offset at a distance of 6 nautical miles to the west side of M503 while operating from PONEN to LELIM.\"]}',`status`='4' WHERE `id` = 2 [ RunTime:0.0007s ]
INFO: [ app_end ] --START--
INFO: Run Behavior\ShowPageTraceBehavior [ RunTime:0.000103s ]
INFO: [ app_end ] --END-- [ RunTime:0.000151s ]

[ 2016-07-02T21:00:37+08:00 ] 172.17.0.1 /Admin/event
INFO: [ app_init ] --START--
INFO: Run Behavior\BuildLiteBehavior [ RunTime:0.000020s ]
INFO: [ app_init ] --END-- [ RunTime:0.000128s ]

[ 2016-07-02T13:00:42+00:00 ] 172.17.0.1 /Event/post/2
INFO: [ app_init ] --START--
INFO: Run Behavior\BuildLiteBehavior [ RunTime:0.000013s ]
INFO: [ app_init ] --END-- [ RunTime:0.000092s ]

[ 2016-07-02T21:00:48+08:00 ] 172.17.0.1 /Event/submit/2
INFO: [ app_init ] --START--
INFO: Run Behavior\BuildLiteBehavior [ RunTime:0.000019s ]
INFO: [ app_init ] --END-- [ RunTime:0.000149s ]
INFO: [ app_begin ] --START--
INFO: Run Behavior\ReadHtmlCacheBehavior [ RunTime:0.000063s ]
INFO: Run Behavior\CheckLangBehavior [ RunTime:0.000213s ]
INFO: [ app_begin ] --END-- [ RunTime:0.000342s ]
INFO: [ action_begin ] --START--
INFO: Run Home\Behaviors\UserTokenBehavior [ RunTime:0.751043s ]
INFO: [ action_begin ] --END-- [ RunTime:0.751129s ]
SQL: SHOW COLUMNS FROM `event` [ RunTime:0.0010s ]
NOTIC: [8] Undefined index: id /home/Application/Home/Controller/EventController.class.php 第 69 行.
SQL: SHOW COLUMNS FROM `event` [ RunTime:0.0008s ]
SQL: UPDATE `event` SET `type`='2',`title`='{\"zh-cn\":\"\\u3010Leg8\\u3011Tour of China 2016 & \\u73af\\u4e2d\\u56fd 2016 \\u77f3\\u5bb6\\u5e84-\\u957f\\u6625\",\"en-us\":\"\\u3010Leg8\\u3011Tour of China 2016 & \\u73af\\u4e2d\\u56fd 2016 \\u77f3\\u5bb6\\u5e84-\\u957f\\u6625\"}',`detail`='{\"zh-cn\":\"\",\"en-us\":\"\"}',`banner`='http://forum.vatprc.net/uploads/monthly_06_2016/post-577-0-35561900-1467004935.png',`starttime`='1467460800',`endtime`='1467475200',`route`='[[\"ZBSJ - ZYCC\",\"JB B215 VYK W41 CDY G212 TGO\"]]',`notams`='[]',`status`='4' WHERE `id` = 2 [ RunTime:0.0006s ]
INFO: [ app_end ] --START--
INFO: Run Behavior\ShowPageTraceBehavior [ RunTime:0.000108s ]
INFO: [ app_end ] --END-- [ RunTime:0.000167s ]

[ 2016-07-02T21:00:50+08:00 ] 172.17.0.1 /Admin/event
INFO: [ app_init ] --START--
INFO: Run Behavior\BuildLiteBehavior [ RunTime:0.000020s ]
INFO: [ app_init ] --END-- [ RunTime:0.000132s ]

[ 2016-07-02T13:12:30+00:00 ] 172.17.0.1 /Event/post/2
INFO: [ app_init ] --START--
INFO: Run Behavior\BuildLiteBehavior [ RunTime:0.000011s ]
INFO: [ app_init ] --END-- [ RunTime:0.000078s ]

[ 2016-07-02T13:27:12+00:00 ] 172.17.0.1 /Event/post/2
INFO: [ app_init ] --START--
INFO: Run Behavior\BuildLiteBehavior [ RunTime:0.000020s ]
INFO: [ app_init ] --END-- [ RunTime:0.000148s ]

[ 2016-07-02T13:28:29+00:00 ] 172.17.0.1 /Event/post/2
INFO: [ app_init ] --START--
INFO: Run Behavior\BuildLiteBehavior [ RunTime:0.000020s ]
INFO: [ app_init ] --END-- [ RunTime:0.000168s ]

[ 2016-07-02T13:28:57+00:00 ] 172.17.0.1 /Event/post/2
INFO: [ app_init ] --START--
INFO: Run Behavior\BuildLiteBehavior [ RunTime:0.000012s ]
INFO: [ app_init ] --END-- [ RunTime:0.000089s ]

[ 2016-07-02T13:30:17+00:00 ] 172.17.0.1 /Event/post/2
INFO: [ app_init ] --START--
INFO: Run Behavior\BuildLiteBehavior [ RunTime:0.000011s ]
INFO: [ app_init ] --END-- [ RunTime:0.000081s ]

[ 2016-07-02T21:31:18+08:00 ] 172.17.0.1 /Event/post/2
INFO: [ app_init ] --START--
INFO: Run Behavior\BuildLiteBehavior [ RunTime:0.000018s ]
INFO: [ app_init ] --END-- [ RunTime:0.000128s ]
ERR: read error on connection

[ 2016-07-02T13:31:21+00:00 ] 172.17.0.1 /Event/post/2
INFO: [ app_init ] --START--
INFO: Run Behavior\BuildLiteBehavior [ RunTime:0.000011s ]
INFO: [ app_init ] --END-- [ RunTime:0.000082s ]

[ 2016-07-02T21:31:24+08:00 ] 172.17.0.1 /Event/post
INFO: [ app_init ] --START--
INFO: Run Behavior\BuildLiteBehavior [ RunTime:0.000012s ]
INFO: [ app_init ] --END-- [ RunTime:0.000079s ]

[ 2016-07-02T21:31:26+08:00 ] 172.17.0.1 /Event/post
INFO: [ app_init ] --START--
INFO: Run Behavior\BuildLiteBehavior [ RunTime:0.000011s ]
INFO: [ app_init ] --END-- [ RunTime:0.000078s ]

[ 2016-07-02T21:31:52+08:00 ] 172.17.0.1 /Event/post
INFO: [ app_init ] --START--
INFO: Run Behavior\BuildLiteBehavior [ RunTime:0.000019s ]
INFO: [ app_init ] --END-- [ RunTime:0.000735s ]

[ 2016-07-02T21:32:17+08:00 ] 172.17.0.1 /Event/post
INFO: [ app_init ] --START--
INFO: Run Behavior\BuildLiteBehavior [ RunTime:0.000021s ]
INFO: [ app_init ] --END-- [ RunTime:0.000196s ]

[ 2016-07-02T21:33:45+08:00 ] 172.17.0.1 /Event/post
INFO: [ app_init ] --START--
INFO: Run Behavior\BuildLiteBehavior [ RunTime:0.000012s ]
INFO: [ app_init ] --END-- [ RunTime:0.000083s ]

[ 2016-07-02T21:35:46+08:00 ] 172.17.0.1 /Event/post
INFO: [ app_init ] --START--
INFO: Run Behavior\BuildLiteBehavior [ RunTime:0.000022s ]
INFO: [ app_init ] --END-- [ RunTime:0.000183s ]

[ 2016-07-02T21:36:12+08:00 ] 172.17.0.1 /Event/post
INFO: [ app_init ] --START--
INFO: Run Behavior\BuildLiteBehavior [ RunTime:0.000013s ]
INFO: [ app_init ] --END-- [ RunTime:0.000102s ]

[ 2016-07-02T21:36:49+08:00 ] 172.17.0.1 /Event/post
INFO: [ app_init ] --START--
INFO: Run Behavior\BuildLiteBehavior [ RunTime:0.000016s ]
INFO: [ app_init ] --END-- [ RunTime:0.000135s ]

[ 2016-07-02T21:38:04+08:00 ] 172.17.0.1 /Event/post
INFO: [ app_init ] --START--
INFO: Run Behavior\BuildLiteBehavior [ RunTime:0.000013s ]
INFO: [ app_init ] --END-- [ RunTime:0.000097s ]

[ 2016-07-02T21:38:49+08:00 ] 172.17.0.1 /Event/post
INFO: [ app_init ] --START--
INFO: Run Behavior\BuildLiteBehavior [ RunTime:0.000012s ]
INFO: [ app_init ] --END-- [ RunTime:0.000085s ]

[ 2016-07-02T21:39:00+08:00 ] 172.17.0.1 /Admin/event
INFO: [ app_init ] --START--
INFO: Run Behavior\BuildLiteBehavior [ RunTime:0.000015s ]
INFO: [ app_init ] --END-- [ RunTime:0.000126s ]

[ 2016-07-02T13:39:04+00:00 ] 172.17.0.1 /Event/post/2
INFO: [ app_init ] --START--
INFO: Run Behavior\BuildLiteBehavior [ RunTime:0.000010s ]
INFO: [ app_init ] --END-- [ RunTime:0.000078s ]

[ 2016-07-02T13:40:07+00:00 ] 172.17.0.1 /Event/post/2
INFO: [ app_init ] --START--
INFO: Run Behavior\BuildLiteBehavior [ RunTime:0.000015s ]
INFO: [ app_init ] --END-- [ RunTime:0.000124s ]

[ 2016-07-02T13:40:26+00:00 ] 172.17.0.1 /Event/post/2
INFO: [ app_init ] --START--
INFO: Run Behavior\BuildLiteBehavior [ RunTime:0.000037s ]
INFO: [ app_init ] --END-- [ RunTime:0.000204s ]

[ 2016-07-02T13:41:20+00:00 ] 172.17.0.1 /Event/post/2
INFO: [ app_init ] --START--
INFO: Run Behavior\BuildLiteBehavior [ RunTime:0.000027s ]
INFO: [ app_init ] --END-- [ RunTime:0.000177s ]

[ 2016-07-02T13:43:09+00:00 ] 172.17.0.1 /Event/post/2
INFO: [ app_init ] --START--
INFO: Run Behavior\BuildLiteBehavior [ RunTime:0.000010s ]
INFO: [ app_init ] --END-- [ RunTime:0.000080s ]

[ 2016-07-02T21:43:36+08:00 ] 172.17.0.1 /Event/submit/2
INFO: [ app_init ] --START--
INFO: Run Behavior\BuildLiteBehavior [ RunTime:0.000014s ]
INFO: [ app_init ] --END-- [ RunTime:0.000107s ]
INFO: [ app_begin ] --START--
INFO: Run Behavior\ReadHtmlCacheBehavior [ RunTime:0.000047s ]
INFO: Run Behavior\CheckLangBehavior [ RunTime:0.000244s ]
INFO: [ app_begin ] --END-- [ RunTime:0.000366s ]
INFO: [ action_begin ] --START--
INFO: Run Home\Behaviors\UserTokenBehavior [ RunTime:2.278617s ]
INFO: [ action_begin ] --END-- [ RunTime:2.278726s ]
SQL: SHOW COLUMNS FROM `event` [ RunTime:0.0009s ]
NOTIC: [8] Undefined index: id /home/Application/Home/Controller/EventController.class.php 第 69 行.
SQL: SHOW COLUMNS FROM `event` [ RunTime:0.0007s ]
SQL: UPDATE `event` SET `type`='2',`title`='{\"zh-cn\":\"\\u3010Leg8\\u3011Tour of China 2016 & \\u73af\\u4e2d\\u56fd 2016 \\u77f3\\u5bb6\\u5e84-\\u957f\\u6625\",\"en-us\":\"\\u3010Leg8\\u3011Tour of China 2016 & \\u73af\\u4e2d\\u56fd 2016 \\u77f3\\u5bb6\\u5e84-\\u957f\\u6625\"}',`detail`='{\"zh-cn\":\"\",\"en-us\":\"\"}',`banner`='http://forum.vatprc.net/uploads/monthly_06_2016/post-577-0-35561900-1467004935.png',`starttime`='1467460800',`endtime`='1467475200',`route`='[[\"ZBSJ - ZYCC\",\"JB B215 VYK W41 CDY G212 TGO\"]]',`notams`='[]',`controllers`='[[\"ZBSJ_GND\",\"0\"],[\"ZBSJ_TWR\",\"1248613\"]]',`status`='4' WHERE `id` = 2 [ RunTime:0.0006s ]
INFO: [ app_end ] --START--
INFO: Run Behavior\ShowPageTraceBehavior [ RunTime:0.000107s ]
INFO: [ app_end ] --END-- [ RunTime:0.000150s ]

[ 2016-07-02T21:43:44+08:00 ] 172.17.0.1 /Admin/event
INFO: [ app_init ] --START--
INFO: Run Behavior\BuildLiteBehavior [ RunTime:0.000011s ]
INFO: [ app_init ] --END-- [ RunTime:0.000074s ]

[ 2016-07-02T13:43:56+00:00 ] 172.17.0.1 /Event/post/2
INFO: [ app_init ] --START--
INFO: Run Behavior\BuildLiteBehavior [ RunTime:0.000020s ]
INFO: [ app_init ] --END-- [ RunTime:0.000142s ]

[ 2016-07-02T21:44:41+08:00 ] 172.17.0.1 /Index/index
INFO: [ app_init ] --START--
INFO: Run Behavior\BuildLiteBehavior [ RunTime:0.000010s ]
INFO: [ app_init ] --END-- [ RunTime:0.000074s ]

[ 2016-07-02T21:44:47+08:00 ] 172.17.0.1 /Index/index
INFO: [ app_init ] --START--
INFO: Run Behavior\BuildLiteBehavior [ RunTime:0.000015s ]
INFO: [ app_init ] --END-- [ RunTime:0.000123s ]

[ 2016-07-02T21:55:08+08:00 ] 172.17.0.1 /Event/view/2
INFO: [ app_init ] --START--
INFO: Run Behavior\BuildLiteBehavior [ RunTime:0.000015s ]
INFO: [ app_init ] --END-- [ RunTime:0.000127s ]

[ 2016-07-02T21:58:45+08:00 ] 172.17.0.1 /Event/view/2
INFO: [ app_init ] --START--
INFO: Run Behavior\BuildLiteBehavior [ RunTime:0.000018s ]
INFO: [ app_init ] --END-- [ RunTime:0.000144s ]

[ 2016-07-02T22:01:39+08:00 ] 172.17.0.1 /Event/view/2
INFO: [ app_init ] --START--
INFO: Run Behavior\BuildLiteBehavior [ RunTime:0.000014s ]
INFO: [ app_init ] --END-- [ RunTime:0.000106s ]

[ 2016-07-02T22:02:12+08:00 ] 172.17.0.1 /Event/view/2
INFO: [ app_init ] --START--
INFO: Run Behavior\BuildLiteBehavior [ RunTime:0.000011s ]
INFO: [ app_init ] --END-- [ RunTime:0.000077s ]

[ 2016-07-02T22:02:28+08:00 ] 172.17.0.1 /Event/view/2
INFO: [ app_init ] --START--
INFO: Run Behavior\BuildLiteBehavior [ RunTime:0.000022s ]
INFO: [ app_init ] --END-- [ RunTime:0.000166s ]

[ 2016-07-02T22:05:36+08:00 ] 172.17.0.1 /Event/view/2
INFO: [ app_init ] --START--
INFO: Run Behavior\BuildLiteBehavior [ RunTime:0.000016s ]
INFO: [ app_init ] --END-- [ RunTime:0.000130s ]

[ 2016-07-02T22:08:58+08:00 ] 172.17.0.1 /Event/controller/2/0
INFO: [ app_init ] --START--
INFO: Run Behavior\BuildLiteBehavior [ RunTime:0.000015s ]
INFO: [ app_init ] --END-- [ RunTime:0.000146s ]

[ 2016-07-02T22:09:03+08:00 ] 172.17.0.1 /Event/view/2
INFO: [ app_init ] --START--
INFO: Run Behavior\BuildLiteBehavior [ RunTime:0.000015s ]
INFO: [ app_init ] --END-- [ RunTime:0.000106s ]

[ 2016-07-02T22:09:22+08:00 ] 172.17.0.1 /Event/controller/2/0
INFO: [ app_init ] --START--
INFO: Run Behavior\BuildLiteBehavior [ RunTime:0.000012s ]
INFO: [ app_init ] --END-- [ RunTime:0.000097s ]

[ 2016-07-02T22:09:26+08:00 ] 172.17.0.1 /Event/view/2
INFO: [ app_init ] --START--
INFO: Run Behavior\BuildLiteBehavior [ RunTime:0.000011s ]
INFO: [ app_init ] --END-- [ RunTime:0.000077s ]

[ 2016-07-02T22:11:34+08:00 ] 172.17.0.1 /Event/controller/2/0
INFO: [ app_init ] --START--
INFO: Run Behavior\BuildLiteBehavior [ RunTime:0.000017s ]
INFO: [ app_init ] --END-- [ RunTime:0.000127s ]

[ 2016-07-02T22:13:25+08:00 ] 172.17.0.1 /Event/controller/2/0
INFO: [ app_init ] --START--
INFO: Run Behavior\BuildLiteBehavior [ RunTime:0.000024s ]
INFO: [ app_init ] --END-- [ RunTime:0.000180s ]

[ 2016-07-02T22:13:38+08:00 ] 172.17.0.1 /Event/view/2
INFO: [ app_init ] --START--
INFO: Run Behavior\BuildLiteBehavior [ RunTime:0.000011s ]
INFO: [ app_init ] --END-- [ RunTime:0.000083s ]

[ 2016-07-02T22:13:41+08:00 ] 172.17.0.1 /Event/view/2
INFO: [ app_init ] --START--
INFO: Run Behavior\BuildLiteBehavior [ RunTime:0.000014s ]
INFO: [ app_init ] --END-- [ RunTime:0.000099s ]

[ 2016-07-02T22:13:48+08:00 ] 172.17.0.1 /Event/controller/2/0
INFO: [ app_init ] --START--
INFO: Run Behavior\BuildLiteBehavior [ RunTime:0.000012s ]
INFO: [ app_init ] --END-- [ RunTime:0.000085s ]

[ 2016-07-02T22:13:54+08:00 ] 172.17.0.1 /Event/view/2
INFO: [ app_init ] --START--
INFO: Run Behavior\BuildLiteBehavior [ RunTime:0.000018s ]
INFO: [ app_init ] --END-- [ RunTime:0.000117s ]

[ 2016-07-02T22:14:00+08:00 ] 172.17.0.1 /Event/view/2
INFO: [ app_init ] --START--
INFO: Run Behavior\BuildLiteBehavior [ RunTime:0.000015s ]
INFO: [ app_init ] --END-- [ RunTime:0.000100s ]

[ 2016-07-02T22:14:36+08:00 ] 172.17.0.1 /Event/controller/2/0
INFO: [ app_init ] --START--
INFO: Run Behavior\BuildLiteBehavior [ RunTime:0.000016s ]
INFO: [ app_init ] --END-- [ RunTime:0.000118s ]

[ 2016-07-02T22:14:43+08:00 ] 172.17.0.1 /Event/view/2
INFO: [ app_init ] --START--
INFO: Run Behavior\BuildLiteBehavior [ RunTime:0.000019s ]
INFO: [ app_init ] --END-- [ RunTime:0.000165s ]

[ 2016-07-02T22:15:04+08:00 ] 172.17.0.1 /Event/view/2
INFO: [ app_init ] --START--
INFO: Run Behavior\BuildLiteBehavior [ RunTime:0.000015s ]
INFO: [ app_init ] --END-- [ RunTime:0.000120s ]

[ 2016-07-02T22:16:02+08:00 ] 172.17.0.1 /Event/view/2
INFO: [ app_init ] --START--
INFO: Run Behavior\BuildLiteBehavior [ RunTime:0.000015s ]
INFO: [ app_init ] --END-- [ RunTime:0.000122s ]

[ 2016-07-02T22:16:26+08:00 ] 172.17.0.1 /Event/view/2
INFO: [ app_init ] --START--
INFO: Run Behavior\BuildLiteBehavior [ RunTime:0.000017s ]
INFO: [ app_init ] --END-- [ RunTime:0.000125s ]

[ 2016-07-02T22:20:14+08:00 ] 172.17.0.1 /Event/view/2
INFO: [ app_init ] --START--
INFO: Run Behavior\BuildLiteBehavior [ RunTime:0.000012s ]
INFO: [ app_init ] --END-- [ RunTime:0.000098s ]

[ 2016-07-02T22:21:12+08:00 ] 172.17.0.1 /Event/controller/2/0
INFO: [ app_init ] --START--
INFO: Run Behavior\BuildLiteBehavior [ RunTime:0.000010s ]
INFO: [ app_init ] --END-- [ RunTime:0.000078s ]

[ 2016-07-02T22:21:19+08:00 ] 172.17.0.1 /Event/view/2
INFO: [ app_init ] --START--
INFO: Run Behavior\BuildLiteBehavior [ RunTime:0.000014s ]
INFO: [ app_init ] --END-- [ RunTime:0.000095s ]

[ 2016-07-02T22:24:14+08:00 ] 172.17.0.1 /Event/view/2
INFO: [ app_init ] --START--
INFO: Run Behavior\BuildLiteBehavior [ RunTime:0.000011s ]
INFO: [ app_init ] --END-- [ RunTime:0.000078s ]

[ 2016-07-02T22:30:26+08:00 ] 172.17.0.1 /Event/view/2
INFO: [ app_init ] --START--
INFO: Run Behavior\BuildLiteBehavior [ RunTime:0.000010s ]
INFO: [ app_init ] --END-- [ RunTime:0.000079s ]

[ 2016-07-02T22:31:21+08:00 ] 172.17.0.1 /Event/view/2
INFO: [ app_init ] --START--
INFO: Run Behavior\BuildLiteBehavior [ RunTime:0.000011s ]
INFO: [ app_init ] --END-- [ RunTime:0.000078s ]

[ 2016-07-02T22:31:51+08:00 ] 172.17.0.1 /Event/view/2
INFO: [ app_init ] --START--
INFO: Run Behavior\BuildLiteBehavior [ RunTime:0.000033s ]
INFO: [ app_init ] --END-- [ RunTime:0.000144s ]

[ 2016-07-02T22:32:07+08:00 ] 172.17.0.1 /Event/view/2
INFO: [ app_init ] --START--
INFO: Run Behavior\BuildLiteBehavior [ RunTime:0.000010s ]
INFO: [ app_init ] --END-- [ RunTime:0.000080s ]

[ 2016-07-02T22:32:35+08:00 ] 172.17.0.1 /Event/view/2
INFO: [ app_init ] --START--
INFO: Run Behavior\BuildLiteBehavior [ RunTime:0.000011s ]
INFO: [ app_init ] --END-- [ RunTime:0.000082s ]

[ 2016-07-02T22:32:52+08:00 ] 172.17.0.1 /Event/view/2
INFO: [ app_init ] --START--
INFO: Run Behavior\BuildLiteBehavior [ RunTime:0.000025s ]
INFO: [ app_init ] --END-- [ RunTime:0.000169s ]

[ 2016-07-02T22:33:04+08:00 ] 172.17.0.1 /Event/view/2
INFO: [ app_init ] --START--
INFO: Run Behavior\BuildLiteBehavior [ RunTime:0.000011s ]
INFO: [ app_init ] --END-- [ RunTime:0.000081s ]

[ 2016-07-02T22:34:27+08:00 ] 172.17.0.1 /Event/view/2
INFO: [ app_init ] --START--
INFO: Run Behavior\BuildLiteBehavior [ RunTime:0.000011s ]
INFO: [ app_init ] --END-- [ RunTime:0.000081s ]

[ 2016-07-02T22:34:35+08:00 ] 172.17.0.1 /Event/controller/2/1
INFO: [ app_init ] --START--
INFO: Run Behavior\BuildLiteBehavior [ RunTime:0.000015s ]
INFO: [ app_init ] --END-- [ RunTime:0.000145s ]

[ 2016-07-02T22:34:37+08:00 ] 172.17.0.1 /Event/view/2
INFO: [ app_init ] --START--
INFO: Run Behavior\BuildLiteBehavior [ RunTime:0.000013s ]
INFO: [ app_init ] --END-- [ RunTime:0.000091s ]

[ 2016-07-02T22:34:41+08:00 ] 172.17.0.1 /Event/controller/2/0
INFO: [ app_init ] --START--
INFO: Run Behavior\BuildLiteBehavior [ RunTime:0.000012s ]
INFO: [ app_init ] --END-- [ RunTime:0.000084s ]

[ 2016-07-02T22:34:44+08:00 ] 172.17.0.1 /Event/view/2
INFO: [ app_init ] --START--
INFO: Run Behavior\BuildLiteBehavior [ RunTime:0.000011s ]
INFO: [ app_init ] --END-- [ RunTime:0.000071s ]

[ 2016-07-02T22:36:56+08:00 ] 172.17.0.1 /Event/view/2
INFO: [ app_init ] --START--
INFO: Run Behavior\BuildLiteBehavior [ RunTime:0.000011s ]
INFO: [ app_init ] --END-- [ RunTime:0.000084s ]

[ 2016-07-02T22:37:16+08:00 ] 172.17.0.1 /Event/view/2
INFO: [ app_init ] --START--
INFO: Run Behavior\BuildLiteBehavior [ RunTime:0.000033s ]
INFO: [ app_init ] --END-- [ RunTime:0.000161s ]

[ 2016-07-02T22:37:26+08:00 ] 172.17.0.1 /Event/view/2
INFO: [ app_init ] --START--
INFO: Run Behavior\BuildLiteBehavior [ RunTime:0.000018s ]
INFO: [ app_init ] --END-- [ RunTime:0.000126s ]

